nohup: ignoring input
[16:44:10] 📋 EVM聪明钱加载: BSC 290个 Base 73个
[16:44:10] 🚀 三链扫描系统启动
[16:44:10] ================================
[16:44:10]   Solana私有聪明钱: 127个
[16:44:10]   BSC聪明钱: 290个 | Base聪明钱: 73个
[16:44:11] 🚫 过滤掉 62 个钓鱼钱包，剩余 352 个
[16:44:11] 🔄 聪明钱列表更新: 352个地址
[16:44:11] ✅ 系统就绪
[16:44:11]   - WebSocket: Solana/BSC/Base 毫秒级
[16:44:11]   - 聪明钱跟单: WebSocket实时
[16:44:11]   - 横盘扫描: 30分钟一轮
[16:44:11]   - 升降级检查: 1小时一轮
[16:44:11] ================================
[16:44:13] 🟢 [BSC] WebSocket已连接
[16:44:13] 👁️ [BSC] 监听Mempool+新区块（backrunning模式）
[16:44:13] 🟢 [SOLANA] WebSocket已连接
[16:44:13] 👁️ [SOL] transactionSubscribe监听 352 个聪明钱（秒级跟单）
[16:44:14] 🟢 [BASE] WebSocket已连接
[16:44:14] 👁️ [BASE] 监听Mempool+新区块（backrunning模式）
[16:44:26] 🔍 开始横盘扫描...
[16:44:26] [SOLANA] 扫描失败: Command failed: cd /root/.openclaw/workspace && /root/.local/bin/onchainos market memepump-tokens solana --stage MIGRATED 2>/dev/null
[16:44:33] [BSC] 初筛 7 个候选
[16:44:36] [BASE] GeckoTerminal 初筛 5 个候选
[16:44:41] 🔍 开始检测钓鱼钱包...

获取到 100 条信号

========== 钓鱼钱包检测结果 ==========
分析钱包数: 180
🚨 确认钓鱼: 42 个
⚠️ 可疑: 32 个
✅ 正常: 106 个

🚨 确认钓鱼钱包:
  Ditqrk2Zmr1Y... | 钓鱼分:100.0 | 交易:2次 | 高卖出:100% | 新币:100% | 小市值:100%
  42ViMQ887Ght... | 钓鱼分:100.0 | 交易:2次 | 高卖出:100% | 新币:100% | 小市值:100%
  8QspPJzW5s1D... | 钓鱼分:100.0 | 交易:2次 | 高卖出:100% | 新币:100% | 小市值:100%
  5E4BEvVnYNf6... | 钓鱼分:100.0 | 交易:2次 | 高卖出:100% | 新币:100% | 小市值:100%
  2QDjVhgWAQMY... | 钓鱼分:100.0 | 交易:2次 | 高卖出:100% | 新币:100% | 小市值:100%
  C8s1FGHFM87q... | 钓鱼分:100.0 | 交易:2次 | 高卖出:100% | 新币:100% | 小市值:100%
  6Tq8geNznVhH... | 钓鱼分:100.0 | 交易:3次 | 高卖出:100% | 新币:100% | 小市值:100%
  7jBFUgWdcSiv... | 钓鱼分:100.0 | 交易:2次 | 高卖出:100% | 新币:100% | 小市值:100%
  gzEcS8vSagG2... | 钓鱼分:100.0 | 交易:2次 | 高卖出:100% | 新币:100% | 小市值:100%
  8NFV3R5VVRE9... | 钓鱼分:86.7 | 交易:3次 | 高卖出:67% | 新币:100% | 小市值:100%
  7oMM74WHgNT8... | 钓鱼分:86.7 | 交易:3次 | 高卖出:67% | 新币:100% | 小市值:100%
  9ARYnxfn8eaY... | 钓鱼分:86.0 | 交易:5次 | 高卖出:80% | 新币:100% | 小市值:80%
  ADPCcUUS2qmS... | 钓鱼分:82.5 | 交易:4次 | 高卖出:75% | 新币:100% | 小市值:75%
  BYSkb5VBtb1M... | 钓鱼分:82.5 | 交易:4次 | 高卖出:75% | 新币:100% | 小市值:75%
  B13SSh4pMuXS... | 钓鱼分:81.7 | 交易:6次 | 高卖出:67% | 新币:100% | 小市值:83%
  AAbnUKvGS7w4... | 钓鱼分:80.0 | 交易:4次 | 高卖出:50% | 新币:100% | 小市值:100%
  CVyfqH3k51ks... | 钓鱼分:80.0 | 交易:2次 | 高卖出:50% | 新币:100% | 小市值:100%
  64wjmWCRx92U... | 钓鱼分:80.0 | 交易:2次 | 高卖出:50% | 新币:100% | 小市值:100%
  AVY74B271rKH... | 钓鱼分:80.0 | 交易:2次 | 高卖出:50% | 新币:100% | 小市值:100%
  HKE7nbtRZX1w... | 钓鱼分:73.3 | 交易:3次 | 高卖出:33% | 新币:100% | 小市值:100%
  CMkDGqxGDvuD... | 钓鱼分:70.0 | 交易:10次 | 高卖出:70% | 新币:100% | 小市值:40%
  dATMod1UTXYz... | 钓鱼分:70.0 | 交易:5次 | 高卖出:40% | 新币:100% | 小市值:80%
  7WRGcwujxjot... | 钓鱼分:70.0 | 交易:2次 | 高卖出:100% | 新币:100% | 小市值:0%
  FWNFf9ktTnvh... | 钓鱼分:70.0 | 交易:2次 | 高卖出:100% | 新币:100% | 小市值:0%
  DfNscQeXdCQp... | 钓鱼分:70.0 | 交易:3次 | 高卖出:100% | 新币:100% | 小市值:0%
  DM7oPxbE9vWh... | 钓鱼分:70.0 | 交易:3次 | 高卖出:100% | 新币:100% | 小市值:0%
  B3JyPD3t9ufZ... | 钓鱼分:70.0 | 交易:2次 | 高卖出:100% | 新币:100% | 小市值:0%
  F1m5PSaeH9XP... | 钓鱼分:67.5 | 交易:4次 | 高卖出:75% | 新币:100% | 小市值:25%
  EnZULEJoHuYM... | 钓鱼分:65.0 | 交易:2次 | 高卖出:50% | 新币:100% | 小市值:50%
  A2QUUYBnN8Lg... | 钓鱼分:65.0 | 交易:2次 | 高卖出:50% | 新币:100% | 小市值:50%
  GehjZt9rmrg7... | 钓鱼分:65.0 | 交易:2次 | 高卖出:50% | 新币:100% | 小市值:50%
  Geb9EDRMi9JL... | 钓鱼分:65.0 | 交易:2次 | 高卖出:50% | 新币:100% | 小市值:50%
  F7iaZNqo48fK... | 钓鱼分:65.0 | 交易:2次 | 高卖出:50% | 新币:100% | 小市值:50%
  EozzmVqzxdUy... | 钓鱼分:65.0 | 交易:2次 | 高卖出:50% | 新币:100% | 小市值:50%
  Eni7QBCPBnfg... | 钓鱼分:65.0 | 交易:2次 | 高卖出:50% | 新币:100% | 小市值:50%
  7AT8Xeo1cG12... | 钓鱼分:65.0 | 交易:2次 | 高卖出:50% | 新币:100% | 小市值:50%
  2Bxc5FvEHhKy... | 钓鱼分:65.0 | 交易:4次 | 高卖出:50% | 新币:100% | 小市值:50%
  AgcWM8UNFkHx... | 钓鱼分:65.0 | 交易:2次 | 高卖出:50% | 新币:100% | 小市值:50%
  FMg9JhbEEhHR... | 钓鱼分:63.3 | 交易:3次 | 高卖出:33% | 新币:100% | 小市值:67%
  7Wxg8nFNyU4u... | 钓鱼分:63.3 | 交易:3次 | 高卖出:33% | 新币:100% | 小市值:67%
  9nP8diLFigo1... | 钓鱼分:63.3 | 交易:3次 | 高卖出:33% | 新币:100% | 小市值:67%
  98RDP3cVxQ5v... | 钓鱼分:62.0 | 交易:5次 | 高卖出:80% | 新币:100% | 小市值:0%

⚠️ 可疑钱包:
  7neYz9CNdDG5... | 钓鱼分:60.0 | 交易:3次 | 高卖出:0% | 新币:100%
  9Kimac6DaCUF... | 钓鱼分:60.0 | 交易:2次 | 高卖出:0% | 新币:100%
  2BHv75eMwiev... | 钓鱼分:60.0 | 交易:2次 | 高卖出:0% | 新币:100%
  BtW2Dh7ACiPi... | 钓鱼分:60.0 | 交易:11次 | 高卖出:55% | 新币:100%
  2PqTZEARmE8M... | 钓鱼分:60.0 | 交易:2次 | 高卖出:0% | 新币:100%
  Bhu5cizPCJGx... | 钓鱼分:60.0 | 交易:2次 | 高卖出:0% | 新币:100%
  HENc7HBwHzvr... | 钓鱼分:60.0 | 交易:2次 | 高卖出:0% | 新币:100%
  EV32H1q8TTvM... | 钓鱼分:60.0 | 交易:2次 | 高卖出:0% | 新币:100%
  FtNreUw7WVvA... | 钓鱼分:60.0 | 交易:2次 | 高卖出:0% | 新币:100%
  FmWKN36kiu1e... | 钓鱼分:60.0 | 交易:2次 | 高卖出:0% | 新币:100%

💾 黑名单已保存到 /root/.openclaw/workspace/crypto/bait_blacklist.json
[16:44:41] 🚫 钓鱼黑名单更新: 74个地址
[16:45:11] 🔍 [BSC] 开始识别聪明钱...
  找到 9 个代币（热门+新池）
  分析 Hachiko / WBNB (0xf1c599e9...)
  分析 QClaw / WBNB (0x9eae0c56...)
  分析 POWER / USDT 0.007% (0x9dc44ae5...)
  分析 quq / USDT 0.01% (0x4fa7c69a...)
  分析 BSB / USDT 0.007% (0x595deaad...)
  分析 MGO / WBNB 0.01% (0x5e0d6791...)
  分析 RAVE / USDT 0.007% (0x97693439...)
  分析 MARS / WBNB (0xaed5cb15...)
  分析 WMTX / USDT 0.01% (0xdbb5cf12...)
[16:45:19] ✅ [BSC] 识别出 34 个聪明钱
[16:45:19] 🔍 [BASE] 开始识别聪明钱...
  找到 3 个代币（热门+新池）
  分析 LITCOIN / WETH (0x316ffb9c...)
  分析 MOLT / WETH (0xb695559b...)
  分析 BOTCOIN / WETH (0xa6018779...)
[16:45:21] ✅ [BASE] 识别出 28 个聪明钱

💾 已保存到 /root/.openclaw/workspace/crypto/evm_smart_money.json
BSC: 283 个 (新增29 移除36)
Base: 97 个 (新增24 移除0)
[16:45:21] 🔄 EVM聪明钱更新: BSC 283个(+29/-36) Base 97个(+24/-0)
[dotenv@17.3.1] injecting env (2) from .env -- tip: 🛠️  run anywhere with `dotenvx run -- yourcommand`
[16:49:11] 🔍 开始Solana聪明钱识别...
[16:49:13] 📋 找到 24 个候选代币
[16:49:13]   分析 OILLESS / SOL (DoBAMMqc...)
[16:49:13]   分析 $michi / SOL (5mbK36SZ...)
[16:49:13]   分析 Nana / SOL (BWJ7zJau...)
[16:49:14]   分析 GROKIUS / SOL (67ezHLk8...)
[16:49:14]   分析 Everest / SOL (CBU48LhF...)
[16:49:14]   分析 SIRI / SOL (d4VnSVqa...)
[16:49:15]   分析 XPD / SOL (26HijyQR...)
[16:49:15]   分析 BILLY / SOL (3B5wuUrM...)
[16:49:15]   分析 Pippkin / SOL (6ydMmFRa...)
[16:49:16]   分析 OILINU / SOL (GJqCjtgE...)
[16:49:16]   分析 Lobstar / SOL (AVF9F4C4...)
[16:49:16]   分析 Miracil D / SOL (8yW8gpJh...)
[16:49:16]   分析 Sea / SOL (JE7KiZjq...)
[16:49:17]   分析 E33 PPL22 / SOL (GqcJxXkT...)
[16:49:17]   分析 BV69 / SOL (2oGzYvXf...)
[16:49:17]   分析 NBLA / SOL (EXBmmUb6...)
[16:49:18]   分析 U.S COIN / SOL (7BLcqMP3...)
[16:49:18]   分析 blacksjepj / SOL (9Qh12mNt...)
[16:49:18]   分析 SOS / SOL (HY2cJWPk...)
[16:49:19]   分析 SLx / SOL (CiUzMyc6...)
[16:49:19]   分析 SOS / SOL (BWR2s49Y...)
[16:49:19]   分析 Miracil D / SOL (9UJBaDeq...)
[16:49:20]   分析 OILLESS / SOL (E1AAqTtH...)
[16:49:20]   分析 OIL / SOL (2y1j9K6C...)
[16:49:20] ✅ 识别出 0 个Solana聪明钱
[16:49:20] 💾 保存: 98个钱包 (自动0 + 锁定0 + 历史保留)
[16:49:20] 🔄 Solana聪明钱更新: 98个 (自动0 + 锁定0)
