[00:19:05] 📋 EVM聪明钱加载: BSC 371个 Base 46个
[00:19:05] 🚀 三链扫描系统启动
[00:19:05] ================================
[00:19:05]   Solana私有聪明钱: 50个
[00:19:05]   BSC聪明钱: 371个 | Base聪明钱: 46个
[00:19:05] 🚫 过滤掉 60 个钓鱼钱包，剩余 237 个
[00:19:05] 🔄 聪明钱列表更新: 237个地址
[00:19:05] ✅ 系统就绪
[00:19:05]   - WebSocket: Solana/BSC/Base 毫秒级
[00:19:05]   - 聪明钱跟单: WebSocket实时
[00:19:05]   - 横盘扫描: 30分钟一轮
[00:19:05]   - 升降级检查: 1小时一轮
[00:19:05] ================================
[00:19:06] 🟢 [SOLANA] WebSocket已连接
[00:19:06] 👁️ [SOL] transactionSubscribe监听 237 个聪明钱（秒级跟单）
[00:19:08] 🟢 [BASE] WebSocket已连接
[00:19:08] 👁️ [BASE] 监听Mempool+新区块（backrunning模式）
[00:19:09] 🟢 [BSC] WebSocket已连接
[00:19:09] 👁️ [BSC] 监听Mempool+新区块（backrunning模式）
[00:19:20] 🔍 开始横盘扫描...
[00:19:33] [SOLANA] 初筛 4 个候选
[00:19:35] 🔍 开始检测钓鱼钱包...

获取到 100 条信号

========== 钓鱼钱包检测结果 ==========
分析钱包数: 187
🚨 确认钓鱼: 41 个
⚠️ 可疑: 35 个
✅ 正常: 111 个

🚨 确认钓鱼钱包:
  KaD24VoGCyWK... | 钓鱼分:100.0 | 交易:2次 | 高卖出:100% | 新币:100% | 小市值:100%
  GsQBB4z7RHGu... | 钓鱼分:100.0 | 交易:3次 | 高卖出:100% | 新币:100% | 小市值:100%
  42ViMQ887Ght... | 钓鱼分:100.0 | 交易:2次 | 高卖出:100% | 新币:100% | 小市值:100%
  7WRGcwujxjot... | 钓鱼分:100.0 | 交易:2次 | 高卖出:100% | 新币:100% | 小市值:100%
  24yHGoN1xwk2... | 钓鱼分:86.7 | 交易:3次 | 高卖出:67% | 新币:100% | 小市值:100%
  AgecAR8Dmjge... | 钓鱼分:85.0 | 交易:2次 | 高卖出:100% | 新币:100% | 小市值:50%
  D9zoWbMQhXjt... | 钓鱼分:80.0 | 交易:2次 | 高卖出:50% | 新币:100% | 小市值:100%
  EH4GRME1ZHLA... | 钓鱼分:80.0 | 交易:2次 | 高卖出:50% | 新币:100% | 小市值:100%
  D41ikn2mLjGT... | 钓鱼分:80.0 | 交易:2次 | 高卖出:50% | 新币:100% | 小市值:100%
  8NFV3R5VVRE9... | 钓鱼分:80.0 | 交易:2次 | 高卖出:50% | 新币:100% | 小市值:100%
  BGGJhxGXeTmz... | 钓鱼分:80.0 | 交易:3次 | 高卖出:100% | 新币:100% | 小市值:33%
  gAd5gDX6jn9m... | 钓鱼分:80.0 | 交易:3次 | 高卖出:100% | 新币:100% | 小市值:33%
  59vG2TNo7XaA... | 钓鱼分:80.0 | 交易:2次 | 高卖出:50% | 新币:100% | 小市值:100%
  EnZULEJoHuYM... | 钓鱼分:80.0 | 交易:2次 | 高卖出:50% | 新币:100% | 小市值:100%
  7neYz9CNdDG5... | 钓鱼分:80.0 | 交易:2次 | 高卖出:50% | 新币:100% | 小市值:100%
  Eni7QBCPBnfg... | 钓鱼分:80.0 | 交易:2次 | 高卖出:50% | 新币:100% | 小市值:100%
  9ARYnxfn8eaY... | 钓鱼分:75.0 | 交易:6次 | 高卖出:50% | 新币:100% | 小市值:83%
  2BHv75eMwiev... | 钓鱼分:73.3 | 交易:3次 | 高卖出:33% | 新币:100% | 小市值:100%
  FMg9JhbEEhHR... | 钓鱼分:73.3 | 交易:3次 | 高卖出:33% | 新币:100% | 小市值:100%
  7Wxg8nFNyU4u... | 钓鱼分:73.3 | 交易:3次 | 高卖出:33% | 新币:100% | 小市值:100%
  CMkDGqxGDvuD... | 钓鱼分:70.0 | 交易:11次 | 高卖出:45% | 新币:100% | 小市值:73%
  DqbDCjx91iEE... | 钓鱼分:70.0 | 交易:2次 | 高卖出:100% | 新币:100% | 小市值:0%
  GXn7oBn9Bi71... | 钓鱼分:70.0 | 交易:2次 | 高卖出:100% | 新币:100% | 小市值:0%
  ENm45RtsB1LE... | 钓鱼分:70.0 | 交易:2次 | 高卖出:100% | 新币:100% | 小市值:0%
  4pFHW3GxWxBG... | 钓鱼分:70.0 | 交易:2次 | 高卖出:100% | 新币:100% | 小市值:0%
  E1kgKL49vjs7... | 钓鱼分:70.0 | 交易:2次 | 高卖出:100% | 新币:100% | 小市值:0%
  Cdr4vp1rNZvZ... | 钓鱼分:70.0 | 交易:2次 | 高卖出:100% | 新币:100% | 小市值:0%
  BirpBeReZhHk... | 钓鱼分:70.0 | 交易:2次 | 高卖出:100% | 新币:100% | 小市值:0%
  3QZmfTRmpYqo... | 钓鱼分:70.0 | 交易:3次 | 高卖出:100% | 新币:100% | 小市值:0%
  8UT4YC6yxbu2... | 钓鱼分:70.0 | 交易:3次 | 高卖出:100% | 新币:100% | 小市值:0%
  5Cs3hZ28xujc... | 钓鱼分:70.0 | 交易:2次 | 高卖出:100% | 新币:100% | 小市值:0%
  FWNFf9ktTnvh... | 钓鱼分:70.0 | 交易:2次 | 高卖出:100% | 新币:100% | 小市值:0%
  EozzmVqzxdUy... | 钓鱼分:66.7 | 交易:3次 | 高卖出:67% | 新币:100% | 小市值:33%
  BtW2Dh7ACiPi... | 钓鱼分:65.6 | 交易:9次 | 高卖出:56% | 新币:100% | 小市值:44%
  GehjZt9rmrg7... | 钓鱼分:65.0 | 交易:2次 | 高卖出:50% | 新币:100% | 小市值:50%
  Geb9EDRMi9JL... | 钓鱼分:65.0 | 交易:2次 | 高卖出:50% | 新币:100% | 小市值:50%
  BdyTbV1Ax1XU... | 钓鱼分:65.0 | 交易:2次 | 高卖出:50% | 新币:100% | 小市值:50%
  8Fb1HWGpyopD... | 钓鱼分:63.3 | 交易:6次 | 高卖出:33% | 新币:100% | 小市值:67%
  4tBE6E7ULJXu... | 钓鱼分:63.3 | 交易:9次 | 高卖出:67% | 新币:100% | 小市值:22%
  ADPCcUUS2qmS... | 钓鱼分:62.5 | 交易:4次 | 高卖出:25% | 新币:100% | 小市值:75%
  dATMod1UTXYz... | 钓鱼分:61.7 | 交易:6次 | 高卖出:17% | 新币:100% | 小市值:83%

⚠️ 可疑钱包:
  DC8TPSRdCY3k... | 钓鱼分:60.0 | 交易:2次 | 高卖出:0% | 新币:100%
  7ugonBcr8pJ1... | 钓鱼分:60.0 | 交易:2次 | 高卖出:0% | 新币:100%
  HDsxJuZSBRhi... | 钓鱼分:60.0 | 交易:4次 | 高卖出:0% | 新币:100%
  9nP8diLFigo1... | 钓鱼分:60.0 | 交易:3次 | 高卖出:0% | 新币:100%
  2PqTZEARmE8M... | 钓鱼分:60.0 | 交易:2次 | 高卖出:0% | 新币:100%
  Bhu5cizPCJGx... | 钓鱼分:60.0 | 交易:2次 | 高卖出:0% | 新币:100%
  HENc7HBwHzvr... | 钓鱼分:60.0 | 交易:2次 | 高卖出:0% | 新币:100%
  8QspPJzW5s1D... | 钓鱼分:60.0 | 交易:2次 | 高卖出:0% | 新币:100%
  AAbnUKvGS7w4... | 钓鱼分:60.0 | 交易:4次 | 高卖出:0% | 新币:100%
  EV32H1q8TTvM... | 钓鱼分:60.0 | 交易:2次 | 高卖出:0% | 新币:100%

💾 黑名单已保存到 /root/.openclaw/workspace/crypto/bait_blacklist.json
[00:19:36] 🚫 钓鱼黑名单更新: 76个地址
[00:19:39] [BSC] 初筛 4 个候选
[00:19:43] [BASE] GeckoTerminal 初筛 4 个候选
[00:20:07] 📋 EVM聪明钱加载: BSC 371个 Base 46个
[00:20:07] 🚀 三链扫描系统启动
[00:20:07] ================================
[00:20:07]   Solana私有聪明钱: 50个
[00:20:07]   BSC聪明钱: 371个 | Base聪明钱: 46个
[00:20:07] 🚫 过滤掉 64 个钓鱼钱包，剩余 233 个
[00:20:07] 🔄 聪明钱列表更新: 233个地址
[00:20:07] ✅ 系统就绪
[00:20:07]   - WebSocket: Solana/BSC/Base 毫秒级
[00:20:07]   - 聪明钱跟单: WebSocket实时
[00:20:07]   - 横盘扫描: 30分钟一轮
[00:20:07]   - 升降级检查: 1小时一轮
[00:20:07] ================================
[00:20:09] 🟢 [BSC] WebSocket已连接
[00:20:09] 👁️ [BSC] 监听Mempool+新区块（backrunning模式）
[00:20:09] 🟢 [SOLANA] WebSocket已连接
[00:20:09] 👁️ [SOL] transactionSubscribe监听 233 个聪明钱（秒级跟单）
[00:20:10] 🟢 [BASE] WebSocket已连接
[00:20:10] 👁️ [BASE] 监听Mempool+新区块（backrunning模式）
[00:20:22] 🔍 开始横盘扫描...
[00:20:30] [SOLANA] 初筛 3 个候选
[00:20:38] [BSC] 初筛 4 个候选
[00:20:38] 🔍 开始检测钓鱼钱包...

获取到 100 条信号

========== 钓鱼钱包检测结果 ==========
分析钱包数: 189
🚨 确认钓鱼: 41 个
⚠️ 可疑: 34 个
✅ 正常: 114 个

🚨 确认钓鱼钱包:
  KaD24VoGCyWK... | 钓鱼分:100.0 | 交易:2次 | 高卖出:100% | 新币:100% | 小市值:100%
  GsQBB4z7RHGu... | 钓鱼分:100.0 | 交易:3次 | 高卖出:100% | 新币:100% | 小市值:100%
  42ViMQ887Ght... | 钓鱼分:100.0 | 交易:2次 | 高卖出:100% | 新币:100% | 小市值:100%
  7WRGcwujxjot... | 钓鱼分:100.0 | 交易:2次 | 高卖出:100% | 新币:100% | 小市值:100%
  24yHGoN1xwk2... | 钓鱼分:86.7 | 交易:3次 | 高卖出:67% | 新币:100% | 小市值:100%
  AgecAR8Dmjge... | 钓鱼分:85.0 | 交易:2次 | 高卖出:100% | 新币:100% | 小市值:50%
  D9zoWbMQhXjt... | 钓鱼分:80.0 | 交易:2次 | 高卖出:50% | 新币:100% | 小市值:100%
  EH4GRME1ZHLA... | 钓鱼分:80.0 | 交易:2次 | 高卖出:50% | 新币:100% | 小市值:100%
  D41ikn2mLjGT... | 钓鱼分:80.0 | 交易:2次 | 高卖出:50% | 新币:100% | 小市值:100%
  8NFV3R5VVRE9... | 钓鱼分:80.0 | 交易:2次 | 高卖出:50% | 新币:100% | 小市值:100%
  BGGJhxGXeTmz... | 钓鱼分:80.0 | 交易:3次 | 高卖出:100% | 新币:100% | 小市值:33%
  gAd5gDX6jn9m... | 钓鱼分:80.0 | 交易:3次 | 高卖出:100% | 新币:100% | 小市值:33%
  59vG2TNo7XaA... | 钓鱼分:80.0 | 交易:2次 | 高卖出:50% | 新币:100% | 小市值:100%
  EnZULEJoHuYM... | 钓鱼分:80.0 | 交易:2次 | 高卖出:50% | 新币:100% | 小市值:100%
  7neYz9CNdDG5... | 钓鱼分:80.0 | 交易:2次 | 高卖出:50% | 新币:100% | 小市值:100%
  Eni7QBCPBnfg... | 钓鱼分:80.0 | 交易:2次 | 高卖出:50% | 新币:100% | 小市值:100%
  9ARYnxfn8eaY... | 钓鱼分:75.0 | 交易:6次 | 高卖出:50% | 新币:100% | 小市值:83%
  2BHv75eMwiev... | 钓鱼分:73.3 | 交易:3次 | 高卖出:33% | 新币:100% | 小市值:100%
  FMg9JhbEEhHR... | 钓鱼分:73.3 | 交易:3次 | 高卖出:33% | 新币:100% | 小市值:100%
  7Wxg8nFNyU4u... | 钓鱼分:73.3 | 交易:3次 | 高卖出:33% | 新币:100% | 小市值:100%
  CMkDGqxGDvuD... | 钓鱼分:70.0 | 交易:11次 | 高卖出:45% | 新币:100% | 小市值:73%
  DqbDCjx91iEE... | 钓鱼分:70.0 | 交易:2次 | 高卖出:100% | 新币:100% | 小市值:0%
  GXn7oBn9Bi71... | 钓鱼分:70.0 | 交易:2次 | 高卖出:100% | 新币:100% | 小市值:0%
  ENm45RtsB1LE... | 钓鱼分:70.0 | 交易:2次 | 高卖出:100% | 新币:100% | 小市值:0%
  4pFHW3GxWxBG... | 钓鱼分:70.0 | 交易:2次 | 高卖出:100% | 新币:100% | 小市值:0%
  E1kgKL49vjs7... | 钓鱼分:70.0 | 交易:2次 | 高卖出:100% | 新币:100% | 小市值:0%
  Cdr4vp1rNZvZ... | 钓鱼分:70.0 | 交易:2次 | 高卖出:100% | 新币:100% | 小市值:0%
  BirpBeReZhHk... | 钓鱼分:70.0 | 交易:2次 | 高卖出:100% | 新币:100% | 小市值:0%
  3QZmfTRmpYqo... | 钓鱼分:70.0 | 交易:3次 | 高卖出:100% | 新币:100% | 小市值:0%
  8UT4YC6yxbu2... | 钓鱼分:70.0 | 交易:3次 | 高卖出:100% | 新币:100% | 小市值:0%
  5Cs3hZ28xujc... | 钓鱼分:70.0 | 交易:2次 | 高卖出:100% | 新币:100% | 小市值:0%
  FWNFf9ktTnvh... | 钓鱼分:70.0 | 交易:2次 | 高卖出:100% | 新币:100% | 小市值:0%
  EozzmVqzxdUy... | 钓鱼分:66.7 | 交易:3次 | 高卖出:67% | 新币:100% | 小市值:33%
  BtW2Dh7ACiPi... | 钓鱼分:65.6 | 交易:9次 | 高卖出:56% | 新币:100% | 小市值:44%
  GehjZt9rmrg7... | 钓鱼分:65.0 | 交易:2次 | 高卖出:50% | 新币:100% | 小市值:50%
  Geb9EDRMi9JL... | 钓鱼分:65.0 | 交易:2次 | 高卖出:50% | 新币:100% | 小市值:50%
  BdyTbV1Ax1XU... | 钓鱼分:65.0 | 交易:2次 | 高卖出:50% | 新币:100% | 小市值:50%
  8Fb1HWGpyopD... | 钓鱼分:64.0 | 交易:5次 | 高卖出:40% | 新币:100% | 小市值:60%
  4tBE6E7ULJXu... | 钓鱼分:63.3 | 交易:9次 | 高卖出:67% | 新币:100% | 小市值:22%
  ADPCcUUS2qmS... | 钓鱼分:62.5 | 交易:4次 | 高卖出:25% | 新币:100% | 小市值:75%
  dATMod1UTXYz... | 钓鱼分:61.7 | 交易:6次 | 高卖出:17% | 新币:100% | 小市值:83%

⚠️ 可疑钱包:
  DC8TPSRdCY3k... | 钓鱼分:60.0 | 交易:2次 | 高卖出:0% | 新币:100%
  7ugonBcr8pJ1... | 钓鱼分:60.0 | 交易:2次 | 高卖出:0% | 新币:100%
  HDsxJuZSBRhi... | 钓鱼分:60.0 | 交易:4次 | 高卖出:0% | 新币:100%
  9nP8diLFigo1... | 钓鱼分:60.0 | 交易:3次 | 高卖出:0% | 新币:100%
  2PqTZEARmE8M... | 钓鱼分:60.0 | 交易:2次 | 高卖出:0% | 新币:100%
  Bhu5cizPCJGx... | 钓鱼分:60.0 | 交易:2次 | 高卖出:0% | 新币:100%
  HENc7HBwHzvr... | 钓鱼分:60.0 | 交易:2次 | 高卖出:0% | 新币:100%
  8QspPJzW5s1D... | 钓鱼分:60.0 | 交易:2次 | 高卖出:0% | 新币:100%
  AAbnUKvGS7w4... | 钓鱼分:60.0 | 交易:4次 | 高卖出:0% | 新币:100%
  EV32H1q8TTvM... | 钓鱼分:60.0 | 交易:2次 | 高卖出:0% | 新币:100%

💾 黑名单已保存到 /root/.openclaw/workspace/crypto/bait_blacklist.json
[00:20:38] 🚫 钓鱼黑名单更新: 75个地址
[00:20:40] [BASE] GeckoTerminal 初筛 4 个候选
[00:20:51] 🔴 [SOLANA] WebSocket断开，10秒后重连
