[2026-03-14T02:02:50.314Z] [INFO] [monitor] 🐕 土狗监控系统启动
[2026-03-14T02:02:50.315Z] [INFO] [monitor] 聪明钱列表: 0个钱包
[2026-03-14T02:02:50.315Z] [INFO] [monitor] 连接WebSocket... (attempt 1)
[2026-03-14T02:02:50.331Z] [INFO] [monitor] 持仓监控启动，间隔5000ms
[2026-03-14T02:02:50.332Z] [ERROR] [monitor] 启动失败: notifier.info is not a function
[2026-03-14T02:03:23.775Z] [INFO] [monitor] 🐕 土狗监控系统启动
[2026-03-14T02:03:23.776Z] [INFO] [monitor] 聪明钱列表: 0个钱包
[2026-03-14T02:03:23.776Z] [INFO] [monitor] 连接WebSocket... (attempt 1)
[2026-03-14T02:03:23.792Z] [INFO] [monitor] 持仓监控启动，间隔5000ms
[2026-03-14T02:03:23.868Z] [ERROR] [monitor] WebSocket错误: Unexpected server response: 401
[2026-03-14T02:03:23.868Z] [WARN] [monitor] WebSocket断开
[2026-03-14T02:03:26.870Z] [INFO] [monitor] 连接WebSocket... (attempt 2)
[2026-03-14T02:03:26.893Z] [ERROR] [monitor] WebSocket错误: Unexpected server response: 401
[2026-03-14T02:03:26.893Z] [WARN] [monitor] WebSocket断开
[2026-03-14T02:03:29.894Z] [INFO] [monitor] 连接WebSocket... (attempt 3)
[2026-03-14T02:03:29.918Z] [ERROR] [monitor] WebSocket错误: Unexpected server response: 401
[2026-03-14T02:03:29.918Z] [WARN] [monitor] WebSocket断开
[2026-03-14T02:03:32.918Z] [INFO] [monitor] 连接WebSocket... (attempt 4)
[2026-03-14T02:03:32.952Z] [ERROR] [monitor] WebSocket错误: Unexpected server response: 401
[2026-03-14T02:03:32.952Z] [WARN] [monitor] WebSocket断开
[2026-03-14T02:03:35.954Z] [INFO] [monitor] 连接WebSocket... (attempt 5)
[2026-03-14T02:03:35.976Z] [ERROR] [monitor] WebSocket错误: Unexpected server response: 401
[2026-03-14T02:03:35.976Z] [WARN] [monitor] WebSocket断开
[2026-03-14T02:03:38.976Z] [INFO] [monitor] 连接WebSocket... (attempt 6)
[2026-03-14T02:03:39.001Z] [ERROR] [monitor] WebSocket错误: Unexpected server response: 401
[2026-03-14T02:03:39.001Z] [WARN] [monitor] WebSocket断开
[2026-03-14T02:03:42.003Z] [INFO] [monitor] 连接WebSocket... (attempt 7)
[2026-03-14T02:03:42.026Z] [ERROR] [monitor] WebSocket错误: Unexpected server response: 401
[2026-03-14T02:03:42.026Z] [WARN] [monitor] WebSocket断开
[2026-03-14T02:03:45.027Z] [INFO] [monitor] 连接WebSocket... (attempt 8)
[2026-03-14T02:03:45.052Z] [ERROR] [monitor] WebSocket错误: Unexpected server response: 401
[2026-03-14T02:03:45.052Z] [WARN] [monitor] WebSocket断开
[2026-03-14T02:03:48.054Z] [INFO] [monitor] 连接WebSocket... (attempt 9)
[2026-03-14T02:03:48.084Z] [ERROR] [monitor] WebSocket错误: Unexpected server response: 401
[2026-03-14T02:03:48.084Z] [WARN] [monitor] WebSocket断开
[2026-03-14T02:03:51.086Z] [INFO] [monitor] 连接WebSocket... (attempt 10)
[2026-03-14T02:03:51.111Z] [ERROR] [monitor] WebSocket错误: Unexpected server response: 401
[2026-03-14T02:03:51.111Z] [WARN] [monitor] WebSocket断开
[2026-03-14T02:03:54.111Z] [INFO] [monitor] 连接WebSocket... (attempt 11)
[2026-03-14T02:03:54.133Z] [ERROR] [monitor] WebSocket错误: Unexpected server response: 401
[2026-03-14T02:03:54.133Z] [WARN] [monitor] WebSocket断开
[2026-03-14T02:03:57.134Z] [INFO] [monitor] 连接WebSocket... (attempt 12)
[2026-03-14T02:03:57.153Z] [ERROR] [monitor] WebSocket错误: Unexpected server response: 401
[2026-03-14T02:03:57.153Z] [WARN] [monitor] WebSocket断开
[2026-03-14T02:04:00.154Z] [INFO] [monitor] 连接WebSocket... (attempt 13)
[2026-03-14T02:04:00.174Z] [ERROR] [monitor] WebSocket错误: Unexpected server response: 401
[2026-03-14T02:04:00.174Z] [WARN] [monitor] WebSocket断开
[2026-03-14T02:04:03.176Z] [INFO] [monitor] 连接WebSocket... (attempt 14)
[2026-03-14T02:04:03.198Z] [ERROR] [monitor] WebSocket错误: Unexpected server response: 401
[2026-03-14T02:04:03.198Z] [WARN] [monitor] WebSocket断开
[2026-03-14T02:04:06.200Z] [INFO] [monitor] 连接WebSocket... (attempt 15)
[2026-03-14T02:04:06.227Z] [ERROR] [monitor] WebSocket错误: Unexpected server response: 401
[2026-03-14T02:04:06.227Z] [WARN] [monitor] WebSocket断开
[2026-03-14T02:04:09.227Z] [INFO] [monitor] 连接WebSocket... (attempt 16)
[2026-03-14T02:04:09.250Z] [ERROR] [monitor] WebSocket错误: Unexpected server response: 401
[2026-03-14T02:04:09.250Z] [WARN] [monitor] WebSocket断开
[2026-03-14T02:04:12.252Z] [INFO] [monitor] 连接WebSocket... (attempt 17)
[2026-03-14T02:04:12.285Z] [ERROR] [monitor] WebSocket错误: Unexpected server response: 401
[2026-03-14T02:04:12.286Z] [WARN] [monitor] WebSocket断开
[2026-03-14T02:04:15.287Z] [INFO] [monitor] 连接WebSocket... (attempt 18)
[2026-03-14T02:04:15.325Z] [ERROR] [monitor] WebSocket错误: Unexpected server response: 401
[2026-03-14T02:04:15.326Z] [WARN] [monitor] WebSocket断开
[2026-03-14T02:04:18.328Z] [INFO] [monitor] 连接WebSocket... (attempt 19)
[2026-03-14T02:04:18.352Z] [ERROR] [monitor] WebSocket错误: Unexpected server response: 401
[2026-03-14T02:04:18.352Z] [WARN] [monitor] WebSocket断开
[2026-03-14T02:04:21.354Z] [INFO] [monitor] 连接WebSocket... (attempt 20)
[2026-03-14T02:04:21.373Z] [ERROR] [monitor] WebSocket错误: Unexpected server response: 401
[2026-03-14T02:04:21.374Z] [WARN] [monitor] WebSocket断开
[2026-03-14T02:04:23.644Z] [INFO] [monitor] 🐕 土狗监控系统启动
[2026-03-14T02:04:23.644Z] [ERROR] [monitor] 启动失败: smartMoney.getSmartWalletSet is not a function
[2026-03-14T02:04:24.374Z] [INFO] [monitor] 连接WebSocket... (attempt 21)
[2026-03-14T02:04:24.403Z] [ERROR] [monitor] WebSocket错误: Unexpected server response: 401
[2026-03-14T02:04:24.403Z] [WARN] [monitor] WebSocket断开
[2026-03-14T02:04:24.774Z] [INFO] [monitor] 📊 状态: 运行1分钟 | 新币0 | 分析0 | 信号0 | 买入0 | 持仓0
[2026-03-14T02:04:27.405Z] [INFO] [monitor] 连接WebSocket... (attempt 22)
[2026-03-14T02:04:27.424Z] [ERROR] [monitor] WebSocket错误: Unexpected server response: 401
[2026-03-14T02:04:27.424Z] [WARN] [monitor] WebSocket断开
[2026-03-14T02:04:30.425Z] [INFO] [monitor] 连接WebSocket... (attempt 23)
[2026-03-14T02:04:30.449Z] [ERROR] [monitor] WebSocket错误: Unexpected server response: 401
[2026-03-14T02:04:30.449Z] [WARN] [monitor] WebSocket断开
[2026-03-14T02:04:33.452Z] [INFO] [monitor] 连接WebSocket... (attempt 24)
[2026-03-14T02:04:33.479Z] [ERROR] [monitor] WebSocket错误: Unexpected server response: 401
[2026-03-14T02:04:33.479Z] [WARN] [monitor] WebSocket断开
[2026-03-14T02:04:36.481Z] [INFO] [monitor] 连接WebSocket... (attempt 25)
[2026-03-14T02:04:36.504Z] [ERROR] [monitor] WebSocket错误: Unexpected server response: 401
[2026-03-14T02:04:36.504Z] [WARN] [monitor] WebSocket断开
[2026-03-14T02:04:39.505Z] [INFO] [monitor] 连接WebSocket... (attempt 26)
[2026-03-14T02:04:39.525Z] [ERROR] [monitor] WebSocket错误: Unexpected server response: 401
[2026-03-14T02:04:39.525Z] [WARN] [monitor] WebSocket断开
[2026-03-14T02:04:42.528Z] [INFO] [monitor] 连接WebSocket... (attempt 27)
[2026-03-14T02:04:42.551Z] [ERROR] [monitor] WebSocket错误: Unexpected server response: 401
[2026-03-14T02:04:42.551Z] [WARN] [monitor] WebSocket断开
[2026-03-14T02:04:43.745Z] [INFO] [analyzer] 开始分析 8YH9dJPgLiPzEqca3W8iDw9En15yg9KeCxKrLjuwpump
[2026-03-14T02:04:44.125Z] [INFO] [analyzer] 数据查询完成 380ms | {"mint":"8YH9dJPg","name":"Lunch Lady Land","symbol":"LUNCHLADY"}
[2026-03-14T02:04:44.125Z] [INFO] [analyzer] ❌ 淘汰: LUNCHLADY (Lunch Lady Land) — Dev持仓过高 | {"score":0}
[2026-03-14T02:04:45.553Z] [INFO] [monitor] 连接WebSocket... (attempt 28)
[2026-03-14T02:04:45.574Z] [ERROR] [monitor] WebSocket错误: Unexpected server response: 401
[2026-03-14T02:04:45.574Z] [WARN] [monitor] WebSocket断开
[2026-03-14T02:04:48.577Z] [INFO] [monitor] 连接WebSocket... (attempt 29)
[2026-03-14T02:04:48.606Z] [ERROR] [monitor] WebSocket错误: Unexpected server response: 401
[2026-03-14T02:04:48.606Z] [WARN] [monitor] WebSocket断开
[2026-03-14T02:04:50.064Z] [INFO] [monitor] 🐕 土狗系统启动中...
[2026-03-14T02:04:50.220Z] [INFO] [monitor] 💰 SOL余额: 1.1348
[2026-03-14T02:04:50.220Z] [INFO] [monitor] 🧠 聪明钱列表: 0个钱包
[2026-03-14T02:04:50.220Z] [INFO] [monitor] 📦 现有持仓: 0个
[2026-03-14T02:04:50.220Z] [INFO] [monitor] 连接 Helius WebSocket...
[2026-03-14T02:04:50.293Z] [INFO] [monitor] ✅ WebSocket 已连接
[2026-03-14T02:04:50.299Z] [INFO] [monitor] 订阅成功，ID: 37812897
[2026-03-14T02:04:51.191Z] [INFO] [monitor] 🐕 土狗系统启动完成 ✅
[2026-03-14T02:04:51.609Z] [INFO] [monitor] 连接WebSocket... (attempt 30)
[2026-03-14T02:04:51.632Z] [ERROR] [monitor] WebSocket错误: Unexpected server response: 401
[2026-03-14T02:04:51.632Z] [WARN] [monitor] WebSocket断开
[2026-03-14T02:04:52.133Z] [INFO] [monitor] 🆕 新币检测 EpFHszuk67kF...
[2026-03-14T02:04:52.134Z] [INFO] [analyzer] 开始分析 EpFHszuk67kFtPLRVw7dwGKqRPcWpg6Rd4zaXhispump
[2026-03-14T02:04:52.164Z] [ERROR] [analyzer] getHolderInfo失败 | {"mint":"EpFHszuk67kFtPLRVw7dwGKqRPcWpg6Rd4zaXhispump","error":"failed to get token largest accounts: Invalid param: not a Token mint"}
[2026-03-14T02:04:52.777Z] [INFO] [analyzer] 数据查询完成 643ms | {"mint":"EpFHszuk","name":"Unknown","symbol":"???"}
[2026-03-14T02:04:52.778Z] [SIGNAL] [analyzer] 📊 ??? (Unknown) 评分: 0/100 | {"reasons":[]}
[2026-03-14T02:04:52.778Z] [INFO] [monitor] 📊 ??? 评分0不够，跳过
[2026-03-14T02:04:53.297Z] [INFO] [monitor] 🆕 新币检测 5WSxvsL4sgkg...
[2026-03-14T02:04:53.298Z] [INFO] [analyzer] 开始分析 5WSxvsL4sgkgJribPfeZnCAdBYWijCJZebribJ8qpump
[2026-03-14T02:04:53.322Z] [ERROR] [analyzer] getHolderInfo失败 | {"mint":"5WSxvsL4sgkgJribPfeZnCAdBYWijCJZebribJ8qpump","error":"failed to get token largest accounts: Invalid param: not a Token mint"}
[2026-03-14T02:04:53.592Z] [INFO] [analyzer] 数据查询完成 294ms | {"mint":"5WSxvsL4","name":"Unknown","symbol":"???"}
[2026-03-14T02:04:53.592Z] [SIGNAL] [analyzer] 📊 ??? (Unknown) 评分: 0/100 | {"reasons":[]}
[2026-03-14T02:04:53.592Z] [INFO] [monitor] 📊 ??? 评分0不够，跳过
[2026-03-14T02:04:53.651Z] [INFO] [monitor] 持仓监控停止
[2026-03-14T02:04:53.651Z] [INFO] [monitor] 🛑 土狗监控系统停止
[2026-03-14T02:04:54.917Z] [INFO] [monitor] 🐕 土狗系统启动中...
[2026-03-14T02:04:55.098Z] [INFO] [monitor] 💰 SOL余额: 1.1348
[2026-03-14T02:04:55.099Z] [INFO] [monitor] 🧠 聪明钱列表: 0个钱包
[2026-03-14T02:04:55.099Z] [INFO] [monitor] 📦 现有持仓: 0个
[2026-03-14T02:04:55.099Z] [INFO] [monitor] 连接 Helius WebSocket...
[2026-03-14T02:04:55.377Z] [ERROR] [notifier] Telegram error: fetch failed
[2026-03-14T02:04:55.377Z] [INFO] [monitor] 🐕 土狗系统启动完成 ✅
[2026-03-14T02:04:55.391Z] [INFO] [monitor] ✅ WebSocket 已连接
[2026-03-14T02:04:55.396Z] [INFO] [monitor] 订阅成功，ID: 50491523
[2026-03-14T02:05:07.534Z] [INFO] [monitor] 🆕 新币检测 86sjbtr2o96P...
[2026-03-14T02:05:07.534Z] [INFO] [analyzer] 开始分析 86sjbtr2o96PEqKADmKewbi2KZ9rdLD3XM7oNLngpump
[2026-03-14T02:05:07.557Z] [INFO] [monitor] 🆕 新币检测 86sjbtr2o96P...
[2026-03-14T02:05:07.557Z] [INFO] [analyzer] 开始分析 86sjbtr2o96PEqKADmKewbi2KZ9rdLD3XM7oNLngpump
[2026-03-14T02:05:07.580Z] [ERROR] [analyzer] getHolderInfo失败 | {"mint":"86sjbtr2o96PEqKADmKewbi2KZ9rdLD3XM7oNLngpump","error":"failed to get token largest accounts: Invalid param: not a Token mint"}
[2026-03-14T02:05:07.605Z] [ERROR] [analyzer] getHolderInfo失败 | {"mint":"86sjbtr2o96PEqKADmKewbi2KZ9rdLD3XM7oNLngpump","error":"failed to get token largest accounts: Invalid param: not a Token mint"}
[2026-03-14T02:05:07.862Z] [INFO] [analyzer] 数据查询完成 305ms | {"mint":"86sjbtr2","name":"Unknown","symbol":"???"}
[2026-03-14T02:05:07.863Z] [SIGNAL] [analyzer] 📊 ??? (Unknown) 评分: 0/100 | {"reasons":[]}
[2026-03-14T02:05:07.863Z] [INFO] [monitor] 📊 ??? 评分0不够，跳过
[2026-03-14T02:05:07.875Z] [INFO] [analyzer] 数据查询完成 341ms | {"mint":"86sjbtr2","name":"Unknown","symbol":"???"}
[2026-03-14T02:05:07.875Z] [SIGNAL] [analyzer] 📊 ??? (Unknown) 评分: 0/100 | {"reasons":[]}
[2026-03-14T02:05:07.875Z] [INFO] [monitor] 📊 ??? 评分0不够，跳过
[2026-03-14T02:05:08.349Z] [INFO] [monitor] 🆕 新币检测 AvmzyRuHmJ3o...
[2026-03-14T02:05:08.349Z] [INFO] [analyzer] 开始分析 AvmzyRuHmJ3oHVJF5ytRXzcWZ34GRhxmK6ktT8aMpump
[2026-03-14T02:05:08.368Z] [INFO] [monitor] 🆕 新币检测 AvmzyRuHmJ3o...
[2026-03-14T02:05:08.368Z] [INFO] [analyzer] 开始分析 AvmzyRuHmJ3oHVJF5ytRXzcWZ34GRhxmK6ktT8aMpump
[2026-03-14T02:05:08.374Z] [ERROR] [analyzer] getHolderInfo失败 | {"mint":"AvmzyRuHmJ3oHVJF5ytRXzcWZ34GRhxmK6ktT8aMpump","error":"failed to get token largest accounts: Invalid param: not a Token mint"}
[2026-03-14T02:05:08.388Z] [ERROR] [analyzer] getHolderInfo失败 | {"mint":"AvmzyRuHmJ3oHVJF5ytRXzcWZ34GRhxmK6ktT8aMpump","error":"failed to get token largest accounts: Invalid param: not a Token mint"}
[2026-03-14T02:05:08.630Z] [INFO] [analyzer] 数据查询完成 281ms | {"mint":"AvmzyRuH","name":"Unknown","symbol":"???"}
[2026-03-14T02:05:08.630Z] [SIGNAL] [analyzer] 📊 ??? (Unknown) 评分: 0/100 | {"reasons":[]}
[2026-03-14T02:05:08.630Z] [INFO] [monitor] 📊 ??? 评分0不够，跳过
[2026-03-14T02:05:08.638Z] [INFO] [analyzer] 数据查询完成 270ms | {"mint":"AvmzyRuH","name":"Unknown","symbol":"???"}
[2026-03-14T02:05:08.639Z] [SIGNAL] [analyzer] 📊 ??? (Unknown) 评分: 0/100 | {"reasons":[]}
[2026-03-14T02:05:08.639Z] [INFO] [monitor] 📊 ??? 评分0不够，跳过
[2026-03-14T02:05:09.962Z] [INFO] [monitor] 🐕 土狗系统已停止
[2026-03-14T02:05:10.700Z] [INFO] [monitor] 🆕 新币检测 2sb86GJ6EEuY...
[2026-03-14T02:05:10.700Z] [INFO] [analyzer] 开始分析 2sb86GJ6EEuY28bAsU1y8fUf931auqQmZCyM5t6Zpump
[2026-03-14T02:05:10.724Z] [ERROR] [analyzer] getHolderInfo失败 | {"mint":"2sb86GJ6EEuY28bAsU1y8fUf931auqQmZCyM5t6Zpump","error":"failed to get token largest accounts: Invalid param: not a Token mint"}
[2026-03-14T02:05:10.980Z] [INFO] [analyzer] 数据查询完成 280ms | {"mint":"2sb86GJ6","name":"Unknown","symbol":"???"}
[2026-03-14T02:05:10.980Z] [SIGNAL] [analyzer] 📊 ??? (Unknown) 评分: 0/100 | {"reasons":[]}
[2026-03-14T02:05:10.980Z] [INFO] [monitor] 📊 ??? 评分0不够，跳过
[2026-03-14T02:05:17.367Z] [INFO] [monitor] 🆕 新币检测 EAQX2yMBJFCm...
[2026-03-14T02:05:17.367Z] [INFO] [analyzer] 开始分析 EAQX2yMBJFCmN1KKMimK4295mHAaaM9dpyaD9nccpump
[2026-03-14T02:05:17.400Z] [ERROR] [analyzer] getHolderInfo失败 | {"mint":"EAQX2yMBJFCmN1KKMimK4295mHAaaM9dpyaD9nccpump","error":"failed to get token largest accounts: Invalid param: not a Token mint"}
[2026-03-14T02:05:17.689Z] [INFO] [analyzer] 数据查询完成 322ms | {"mint":"EAQX2yMB","name":"Unknown","symbol":"???"}
[2026-03-14T02:05:17.689Z] [SIGNAL] [analyzer] 📊 ??? (Unknown) 评分: 0/100 | {"reasons":[]}
[2026-03-14T02:05:17.689Z] [INFO] [monitor] 📊 ??? 评分0不够，跳过
[2026-03-14T02:05:18.462Z] [WARN] [monitor] 无法提取mint 3fad7pQzEC7d
[2026-03-14T02:05:30.511Z] [INFO] [monitor] 🆕 新币检测 ENWCjm7kfL2o...
[2026-03-14T02:05:30.511Z] [INFO] [analyzer] 开始分析 ENWCjm7kfL2oaD33dxZck2UDyDS9VC6R5gT1GCLUpump
[2026-03-14T02:05:30.518Z] [INFO] [monitor] 🆕 新币检测 Acqq8kzjQb87...
[2026-03-14T02:05:30.518Z] [INFO] [analyzer] 开始分析 Acqq8kzjQb87oi8rhMUagV4fDbK67Pmkuo44ZHgXpump
[2026-03-14T02:05:30.534Z] [INFO] [monitor] 🆕 新币检测 6S1yA55rYBUb...
[2026-03-14T02:05:30.534Z] [INFO] [analyzer] 开始分析 6S1yA55rYBUb8YBCREWQzBc3ZiFY4iUHN3MHLpQLLCBt
[2026-03-14T02:05:30.548Z] [ERROR] [analyzer] getHolderInfo失败 | {"mint":"Acqq8kzjQb87oi8rhMUagV4fDbK67Pmkuo44ZHgXpump","error":"failed to get token largest accounts: Invalid param: not a Token mint"}
[2026-03-14T02:05:30.583Z] [ERROR] [analyzer] getHolderInfo失败 | {"mint":"6S1yA55rYBUb8YBCREWQzBc3ZiFY4iUHN3MHLpQLLCBt","error":"failed to get token largest accounts: Invalid param: not a Token mint"}
[2026-03-14T02:05:30.593Z] [ERROR] [analyzer] getHolderInfo失败 | {"mint":"ENWCjm7kfL2oaD33dxZck2UDyDS9VC6R5gT1GCLUpump","error":"failed to get token largest accounts: Invalid param: not a Token mint"}
[2026-03-14T02:05:30.863Z] [INFO] [analyzer] 数据查询完成 345ms | {"mint":"Acqq8kzj","name":"Unknown","symbol":"???"}
[2026-03-14T02:05:30.863Z] [SIGNAL] [analyzer] 📊 ??? (Unknown) 评分: 0/100 | {"reasons":[]}
[2026-03-14T02:05:30.863Z] [INFO] [monitor] 📊 ??? 评分0不够，跳过
[2026-03-14T02:05:30.888Z] [INFO] [analyzer] 数据查询完成 377ms | {"mint":"ENWCjm7k","name":"Mcgregor Horse","symbol":"Mcgregor"}
[2026-03-14T02:05:30.889Z] [SIGNAL] [analyzer] 📊 Mcgregor (Mcgregor Horse) 评分: 0/100 | {"reasons":[]}
[2026-03-14T02:05:30.889Z] [INFO] [monitor] 📊 Mcgregor 评分0不够，跳过
[2026-03-14T02:05:31.145Z] [INFO] [analyzer] 数据查询完成 611ms | {"mint":"6S1yA55r","name":"Unknown","symbol":"???"}
[2026-03-14T02:05:31.145Z] [SIGNAL] [analyzer] 📊 ??? (Unknown) 评分: 0/100 | {"reasons":[]}
[2026-03-14T02:05:31.145Z] [INFO] [monitor] 📊 ??? 评分0不够，跳过
[2026-03-14T02:05:36.953Z] [INFO] [monitor] 🆕 新币检测 4Xte6GT6WTtk...
[2026-03-14T02:05:36.953Z] [INFO] [analyzer] 开始分析 4Xte6GT6WTtkgZRYAvYywwxAkhiVjRDVqdSL2Nu1pump
[2026-03-14T02:05:36.989Z] [ERROR] [analyzer] getHolderInfo失败 | {"mint":"4Xte6GT6WTtkgZRYAvYywwxAkhiVjRDVqdSL2Nu1pump","error":"failed to get token largest accounts: Invalid param: not a Token mint"}
[2026-03-14T02:05:37.258Z] [INFO] [analyzer] 数据查询完成 305ms | {"mint":"4Xte6GT6","name":"Unknown","symbol":"???"}
[2026-03-14T02:05:37.258Z] [SIGNAL] [analyzer] 📊 ??? (Unknown) 评分: 0/100 | {"reasons":[]}
[2026-03-14T02:05:37.258Z] [INFO] [monitor] 📊 ??? 评分0不够，跳过
[2026-03-14T02:05:41.641Z] [INFO] [monitor] 🆕 新币检测 4T7fENGroU5S...
[2026-03-14T02:05:41.641Z] [INFO] [analyzer] 开始分析 4T7fENGroU5Sk7E66DeWCeG2Frdz3jVRFPR6ncjjpump
[2026-03-14T02:05:41.673Z] [ERROR] [analyzer] getHolderInfo失败 | {"mint":"4T7fENGroU5Sk7E66DeWCeG2Frdz3jVRFPR6ncjjpump","error":"failed to get token largest accounts: Invalid param: not a Token mint"}
[2026-03-14T02:05:41.926Z] [INFO] [analyzer] 数据查询完成 285ms | {"mint":"4T7fENGr","name":"Unknown","symbol":"???"}
[2026-03-14T02:05:41.927Z] [SIGNAL] [analyzer] 📊 ??? (Unknown) 评分: 0/100 | {"reasons":[]}
[2026-03-14T02:05:41.927Z] [INFO] [monitor] 📊 ??? 评分0不够，跳过
[2026-03-14T02:05:43.159Z] [INFO] [monitor] 🐕 土狗系统启动中...
[2026-03-14T02:05:43.320Z] [INFO] [monitor] 💰 SOL余额: 1.1348
[2026-03-14T02:05:43.320Z] [INFO] [monitor] 🧠 聪明钱列表: 0个钱包
[2026-03-14T02:05:43.320Z] [INFO] [monitor] 📦 现有持仓: 0个
[2026-03-14T02:05:43.320Z] [INFO] [monitor] 连接 Helius WebSocket...
[2026-03-14T02:05:43.431Z] [INFO] [monitor] ✅ WebSocket 已连接
[2026-03-14T02:05:43.436Z] [INFO] [monitor] 订阅成功，ID: 50496535
[2026-03-14T02:05:44.230Z] [INFO] [monitor] 🆕 新币检测 BBYVm1oRvnDN...
[2026-03-14T02:05:44.230Z] [INFO] [analyzer] 开始分析 BBYVm1oRvnDNyt78xWzw5u1wXLVoWaw5HVMSTShpump
[2026-03-14T02:05:44.253Z] [INFO] [monitor] 🆕 新币检测 BBYVm1oRvnDN...
[2026-03-14T02:05:44.256Z] [ERROR] [analyzer] getHolderInfo失败 | {"mint":"BBYVm1oRvnDNyt78xWzw5u1wXLVoWaw5HVMSTShpump","error":"failed to get token largest accounts: Invalid param: not a Token mint"}
[2026-03-14T02:05:44.294Z] [INFO] [monitor] 🐕 土狗系统启动完成 ✅
[2026-03-14T02:05:44.519Z] [INFO] [analyzer] 数据查询完成 289ms | {"mint":"BBYVm1oR","name":"Unknown","symbol":"???"}
[2026-03-14T02:05:44.519Z] [SIGNAL] [analyzer] 📊 ??? (Unknown) 评分: 0/100 | {"reasons":[]}
[2026-03-14T02:05:44.519Z] [INFO] [monitor] 📊 ??? 评分0不够，跳过
[2026-03-14T02:05:46.254Z] [INFO] [analyzer] 开始分析 BBYVm1oRvnDNyt78xWzw5u1wXLVoWaw5HVMSTShpump
[2026-03-14T02:05:46.299Z] [WARN] [analyzer] holder查询失败(可能太新) BBYVm1oR | {"error":"failed to get token largest accounts: Invalid param: not a Token mint"}
[2026-03-14T02:05:46.471Z] [INFO] [monitor] 🆕 新币检测 3fMWxHXzWKnX...
[2026-03-14T02:05:46.471Z] [INFO] [analyzer] 开始分析 3fMWxHXzWKnXv2Y528yrjNHfzQentptguQ5YSPue5wfn
[2026-03-14T02:05:46.491Z] [INFO] [monitor] 🆕 新币检测 3fMWxHXzWKnX...
[2026-03-14T02:05:46.501Z] [ERROR] [analyzer] getHolderInfo失败 | {"mint":"3fMWxHXzWKnXv2Y528yrjNHfzQentptguQ5YSPue5wfn","error":"failed to get token largest accounts: Invalid param: not a Token mint"}
[2026-03-14T02:05:46.877Z] [INFO] [analyzer] 数据查询完成 623ms | {"mint":"BBYVm1oR","name":"Unknown","symbol":"???"}
[2026-03-14T02:05:46.878Z] [SIGNAL] [analyzer] 📊 ??? (Unknown) 评分: 0/100 | {"reasons":[]}
[2026-03-14T02:05:46.878Z] [INFO] [monitor] 📊 ??? 评分0不够，跳过
[2026-03-14T02:05:46.916Z] [INFO] [analyzer] 数据查询完成 445ms | {"mint":"3fMWxHXz","name":"Unknown","symbol":"???"}
[2026-03-14T02:05:46.916Z] [SIGNAL] [analyzer] 📊 ??? (Unknown) 评分: 0/100 | {"reasons":[]}
[2026-03-14T02:05:46.917Z] [INFO] [monitor] 📊 ??? 评分0不够，跳过
[2026-03-14T02:05:48.492Z] [INFO] [analyzer] 开始分析 3fMWxHXzWKnXv2Y528yrjNHfzQentptguQ5YSPue5wfn
[2026-03-14T02:05:48.534Z] [WARN] [analyzer] holder查询失败(可能太新) 3fMWxHXz | {"error":"failed to get token largest accounts: Invalid param: not a Token mint"}
[2026-03-14T02:05:48.782Z] [INFO] [analyzer] 数据查询完成 290ms | {"mint":"3fMWxHXz","name":"Unknown","symbol":"???"}
[2026-03-14T02:05:48.782Z] [SIGNAL] [analyzer] 📊 ??? (Unknown) 评分: 0/100 | {"reasons":[]}
[2026-03-14T02:05:48.782Z] [INFO] [monitor] 📊 ??? 评分0不够，跳过
[2026-03-14T02:05:52.279Z] [INFO] [monitor] 🆕 新币检测 7sep2Eh4gSvp...
[2026-03-14T02:05:52.297Z] [INFO] [monitor] 🆕 新币检测 7sep2Eh4gSvp...
[2026-03-14T02:05:52.298Z] [INFO] [analyzer] 开始分析 7sep2Eh4gSvpR8KY2fmysEKTC5t6v85jiYhmxvpYpump
[2026-03-14T02:05:52.332Z] [ERROR] [analyzer] getHolderInfo失败 | {"mint":"7sep2Eh4gSvpR8KY2fmysEKTC5t6v85jiYhmxvpYpump","error":"failed to get token largest accounts: Invalid param: not a Token mint"}
[2026-03-14T02:05:52.723Z] [INFO] [analyzer] 数据查询完成 425ms | {"mint":"7sep2Eh4","name":"Unknown","symbol":"???"}
[2026-03-14T02:05:52.723Z] [SIGNAL] [analyzer] 📊 ??? (Unknown) 评分: 0/100 | {"reasons":[]}
[2026-03-14T02:05:52.723Z] [INFO] [monitor] 📊 ??? 评分0不够，跳过
[2026-03-14T02:05:53.575Z] [INFO] [monitor] 🆕 新币检测 DhgMFhLG7949...
[2026-03-14T02:05:53.575Z] [INFO] [analyzer] 开始分析 DhgMFhLG7949ybt6ab9fz8vNFKpRdBiV9VYjE5Skpump
[2026-03-14T02:05:53.580Z] [INFO] [monitor] 🆕 新币检测 DhgMFhLG7949...
[2026-03-14T02:05:53.597Z] [ERROR] [analyzer] getHolderInfo失败 | {"mint":"DhgMFhLG7949ybt6ab9fz8vNFKpRdBiV9VYjE5Skpump","error":"failed to get token largest accounts: Invalid param: not a Token mint"}
[2026-03-14T02:05:53.868Z] [INFO] [analyzer] 数据查询完成 293ms | {"mint":"DhgMFhLG","name":"Unknown","symbol":"???"}
[2026-03-14T02:05:53.868Z] [SIGNAL] [analyzer] 📊 ??? (Unknown) 评分: 0/100 | {"reasons":[]}
[2026-03-14T02:05:53.868Z] [INFO] [monitor] 📊 ??? 评分0不够，跳过
[2026-03-14T02:05:54.279Z] [INFO] [analyzer] 开始分析 7sep2Eh4gSvpR8KY2fmysEKTC5t6v85jiYhmxvpYpump
[2026-03-14T02:05:54.328Z] [WARN] [analyzer] holder查询失败(可能太新) 7sep2Eh4 | {"error":"failed to get token largest accounts: Invalid param: not a Token mint"}
[2026-03-14T02:05:54.595Z] [INFO] [analyzer] 数据查询完成 316ms | {"mint":"7sep2Eh4","name":"Unknown","symbol":"???"}
[2026-03-14T02:05:54.596Z] [SIGNAL] [analyzer] 📊 ??? (Unknown) 评分: 0/100 | {"reasons":[]}
[2026-03-14T02:05:54.596Z] [INFO] [monitor] 📊 ??? 评分0不够，跳过
[2026-03-14T02:05:54.798Z] [INFO] [monitor] 🐕 土狗系统已停止
[2026-03-14T02:05:55.580Z] [INFO] [analyzer] 开始分析 DhgMFhLG7949ybt6ab9fz8vNFKpRdBiV9VYjE5Skpump
[2026-03-14T02:05:55.631Z] [WARN] [analyzer] holder查询失败(可能太新) DhgMFhLG | {"error":"failed to get token largest accounts: Invalid param: not a Token mint"}
[2026-03-14T02:05:55.844Z] [INFO] [analyzer] 数据查询完成 264ms | {"mint":"DhgMFhLG","name":"Unknown","symbol":"???"}
[2026-03-14T02:05:55.844Z] [SIGNAL] [analyzer] 📊 ??? (Unknown) 评分: 0/100 | {"reasons":[]}
[2026-03-14T02:05:55.844Z] [INFO] [monitor] 📊 ??? 评分0不够，跳过
[2026-03-14T02:06:03.697Z] [INFO] [monitor] 🆕 新币检测 DgiP5yUMBmNu...
[2026-03-14T02:06:05.697Z] [INFO] [analyzer] 开始分析 DgiP5yUMBmNuVZm4JJJBdw2rhaUxkqeNLEHyKcnnpump
[2026-03-14T02:06:05.762Z] [WARN] [analyzer] holder查询失败(可能太新) DgiP5yUM | {"error":"failed to get token largest accounts: Invalid param: not a Token mint"}
[2026-03-14T02:06:06.018Z] [INFO] [analyzer] 数据查询完成 321ms | {"mint":"DgiP5yUM","name":"Unknown","symbol":"???"}
[2026-03-14T02:06:06.018Z] [SIGNAL] [analyzer] 📊 ??? (Unknown) 评分: 0/100 | {"reasons":[]}
[2026-03-14T02:06:06.018Z] [INFO] [monitor] 📊 ??? 评分0不够，跳过
[2026-03-14T02:06:08.887Z] [INFO] [monitor] 🆕 新币检测 CoX1fVoibZU9...
[2026-03-14T02:06:08.902Z] [INFO] [monitor] 🆕 新币检测 TX2QDVEtG79t...
[2026-03-14T02:06:10.887Z] [INFO] [analyzer] 开始分析 CoX1fVoibZU9fC1LQoEaEG1NhUZrBDjZuoji6uRJpump
[2026-03-14T02:06:32.956Z] [INFO] [monitor] 🐕 土狗系统启动中...
[2026-03-14T02:06:33.110Z] [INFO] [monitor] 💰 SOL余额: 1.1348
[2026-03-14T02:06:33.110Z] [INFO] [monitor] 🧠 聪明钱列表: 0个钱包
[2026-03-14T02:06:33.110Z] [INFO] [monitor] 📦 现有持仓: 0个
[2026-03-14T02:06:33.111Z] [INFO] [monitor] 连接 Helius WebSocket...
[2026-03-14T02:06:33.219Z] [INFO] [monitor] ✅ WebSocket 已连接
[2026-03-14T02:06:33.224Z] [INFO] [monitor] 订阅成功，ID: 50501522
[2026-03-14T02:06:33.389Z] [ERROR] [notifier] Telegram error: fetch failed
[2026-03-14T02:06:33.389Z] [INFO] [monitor] 🐕 土狗系统启动完成 ✅
[2026-03-14T02:06:36.934Z] [INFO] [monitor] 🆕 新币检测 Eb341DRcLuEE...
[2026-03-14T02:06:38.934Z] [INFO] [analyzer] 开始分析 Eb341DRcLuEEBMgSkHSZWCHRegRfKTeGE3ymME5cpump
[2026-03-14T02:06:38.998Z] [WARN] [analyzer] holder查询失败(可能太新) Eb341DRc | {"error":"failed to get token largest accounts: Invalid param: not a Token mint"}
[2026-03-14T02:06:39.373Z] [INFO] [analyzer] 数据查询完成 439ms | {"mint":"Eb341DRc","name":"Unknown","symbol":"???"}
[2026-03-14T02:06:39.374Z] [SIGNAL] [analyzer] 📊 ??? (Unknown) 评分: 0/100 | {"reasons":[]}
[2026-03-14T02:06:39.374Z] [INFO] [monitor] 📊 ??? 评分0不够，跳过
[2026-03-14T02:06:41.210Z] [INFO] [monitor] 🆕 新币检测 ijXaWJ4zWjgJ...
[2026-03-14T02:06:43.212Z] [INFO] [analyzer] 开始分析 ijXaWJ4zWjgJjUr2atWHEkNGJHDZLt34ZJb2gS4pump
[2026-03-14T02:06:43.304Z] [WARN] [analyzer] holder查询失败(可能太新) ijXaWJ4z | {"error":"failed to get token largest accounts: Invalid param: not a Token mint"}
[2026-03-14T02:06:43.427Z] [INFO] [analyzer] 数据查询完成 215ms | {"mint":"ijXaWJ4z","name":"IsrealCoin","symbol":"IDF"}
[2026-03-14T02:06:43.427Z] [SIGNAL] [analyzer] 📊 IDF (IsrealCoin) 评分: 0/100 | {"reasons":[]}
[2026-03-14T02:06:43.427Z] [INFO] [monitor] 📊 IDF 评分0不够，跳过
[2026-03-14T02:06:49.100Z] [INFO] [monitor] 🆕 新币检测 Go6a91zRqRmh...
[2026-03-14T02:06:51.100Z] [INFO] [analyzer] 开始分析 Go6a91zRqRmh4M9mZQYsgpcj3H5ckmbRhW25ZPwfAmkU
[2026-03-14T02:06:51.169Z] [WARN] [analyzer] holder查询失败(可能太新) Go6a91zR | {"error":"failed to get token largest accounts: Invalid param: not a Token mint"}
[2026-03-14T02:06:51.317Z] [INFO] [analyzer] 数据查询完成 217ms | {"mint":"Go6a91zR","name":"Act M : The Matrix Prophecy","symbol":"ACTMATRIX"}
[2026-03-14T02:06:51.317Z] [SIGNAL] [analyzer] 📊 ACTMATRIX (Act M : The Matrix Prophecy) 评分: 0/100 | {"reasons":[]}
[2026-03-14T02:06:51.317Z] [INFO] [monitor] 📊 ACTMATRIX 评分0不够，跳过
[2026-03-14T02:06:56.040Z] [INFO] [monitor] 🆕 新币检测 AqbP2kRxiq9R...
[2026-03-14T02:06:57.857Z] [INFO] [monitor] 🐕 土狗系统已停止
[2026-03-14T02:07:39.319Z] [INFO] [monitor] 💰 SOL余额: 1.1348
[2026-03-14T02:07:39.319Z] [INFO] [monitor] 🧠 聪明钱列表: 0个钱包
[2026-03-14T02:07:39.320Z] [INFO] [monitor] 📦 现有持仓: 0个
[2026-03-14T02:07:39.320Z] [INFO] [monitor] 连接 Helius WebSocket...
[2026-03-14T02:07:39.454Z] [INFO] [monitor] ✅ WebSocket 已连接
[2026-03-14T02:07:39.460Z] [INFO] [monitor] 订阅成功，ID: 37824923
[2026-03-14T02:07:39.580Z] [ERROR] [notifier] Telegram error: fetch failed
[2026-03-14T02:07:39.580Z] [INFO] [monitor] 🐕 土狗系统启动完成 ✅
[2026-03-14T02:07:42.390Z] [INFO] [monitor] 🆕 新币检测 5Lmdow1t4akU...
[2026-03-14T02:07:42.797Z] [INFO] [monitor] 🆕 新币检测 3WKgQ85ejjwc...
[2026-03-14T02:07:42.800Z] [INFO] [monitor] 🆕 新币检测 3jwDCpXEuX4w...
[2026-03-14T02:07:44.788Z] [INFO] [monitor] 🆕 新币检测 5XsuKpurMojf...
[2026-03-14T02:07:45.188Z] [INFO] [monitor] 🆕 新币检测 4y9DRgzv8Bvf...
[2026-03-14T02:07:45.518Z] [INFO] [monitor] 🆕 新币检测 4pzYvxJedupB...
[2026-03-14T02:07:45.531Z] [INFO] [monitor] 🆕 新币检测 4VYXqmtGquQT...
[2026-03-14T02:07:46.288Z] [INFO] [monitor] 🆕 新币检测 4NkvNFSE3c2V...
[2026-03-14T02:07:47.161Z] [INFO] [monitor] 🆕 新币检测 3B1q9ZZmUzFT...
[2026-03-14T02:07:49.887Z] [INFO] [monitor] 🆕 新币检测 4sxgymcYVTuq...
[2026-03-14T02:07:52.151Z] [INFO] [monitor] 🆕 新币检测 3PFay9dssdEz...
[2026-03-14T02:07:52.518Z] [INFO] [monitor] 🆕 新币: DXC5Ym2cpxRu... | {"creator":"6pjGota2","solSpent":"0.959"}
[2026-03-14T02:07:52.543Z] [INFO] [monitor] 🆕 新币检测 4f8J8j8c3Uvs...
[2026-03-14T02:07:53.285Z] [INFO] [monitor] 🆕 新币检测 5ugRwfpFdmeC...
[2026-03-14T02:07:53.615Z] [INFO] [monitor] 🆕 新币检测 4CdZfH5R5PNw...
[2026-03-14T02:07:54.517Z] [INFO] [analyzer] 开始分析 DXC5Ym2cpxRuNtwe7hxDMqZUQZWj45htUqFToZCMpump
[2026-03-14T02:07:54.560Z] [ERROR] [analyzer] getHolderInfo失败 | {"mint":"DXC5Ym2cpxRuNtwe7hxDMqZUQZWj45htUqFToZCMpump","error":"failed to get token largest accounts: Invalid param: not a Token mint"}
[2026-03-14T02:07:55.107Z] [INFO] [monitor] 🆕 新币检测 4Jy7He69misY...
[2026-03-14T02:07:55.900Z] [INFO] [monitor] 🆕 新币检测 5AeMLLRPbnYP...
[2026-03-14T02:07:55.905Z] [INFO] [monitor] 🆕 新币检测 4NuZSVyzTYmy...
[2026-03-14T02:07:56.942Z] [INFO] [monitor] 🆕 新币检测 2gXkSvnVC181...
[2026-03-14T02:07:57.365Z] [INFO] [monitor] 🆕 新币检测 3K6GJKZ4qkBP...
[2026-03-14T02:07:57.426Z] [INFO] [analyzer] 数据查询完成 2909ms | {"mint":"DXC5Ym2c","name":"FUN","symbol":"FUN"}
[2026-03-14T02:07:57.427Z] [SIGNAL] [analyzer] 📊 FUN (FUN) 评分: 13/100 | {"reasons":["Dev一般(7天7个)"]}
[2026-03-14T02:07:57.427Z] [INFO] [monitor] 📊 FUN 评分13不够，跳过
[2026-03-14T02:07:58.075Z] [INFO] [monitor] 🆕 新币检测 2cdgHtcZnqyR...
[2026-03-14T02:07:58.075Z] [INFO] [monitor] 🆕 新币检测 NM1o8YvdBiVU...
[2026-03-14T02:07:58.077Z] [INFO] [monitor] 🆕 新币检测 qFj6yoAkCLeo...
[2026-03-14T02:07:58.077Z] [INFO] [monitor] 🆕 新币检测 FsdYtwLSnxrt...
[2026-03-14T02:07:58.420Z] [INFO] [monitor] 🆕 新币检测 3XtjCRZyveDi...
[2026-03-14T02:07:58.924Z] [INFO] [monitor] 🆕 新币检测 2DgRH73MjnwE...
[2026-03-14T02:07:58.927Z] [INFO] [monitor] 🆕 新币检测 3UCZNEaqegsq...
[2026-03-14T02:07:59.317Z] [INFO] [monitor] 🆕 新币检测 4P1n92SwxUap...
[2026-03-14T02:07:59.328Z] [INFO] [monitor] 🆕 新币检测 5q6sPs76NdHZ...
[2026-03-14T02:07:59.716Z] [INFO] [monitor] 🆕 新币检测 PEBLhdpjL7rR...
[2026-03-14T02:08:00.763Z] [INFO] [monitor] 🆕 新币: 6LmqziujdY9A... | {"creator":"Ecfe3SqF","solSpent":"1.073"}
[2026-03-14T02:08:00.996Z] [INFO] [monitor] 🆕 新币检测 636VpHxf2CPt...
[2026-03-14T02:08:02.050Z] [INFO] [monitor] 🆕 新币检测 5Jf78LjZWx6R...
[2026-03-14T02:08:02.763Z] [INFO] [analyzer] 开始分析 6LmqziujdY9A47YXkYvuWARTYqLQBjHZiZKTT8aEpump
[2026-03-14T02:08:02.814Z] [ERROR] [analyzer] getHolderInfo失败 | {"mint":"6LmqziujdY9A47YXkYvuWARTYqLQBjHZiZKTT8aEpump","error":"failed to get token largest accounts: Invalid param: not a Token mint"}
[2026-03-14T02:08:03.094Z] [INFO] [monitor] 🆕 新币检测 2khUwW3g4w78...
[2026-03-14T02:08:03.095Z] [INFO] [monitor] 🆕 新币检测 CiEKSq1B7tqP...
[2026-03-14T02:08:03.287Z] [INFO] [analyzer] 数据查询完成 524ms | {"mint":"6Lmqziuj","name":"The Last Trencher","symbol":"ONODA"}
[2026-03-14T02:08:03.287Z] [SIGNAL] [analyzer] 📊 ONODA (The Last Trencher) 评分: 20/100 | {"reasons":["Dev正常(7天0个)"]}
[2026-03-14T02:08:03.287Z] [INFO] [monitor] 📊 ONODA 评分20不够，跳过
[2026-03-14T02:08:03.524Z] [INFO] [monitor] 🆕 新币检测 5Tdr4J7iyHhh...
[2026-03-14T02:08:06.650Z] [INFO] [monitor] 🆕 新币: ADcW46oRCq3e... | {"creator":"CLUKsXCC","solSpent":"0.434"}
[2026-03-14T02:08:06.831Z] [INFO] [monitor] 🆕 新币检测 2Z9GQLpGLAaw...
[2026-03-14T02:08:06.831Z] [INFO] [monitor] 🆕 新币检测 48wsCSAhBDUn...
[2026-03-14T02:08:08.550Z] [INFO] [monitor] 🆕 新币检测 4vWNamgFdeLs...
[2026-03-14T02:08:08.650Z] [INFO] [analyzer] 开始分析 ADcW46oRCq3eTDNEhoZKj5bcxqkcEMprw9xRfPeupump
[2026-03-14T02:08:08.696Z] [ERROR] [analyzer] getHolderInfo失败 | {"mint":"ADcW46oRCq3eTDNEhoZKj5bcxqkcEMprw9xRfPeupump","error":"failed to get token largest accounts: Invalid param: not a Token mint"}
[2026-03-14T02:08:08.936Z] [INFO] [analyzer] 数据查询完成 286ms | {"mint":"ADcW46oR","name":"Hapter","symbol":"Hapter"}
[2026-03-14T02:08:08.936Z] [SIGNAL] [analyzer] 📊 Hapter (Hapter) 评分: 20/100 | {"reasons":["Dev正常(7天0个)"]}
[2026-03-14T02:08:08.937Z] [INFO] [monitor] 📊 Hapter 评分20不够，跳过
[2026-03-14T02:08:09.193Z] [INFO] [monitor] 🆕 新币检测 4xpxdQ8rzCm8...
[2026-03-14T02:08:09.195Z] [INFO] [monitor] 🆕 新币检测 5dE8jNcyfps7...
[2026-03-14T02:08:10.657Z] [INFO] [monitor] 🆕 新币检测 2G6DNJ5tgALM...
[2026-03-14T02:08:11.027Z] [INFO] [monitor] 🆕 新币检测 2bfJpYSqwsoz...
[2026-03-14T02:08:11.433Z] [INFO] [monitor] 🆕 新币检测 4KH6BMHsxfFw...
[2026-03-14T02:08:13.879Z] [INFO] [monitor] 🆕 新币: B4SZxLmfLE1y... | {"creator":"95TWoKkv","solSpent":"10.136"}
[2026-03-14T02:08:15.879Z] [INFO] [analyzer] 开始分析 B4SZxLmfLE1y5GPSemz1aGMtTYa4nNhT6ZgF5MUQpump
[2026-03-14T02:08:16.266Z] [INFO] [monitor] 🆕 新币检测 5iQg7jqLUQUm...
[2026-03-14T02:08:16.635Z] [INFO] [monitor] 🆕 新币检测 3Q4ErowNCRQa...
[2026-03-14T02:08:16.636Z] [INFO] [monitor] 🆕 新币检测 m6pHpjRDieJe...
[2026-03-14T02:08:16.638Z] [INFO] [monitor] 🆕 新币检测 568uP3swzPyK...
[2026-03-14T02:08:17.776Z] [INFO] [monitor] 🆕 新币检测 bRYCLq25s4ut...
[2026-03-14T02:08:19.615Z] [INFO] [monitor] 🆕 新币检测 5xZWmV2kwEPy...
[2026-03-14T02:08:19.988Z] [INFO] [monitor] 🆕 新币检测 43frEuN1CWdv...
[2026-03-14T02:08:20.509Z] [INFO] [monitor] 🆕 新币检测 42BE2Yn7D3gc...
[2026-03-14T02:08:21.353Z] [INFO] [monitor] 🆕 新币检测 rUnH9ZQoqF2e...
[2026-03-14T02:08:23.172Z] [INFO] [monitor] 🆕 新币检测 5apz1y1Goy38...
[2026-03-14T02:08:23.872Z] [INFO] [monitor] 🆕 新币检测 3CBkv34eefpQ...
[2026-03-14T02:08:24.246Z] [INFO] [monitor] 🆕 新币检测 5xkxEftev7QQ...
[2026-03-14T02:08:24.993Z] [INFO] [monitor] 🆕 新币检测 eQttVyg2FBzt...
[2026-03-14T02:08:24.997Z] [INFO] [monitor] 🆕 新币检测 53AUVVvSVXsc...
[2026-03-14T02:08:25.317Z] [INFO] [monitor] 🆕 新币检测 5jiq7tzag3T3...
[2026-03-14T02:08:26.527Z] [INFO] [monitor] 🆕 新币检测 481CYffHs2WG...
[2026-03-14T02:08:26.927Z] [INFO] [monitor] 🆕 新币检测 5J5zYcZhTJ89...
[2026-03-14T02:08:26.943Z] [INFO] [analyzer] 数据查询完成 11064ms | {"mint":"B4SZxLmf","name":"BUTTCOON","symbol":"BUTTCOON"}
[2026-03-14T02:08:26.943Z] [SIGNAL] [analyzer] 📊 BUTTCOON (BUTTCOON) 安全检查未通过 | {"issues":["top holder占7.2%"]}
[2026-03-14T02:08:26.943Z] [INFO] [monitor] ❌ BUTTCOON 未通过: top holder占7.2%
[2026-03-14T02:08:27.328Z] [INFO] [monitor] 🆕 新币检测 4hbzcFvLPn1B...
[2026-03-14T02:08:27.335Z] [INFO] [monitor] 🆕 新币检测 5h9L8Wm6VpeB...
[2026-03-14T02:08:27.824Z] [INFO] [monitor] 🆕 新币: 3nm4nnuSPHHq... | {"creator":"Eer6Js76","solSpent":"0.220"}
[2026-03-14T02:08:29.263Z] [INFO] [monitor] 🆕 新币检测 2Jve8QHoDjBk...
[2026-03-14T02:08:29.824Z] [INFO] [analyzer] 开始分析 3nm4nnuSPHHqw2GEcwbe5J6A6HsjSJufN2bPGNLkpump
[2026-03-14T02:08:29.977Z] [INFO] [monitor] 🆕 新币检测 41yKvyUHq95k...
[2026-03-14T02:08:30.289Z] [INFO] [monitor] 🆕 新币检测 4WWdRdcFKFSu...
[2026-03-14T02:08:30.302Z] [INFO] [monitor] 🆕 新币检测 58ot83a1ZAro...
[2026-03-14T02:08:31.147Z] [INFO] [analyzer] 数据查询完成 1323ms | {"mint":"3nm4nnuS","name":"Justice for granny","symbol":"Angela"}
[2026-03-14T02:08:31.147Z] [SIGNAL] [analyzer] 📊 Angela (Justice for granny) 评分: 34/100 | {"reasons":["持仓分散(top0.7%)","Dev一般(7天4个)"]}
[2026-03-14T02:08:31.147Z] [INFO] [monitor] 📊 Angela 评分34不够，跳过
[2026-03-14T02:08:32.646Z] [INFO] [monitor] 🆕 新币检测 616h3HAxo8EL...
[2026-03-14T02:08:33.959Z] [INFO] [monitor] 🆕 新币检测 35RyJGje3mpm...
[2026-03-14T02:08:35.094Z] [INFO] [monitor] 🆕 新币检测 3x8qzDBdEBuS...
[2026-03-14T02:08:35.095Z] [INFO] [monitor] 🆕 新币检测 5p8JGpxdDtAe...
[2026-03-14T02:08:35.106Z] [INFO] [monitor] 🆕 新币检测 qXnjejhRopHz...
[2026-03-14T02:08:35.485Z] [INFO] [monitor] 🆕 新币检测 xuxGMzF4uoi7...
[2026-03-14T02:08:35.495Z] [INFO] [monitor] 🆕 新币检测 3F7PAcoqfCiu...
[2026-03-14T02:08:35.891Z] [INFO] [monitor] 🆕 新币检测 BxkjpfkQdLnm...
[2026-03-14T02:08:36.307Z] [INFO] [monitor] 🆕 新币检测 592WTyfwwZch...
[2026-03-14T02:08:36.637Z] [INFO] [monitor] 🆕 新币检测 Pvak6tey9TfS...
[2026-03-14T02:08:36.964Z] [INFO] [monitor] 🆕 新币: BENeoR4Cghgr... | {"creator":"BDGkbKKr","solSpent":"0.104"}
[2026-03-14T02:08:37.752Z] [INFO] [monitor] 🆕 新币检测 4igxRRsUMUnS...
[2026-03-14T02:08:38.117Z] [INFO] [monitor] 🆕 新币检测 5irUUuDECVZE...
[2026-03-14T02:08:38.865Z] [INFO] [monitor] 🆕 新币检测 5UCXs5L8rM6Z...
[2026-03-14T02:08:38.964Z] [INFO] [analyzer] 开始分析 BENeoR4Cghgrxi1KJibSUprSbiwBRDGTi9r7G98rpump
[2026-03-14T02:08:39.008Z] [ERROR] [analyzer] getHolderInfo失败 | {"mint":"BENeoR4Cghgrxi1KJibSUprSbiwBRDGTi9r7G98rpump","error":"failed to get token largest accounts: Invalid param: not a Token mint"}
[2026-03-14T02:08:39.239Z] [INFO] [analyzer] 数据查询完成 275ms | {"mint":"BENeoR4C","name":"Unknown","symbol":"???"}
[2026-03-14T02:08:39.239Z] [SIGNAL] [analyzer] 📊 ??? (Unknown) 评分: 15/100 | {"reasons":["Dev正常(7天0个)"]}
[2026-03-14T02:08:39.239Z] [INFO] [monitor] 📊 ??? 评分15不够，跳过
[2026-03-14T02:08:39.275Z] [INFO] [monitor] 🆕 新币检测 5w81Np3pKDx8...
[2026-03-14T02:08:39.581Z] [INFO] [monitor] 📊 1分钟 | 新币79 | 分析33 | 信号0 | 买入0 | 持仓0 | 队列46
[2026-03-14T02:08:41.617Z] [INFO] [monitor] 🆕 新币检测 44GyngFNtu6k...
[2026-03-14T02:08:41.625Z] [INFO] [monitor] 🆕 新币检测 3HJumBtJCdma...
[2026-03-14T02:08:42.012Z] [INFO] [monitor] 🆕 新币检测 5xCi4vqEfWhu...
[2026-03-14T02:08:42.024Z] [INFO] [monitor] 🆕 新币检测 5ZcnmS2rqzxu...
[2026-03-14T02:08:42.026Z] [INFO] [monitor] 🆕 新币检测 2h2NbWDQzeKB...
[2026-03-14T02:08:42.329Z] [INFO] [monitor] 🆕 新币检测 58qKRvSgtM8d...
[2026-03-14T02:08:43.436Z] [INFO] [monitor] 🆕 新币检测 52FX2dCQbya7...
[2026-03-14T02:08:43.443Z] [INFO] [monitor] 🆕 新币检测 P8Emuwq5B9pw...
[2026-03-14T02:08:43.846Z] [INFO] [monitor] 🆕 新币检测 N1fbninLxChG...
[2026-03-14T02:08:44.152Z] [INFO] [monitor] 🆕 新币检测 3xXh4ktzuSLG...
[2026-03-14T02:08:44.154Z] [INFO] [monitor] 🆕 新币检测 5p4XctJRPDjX...
[2026-03-14T02:08:46.000Z] [INFO] [monitor] 🆕 新币检测 5f9A7EXPpVri...
[2026-03-14T02:08:46.412Z] [INFO] [monitor] 🆕 新币检测 5CCGw64ijjrd...
[2026-03-14T02:08:46.420Z] [INFO] [monitor] 🆕 新币检测 2KtoYyLicRMn...
[2026-03-14T02:08:46.710Z] [INFO] [monitor] 🆕 新币检测 2Zp66FXQNPDe...
[2026-03-14T02:08:46.922Z] [INFO] [monitor] 🆕 新币: 7trykjYcHXcV... | {"creator":"Fq22x426","solSpent":"0.085"}
[2026-03-14T02:08:47.066Z] [INFO] [monitor] 🆕 新币检测 554uyj36Hh9c...
[2026-03-14T02:08:47.673Z] [INFO] [monitor] 🆕 新币检测 5mHSMPp4b5di...
[2026-03-14T02:08:47.973Z] [INFO] [monitor] 🆕 新币检测 5jjy2rPJfAew...
[2026-03-14T02:08:48.375Z] [INFO] [monitor] 🆕 新币检测 2iDteqpxp2HD...
[2026-03-14T02:08:48.674Z] [INFO] [monitor] 🆕 新币检测 35kUXMetWUDZ...
[2026-03-14T02:08:48.674Z] [INFO] [monitor] 🆕 新币检测 3T6AjPKWJjY9...
[2026-03-14T02:08:48.922Z] [INFO] [analyzer] 开始分析 7trykjYcHXcVpfw5QDthikZ751jYVY74W4oKnjrCpump
[2026-03-14T02:08:49.049Z] [INFO] [monitor] 🆕 新币检测 PEkpMkdavM9e...
[2026-03-14T02:08:49.780Z] [INFO] [monitor] 🆕 新币检测 5BravRzLtnSN...
[2026-03-14T02:08:50.561Z] [INFO] [monitor] 🆕 新币检测 4uNri7P186EE...
[2026-03-14T02:08:50.900Z] [INFO] [analyzer] 数据查询完成 1978ms | {"mint":"7trykjYc","name":"IRONDOME","symbol":"IROME"}
[2026-03-14T02:08:50.900Z] [SIGNAL] [analyzer] 📊 IROME (IRONDOME) 安全检查未通过 | {"issues":["top holder占49.8%"]}
[2026-03-14T02:08:50.900Z] [INFO] [monitor] ❌ IROME 未通过: top holder占49.8%
[2026-03-14T02:08:51.373Z] [INFO] [monitor] 🆕 新币检测 2HjJ6aN8TYr4...
[2026-03-14T02:08:52.227Z] [INFO] [monitor] 🆕 新币检测 3yx49asWh6sg...
[2026-03-14T02:08:52.229Z] [INFO] [monitor] 🆕 新币检测 kbWLTD7CGYYu...
[2026-03-14T02:08:53.592Z] [INFO] [monitor] 🐕 土狗系统启动中...
[2026-03-14T02:08:53.692Z] [INFO] [monitor] 🆕 新币检测 57TsBioAMuFD...
[2026-03-14T02:08:53.750Z] [INFO] [monitor] 💰 SOL余额: 1.1348
[2026-03-14T02:08:53.750Z] [INFO] [monitor] 🧠 聪明钱: 0个
[2026-03-14T02:08:53.750Z] [INFO] [monitor] 📦 持仓: 0个
[2026-03-14T02:08:53.750Z] [INFO] [monitor] 连接 Helius WebSocket...
[2026-03-14T02:08:53.856Z] [INFO] [monitor] ✅ WebSocket 已连接
[2026-03-14T02:08:53.861Z] [INFO] [monitor] 订阅成功，ID: 37829537
[2026-03-14T02:08:54.029Z] [ERROR] [notifier] Telegram error: fetch failed
[2026-03-14T02:08:54.029Z] [INFO] [monitor] 🐕 土狗系统启动完成 ✅
[2026-03-14T02:08:54.083Z] [INFO] [monitor] 🆕 新币检测 3Fu77G4mVPCn...
[2026-03-14T02:08:54.089Z] [INFO] [monitor] 🆕 新币检测 4SPdDRQabxvs...
[2026-03-14T02:08:54.588Z] [INFO] [monitor] 🆕 新币检测 5TLF8Pa6EoBq...
[2026-03-14T02:08:54.593Z] [INFO] [monitor] 🆕 新币检测 Nzeb6XyWUNhM...
[2026-03-14T02:08:54.595Z] [INFO] [monitor] 🆕 新币检测 625FaouEhAH2...
[2026-03-14T02:08:54.596Z] [INFO] [monitor] 🆕 新币检测 3zV7uT3kdj1Z...
[2026-03-14T02:08:55.536Z] [INFO] [monitor] 🆕 新币检测 4cN386uhZqFs...
[2026-03-14T02:08:55.833Z] [INFO] [monitor] 🆕 新币检测 4jcaU4KYXrfj...
[2026-03-14T02:08:55.851Z] [INFO] [monitor] 🆕 新币检测 67WeYUfAUC2M...
[2026-03-14T02:08:55.852Z] [INFO] [monitor] 🆕 新币检测 Ta5C2cAG725u...
[2026-03-14T02:08:56.243Z] [INFO] [monitor] 🆕 新币检测 5VPSubn3Xx9L...
[2026-03-14T02:08:56.255Z] [INFO] [monitor] 🆕 新币检测 5vrrbeaXB4oq...
[2026-03-14T02:08:57.639Z] [INFO] [monitor] 🆕 新币检测 44jXq3a12Q1u...
[2026-03-14T02:08:58.153Z] [INFO] [monitor] 🆕 新币: 9pwBFkrTWvFF... creator: AKSfY6N6
[2026-03-14T02:08:58.154Z] [INFO] [analyzer] 开始分析 9pwBFkrTWvFFpq8DrJXdrvrkySJhUkPrfpBQLarepump
[2026-03-14T02:08:58.208Z] [WARN] [analyzer] getHolderInfo失败(可能太新) | {"mint":"9pwBFkrT","error":"failed to get token largest accounts: Invalid param: not a Token mint"}
[2026-03-14T02:08:58.418Z] [INFO] [analyzer] 数据查询完成 264ms | {"mint":"9pwBFkrT","name":"HelloKittyRpgKickflip360","symbol":"HK360"}
[2026-03-14T02:08:58.418Z] [SIGNAL] [analyzer] 📊 HK360 (HelloKittyRpgKickflip360) 评分: 38/100 | {"reasons":["新币(holder待确认)","Dev正常(7天0个)","Dev买入5.51SOL 💰"]}
[2026-03-14T02:08:58.418Z] [INFO] [monitor] 📊 HK360 评分38不够，跳过
[2026-03-14T02:08:58.558Z] [INFO] [monitor] 🆕 新币: B6LbfSSzYjvW... | {"creator":"LiEKefxx","solSpent":"0.123"}
[2026-03-14T02:08:58.618Z] [INFO] [monitor] 🆕 新币: GARHwezfzzHd... creator: 3eBSL6P2
[2026-03-14T02:08:58.618Z] [INFO] [analyzer] 开始分析 GARHwezfzzHdJvYrbyythwAUqu6JGdXQzUQ5cpYtih6f
[2026-03-14T02:08:58.652Z] [WARN] [analyzer] getHolderInfo失败(可能太新) | {"mint":"GARHwezf","error":"failed to get token largest accounts: Invalid param: not a Token mint"}
[2026-03-14T02:08:59.312Z] [INFO] [analyzer] 数据查询完成 694ms | {"mint":"GARHwezf","name":"test","symbol":"test"}
[2026-03-14T02:08:59.312Z] [SIGNAL] [analyzer] 📊 test (test) 评分: 21/100 | {"reasons":["新币(holder待确认)","Dev一般(7天9个)"]}
[2026-03-14T02:08:59.312Z] [INFO] [monitor] 📊 test 评分21不够，跳过
[2026-03-14T02:09:00.339Z] [INFO] [monitor] 🆕 新币检测 3seCSLwMEoK3...
[2026-03-14T02:09:00.558Z] [INFO] [analyzer] 开始分析 B6LbfSSzYjvW58WegNeQthQv143nzE6GhvLwzR7npump
[2026-03-14T02:09:01.053Z] [INFO] [monitor] 🆕 新币检测 5xXMd29jkwQV...
[2026-03-14T02:09:03.495Z] [INFO] [monitor] 🆕 新币检测 2oBwkYmP2YQb...
[2026-03-14T02:09:03.905Z] [INFO] [monitor] 🆕 新币检测 64N5uepM5tCh...
[2026-03-14T02:09:03.916Z] [INFO] [monitor] 🆕 新币检测 RPwPSMRSjSb1...
[2026-03-14T02:09:04.634Z] [INFO] [analyzer] 数据查询完成 4076ms | {"mint":"B6LbfSSz","name":"I cry","symbol":"cry"}
[2026-03-14T02:09:04.635Z] [SIGNAL] [analyzer] 📊 cry (I cry) 评分: 41/100 | {"reasons":["持仓分散(top0.4%)","Dev正常(7天1个)"]}
[2026-03-14T02:09:04.635Z] [INFO] [monitor] 📊 cry 评分41不够，跳过
[2026-03-14T02:09:06.066Z] [INFO] [monitor] 🆕 新币检测 4TaDzFk5LtVF...
[2026-03-14T02:09:07.389Z] [INFO] [monitor] 🆕 新币检测 3UeCmyjqMvoj...
[2026-03-14T02:09:07.392Z] [INFO] [monitor] 🆕 新币检测 5FM1YYPczb92...
[2026-03-14T02:09:07.400Z] [INFO] [monitor] 🆕 新币检测 3Vz5jVNeEVFG...
[2026-03-14T02:09:07.775Z] [INFO] [monitor] 🆕 新币检测 3Bdjp4FNfd8m...
[2026-03-14T02:09:07.776Z] [INFO] [monitor] 🆕 新币检测 2qLunA3ohjf5...
[2026-03-14T02:09:11.659Z] [INFO] [monitor] 🆕 新币检测 4QFJnhA24mzH...
[2026-03-14T02:09:12.002Z] [INFO] [monitor] 🆕 新币检测 4BELCzkU9N8c...
[2026-03-14T02:09:12.814Z] [INFO] [monitor] 🆕 新币检测 KhF9aiVZ2EJQ...
[2026-03-14T02:09:12.814Z] [INFO] [monitor] 🆕 新币检测 HLbouEn2kfYL...
[2026-03-14T02:09:13.113Z] [INFO] [monitor] 🆕 新币检测 5psXFroDg98z...
[2026-03-14T02:09:13.121Z] [INFO] [monitor] 🆕 新币检测 3swGwTgCWeox...
[2026-03-14T02:09:13.387Z] [INFO] [monitor] 🆕 新币: 8JodGvz9VVdh... | {"creator":"EuSPozx9","solSpent":"0.041"}
[2026-03-14T02:09:13.514Z] [INFO] [monitor] 🆕 新币检测 3ZDs6Y5YkNX5...
[2026-03-14T02:09:13.824Z] [INFO] [monitor] 🆕 新币检测 2Gy23ZaESQke...
[2026-03-14T02:09:14.219Z] [INFO] [monitor] 🆕 新币检测 58jqeWJvwxs2...
[2026-03-14T02:09:14.948Z] [INFO] [monitor] 🆕 新币检测 3NRYSN7nhDKX...
[2026-03-14T02:09:14.968Z] [INFO] [monitor] 🆕 新币检测 3EDebn4v1cU9...
[2026-03-14T02:09:15.344Z] [INFO] [monitor] 🆕 新币检测 5TxX6V9rUatS...
[2026-03-14T02:09:15.345Z] [INFO] [monitor] 🆕 新币检测 2GQ9G5jrK3D1...
[2026-03-14T02:09:15.387Z] [INFO] [analyzer] 开始分析 8JodGvz9VVdhzQ9uR23zo8tJY9vHwDgirQHStRUHpump
[2026-03-14T02:09:16.248Z] [INFO] [monitor] 🆕 新币检测 2RHxHCL9tLAN...
[2026-03-14T02:09:17.348Z] [INFO] [monitor] 🆕 新币检测 3LyoSB38cqE1...
[2026-03-14T02:09:17.724Z] [INFO] [monitor] 🆕 新币: 99KJraAwyzWa... creator: BKCnci92
[2026-03-14T02:09:17.724Z] [INFO] [analyzer] 开始分析 99KJraAwyzWa4jZDDH6NA2f64L68ZNuaJ3WuDL4xpump
[2026-03-14T02:09:17.774Z] [WARN] [analyzer] getHolderInfo失败(可能太新) | {"mint":"99KJraAw","error":"failed to get token largest accounts: Invalid param: not a Token mint"}
[2026-03-14T02:09:18.008Z] [INFO] [analyzer] 数据查询完成 284ms | {"mint":"99KJraAw","name":"Autoresearch","symbol":"Research"}
[2026-03-14T02:09:18.008Z] [SIGNAL] [analyzer] 📊 Research (Autoresearch) 评分: 33/100 | {"reasons":["新币(holder待确认)","Dev正常(7天0个)","Dev买入1.01SOL"]}
[2026-03-14T02:09:18.008Z] [INFO] [monitor] 📊 Research 评分33不够，跳过
[2026-03-14T02:09:18.061Z] [INFO] [monitor] 🆕 新币检测 2GbXzGJKxcdS...
[2026-03-14T02:09:18.495Z] [INFO] [monitor] 🆕 新币检测 3DtaQ8BB2mEf...
[2026-03-14T02:09:18.497Z] [INFO] [monitor] 🆕 新币检测 3A8rzRov1qnQ...
[2026-03-14T02:09:19.220Z] [INFO] [monitor] 🆕 新币检测 66c8yjNHNJtB...
[2026-03-14T02:09:21.792Z] [INFO] [monitor] 🆕 新币检测 5rUV5iKAaP1f...
[2026-03-14T02:09:23.349Z] [INFO] [monitor] 🆕 新币检测 XeL32R55j1Fm...
[2026-03-14T02:09:24.120Z] [INFO] [monitor] 🆕 新币: HcNGtQbjAk2m... creator: 7a8ZkzC6
[2026-03-14T02:09:24.120Z] [INFO] [analyzer] 开始分析 HcNGtQbjAk2mhUeMZck2BQuVjEiRLHrvrdRJ2rQ4pump
[2026-03-14T02:09:24.163Z] [WARN] [analyzer] getHolderInfo失败(可能太新) | {"mint":"HcNGtQbj","error":"failed to get token largest accounts: Invalid param: not a Token mint"}
[2026-03-14T02:09:24.330Z] [INFO] [monitor] 🆕 新币检测 53yBbjVBwfHT...
[2026-03-14T02:09:25.010Z] [INFO] [monitor] 🆕 新币检测 38FMLqE7dfTG...
[2026-03-14T02:09:25.936Z] [INFO] [monitor] 🆕 新币检测 5vMYDZMyEKhc...
[2026-03-14T02:09:26.035Z] [INFO] [analyzer] 数据查询完成 10648ms | {"mint":"8JodGvz9","name":"Agent 007","symbol":"Bond"}
[2026-03-14T02:09:26.035Z] [SIGNAL] [analyzer] 📊 Bond (Agent 007) 评分: 51/100 | {"reasons":["持仓分散(top1.7%)","Dev正常(7天1个)","热门叙事"]}
[2026-03-14T02:09:26.035Z] [INFO] [monitor] 📊 Bond 评分51不够，跳过
[2026-03-14T02:09:27.463Z] [INFO] [monitor] 🆕 新币检测 5rbyHsxiJxpJ...
[2026-03-14T02:09:27.882Z] [INFO] [monitor] 🆕 新币检测 4p72yaQ3VQa3...
[2026-03-14T02:09:28.377Z] [INFO] [monitor] 🆕 新币: Gc938zmqQS6Z... creator: 31saLWmF
[2026-03-14T02:09:28.377Z] [INFO] [analyzer] 开始分析 Gc938zmqQS6ZQd5VzGc1cAndRGvgwfZHj61hfXvdpump
[2026-03-14T02:09:28.416Z] [WARN] [analyzer] getHolderInfo失败(可能太新) | {"mint":"Gc938zmq","error":"failed to get token largest accounts: Invalid param: not a Token mint"}
[2026-03-14T02:09:29.003Z] [INFO] [monitor] 🆕 新币检测 4omDcL52vTXF...
[2026-03-14T02:09:29.016Z] [INFO] [monitor] 🆕 新币检测 3gppBHdYRJzj...
[2026-03-14T02:09:29.016Z] [INFO] [monitor] 🆕 新币检测 4Pp5dezrQiiQ...
[2026-03-14T02:09:29.055Z] [INFO] [analyzer] 数据查询完成 678ms | {"mint":"Gc938zmq","name":"US","symbol":"US"}
[2026-03-14T02:09:29.055Z] [SIGNAL] [analyzer] 📊 US (US) 评分: 26/100 | {"reasons":["新币(holder待确认)","Dev一般(7天5个)","Dev买入1.03SOL"]}
[2026-03-14T02:09:29.055Z] [INFO] [monitor] 📊 US 评分26不够，跳过
[2026-03-14T02:09:29.443Z] [INFO] [monitor] 🆕 新币检测 4S9EUs2uBvgA...
[2026-03-14T02:09:29.444Z] [INFO] [monitor] 🆕 新币检测 4p9UJuAfw61z...
[2026-03-14T02:09:29.444Z] [INFO] [monitor] 🆕 新币检测 2puzUbkepKz2...
[2026-03-14T02:09:29.444Z] [INFO] [monitor] 🆕 新币检测 38c5AT3DhqgB...
[2026-03-14T02:09:29.460Z] [INFO] [monitor] 🆕 新币检测 4D5Qbg2iPj1C...
[2026-03-14T02:09:29.714Z] [INFO] [monitor] 🆕 新币检测 2mpH8Mxa8am8...
[2026-03-14T02:09:29.714Z] [INFO] [monitor] 🆕 新币检测 3noMwfyBq6Lw...
[2026-03-14T02:09:29.715Z] [INFO] [monitor] 🆕 新币检测 4h5riwQFx1MW...
[2026-03-14T02:09:30.881Z] [INFO] [monitor] 🆕 新币检测 4wn6umBXZyVg...
[2026-03-14T02:09:31.919Z] [INFO] [monitor] 🆕 新币检测 3V4KNMqo8bR7...
[2026-03-14T02:09:32.652Z] [INFO] [monitor] 🆕 新币检测 HVma4iBdAsek...
[2026-03-14T02:09:33.489Z] [INFO] [monitor] 🐕 土狗系统已停止
[2026-03-14T02:09:34.163Z] [INFO] [monitor] 🐕 土狗系统启动中...
[2026-03-14T02:09:34.332Z] [INFO] [monitor] 💰 SOL余额: 1.1348
[2026-03-14T02:09:34.333Z] [INFO] [monitor] 🧠 聪明钱: 0个
[2026-03-14T02:09:34.333Z] [INFO] [monitor] 📦 持仓: 0个
[2026-03-14T02:09:34.333Z] [INFO] [monitor] 连接 Helius WebSocket...
[2026-03-14T02:09:34.454Z] [INFO] [monitor] ✅ WebSocket 已连接
[2026-03-14T02:09:34.461Z] [INFO] [monitor] 订阅成功，ID: 50518889
[2026-03-14T02:09:35.267Z] [INFO] [monitor] 🆕 新币检测 49UerQfuJY3p...
[2026-03-14T02:09:35.300Z] [INFO] [monitor] 🐕 土狗系统启动完成 ✅
[2026-03-14T02:09:35.673Z] [INFO] [monitor] 🆕 新币检测 3eAxadRs9cvQ...
[2026-03-14T02:09:37.423Z] [INFO] [monitor] 🆕 新币检测 4eeDZFvTy6es...
[2026-03-14T02:09:37.872Z] [INFO] [monitor] 🆕 新币: Dq9dcynakeaJ... creator: BW8pYUhA
[2026-03-14T02:09:37.873Z] [INFO] [analyzer] 开始分析 Dq9dcynakeaJTN3BY55FmctGqC4xnrTZWR6ara5Vpump
[2026-03-14T02:09:39.021Z] [INFO] [monitor] 持仓监控停止
[2026-03-14T02:09:39.021Z] [INFO] [monitor] 🛑 土狗系统停止
[2026-03-14T02:09:39.499Z] [INFO] [analyzer] 数据查询完成 1627ms | {"mint":"Dq9dcyna","name":"diddyblud","symbol":"didblud"}
[2026-03-14T02:09:39.499Z] [SIGNAL] [analyzer] 📊 didblud (diddyblud) 评分: 35/100 | {"reasons":["持仓分散(top0.0%)","Dev正常(7天1个)"]}
[2026-03-14T02:09:39.499Z] [INFO] [monitor] 📊 didblud 评分35不够，跳过
[2026-03-14T02:09:49.941Z] [INFO] [monitor] 🆕 新币: DrhyYN3RpFKn... creator: DLUzFJgh
[2026-03-14T02:09:49.941Z] [INFO] [analyzer] 开始分析 DrhyYN3RpFKnnaM3Uk8MPEccRXWhXxgV6Eo7HmVepump
[2026-03-14T02:09:50.226Z] [INFO] [analyzer] 数据查询完成 285ms | {"mint":"DrhyYN3R","name":"Blep","symbol":"Blep"}
[2026-03-14T02:09:50.226Z] [SIGNAL] [analyzer] 📊 Blep (Blep) 评分: 35/100 | {"reasons":["持仓分散(top0.9%)","Dev正常(7天0个)"]}
[2026-03-14T02:09:50.226Z] [INFO] [monitor] 📊 Blep 评分35不够，跳过
[2026-03-14T02:09:52.198Z] [INFO] [monitor] 🆕 新币: 9MEh8vK6WtD8... creator: 5xMsG3fo
[2026-03-14T02:09:52.198Z] [INFO] [analyzer] 开始分析 9MEh8vK6WtD8aDbLCkot81gUL4y6okQ1jWEXG6x6pump
[2026-03-14T02:09:53.053Z] [INFO] [analyzer] 数据查询完成 855ms | {"mint":"9MEh8vK6","name":"characters can change your life","symbol":"44"}
[2026-03-14T02:09:53.053Z] [SIGNAL] [analyzer] 📊 44 (characters can change your life) 评分: 46/100 | {"reasons":["持仓分散(top0.8%)","Dev正常(7天0个)","7个holder","Dev买入1.02SOL"]}
[2026-03-14T02:09:53.053Z] [INFO] [monitor] 📊 44 评分46不够，跳过
[2026-03-14T02:09:57.116Z] [INFO] [monitor] 🆕 新币: DyJ7qATCCqAH... creator: bEQWsufb
[2026-03-14T02:09:57.116Z] [INFO] [analyzer] 开始分析 DyJ7qATCCqAHiYoyFRV8zCsvc3Xes2otuYuzX1s2pump
[2026-03-14T02:10:02.316Z] [INFO] [monitor] 🆕 新币: ETVaqC4nNzr8... creator: 31saLWmF
[2026-03-14T02:10:02.316Z] [INFO] [analyzer] 开始分析 ETVaqC4nNzr8s2rSJ7pDEuw248k7Ca16BPgrgyo5pump
[2026-03-14T02:10:02.911Z] [INFO] [analyzer] 数据查询完成 595ms | {"mint":"ETVaqC4n","name":"US","symbol":"US"}
[2026-03-14T02:10:02.911Z] [SIGNAL] [analyzer] 📊 US (US) 评分: 33/100 | {"reasons":["持仓分散(top1.8%)","Dev一般(7天6个)","Dev买入0.53SOL"]}
[2026-03-14T02:10:02.911Z] [INFO] [monitor] 📊 US 评分33不够，跳过
[2026-03-14T02:10:08.272Z] [INFO] [analyzer] 数据查询完成 11156ms | {"mint":"DyJ7qATC","name":"tinfoil dog","symbol":"tinfoil"}
[2026-03-14T02:10:08.272Z] [SIGNAL] [analyzer] 📊 tinfoil (tinfoil dog) 评分: 38/100 | {"reasons":["持仓分散(top0.0%)","Dev一般(7天5个)","热门叙事 ✅"]}
[2026-03-14T02:10:08.273Z] [INFO] [monitor] 📊 tinfoil 评分38不够，跳过
[2026-03-14T02:10:10.020Z] [INFO] [monitor] 🆕 新币: BoKgtdddJhaS... creator: BYXGoHs2
[2026-03-14T02:10:10.020Z] [INFO] [analyzer] 开始分析 BoKgtdddJhaSRgQURkKYFqqpbzpqVVmoRA8NvjGHpump
[2026-03-14T02:10:10.668Z] [INFO] [analyzer] 数据查询完成 648ms | {"mint":"BoKgtddd","name":"XKIT","symbol":"XKT"}
[2026-03-14T02:10:10.668Z] [SIGNAL] [analyzer] ❌ XKT (XKIT) 安全检查未通过 | {"issues":["top holder占49.9%"]}
[2026-03-14T02:10:10.668Z] [INFO] [monitor] ❌ 淘汰 XKT: top holder占49.9%
[2026-03-14T02:10:12.943Z] [INFO] [monitor] 🆕 新币: EdSpgpBLRonh... creator: 2PebhXJc
[2026-03-14T02:10:12.943Z] [INFO] [analyzer] 开始分析 EdSpgpBLRonhVutgvjCVMYnM3gGeLVXC7togyuwCpump
[2026-03-14T02:10:13.472Z] [INFO] [analyzer] 数据查询完成 529ms | {"mint":"EdSpgpBL","name":"ChicFilA Sauce","symbol":"CHICS"}
[2026-03-14T02:10:13.472Z] [SIGNAL] [analyzer] ❌ CHICS (ChicFilA Sauce) 安全检查未通过 | {"issues":["top holder占49.8%"]}
[2026-03-14T02:10:13.473Z] [INFO] [monitor] ❌ 淘汰 CHICS: top holder占49.8%
[2026-03-14T02:10:14.048Z] [INFO] [monitor] 🆕 新币: GZ8q4xE9gjdF... creator: CkNzns87
[2026-03-14T02:10:14.048Z] [INFO] [analyzer] 开始分析 GZ8q4xE9gjdFqsrQJ7T8avB7bh1d3PsXtYk9fh6Hpump
[2026-03-14T02:10:14.301Z] [INFO] [analyzer] 数据查询完成 253ms | {"mint":"GZ8q4xE9","name":"MATRIXSTAR","symbol":"MATRIXSTAR"}
[2026-03-14T02:10:14.302Z] [SIGNAL] [analyzer] 📊 MATRIXSTAR (MATRIXSTAR) 评分: 46/100 | {"reasons":["持仓分散(top4.3%)","Dev正常(7天0个)","4个holder","Dev买入1.03SOL"]}
[2026-03-14T02:10:14.302Z] [INFO] [monitor] 📊 MATRIXSTAR 评分46不够，跳过
[2026-03-14T02:10:20.489Z] [INFO] [monitor] 🆕 新币: Brxe6AHwoTJj... creator: 6Z3xG8JC
[2026-03-14T02:10:20.489Z] [INFO] [analyzer] 开始分析 Brxe6AHwoTJjncHg3fsxKbabp4MDVDgNUxpTNNALpump
[2026-03-14T02:10:20.805Z] [INFO] [analyzer] 数据查询完成 316ms | {"mint":"Brxe6AHw","name":"Live Action Role Play","symbol":"LARP"}
[2026-03-14T02:10:20.805Z] [SIGNAL] [analyzer] ❌ LARP (Live Action Role Play) 安全检查未通过 | {"issues":["top holder占5.1%"]}
[2026-03-14T02:10:20.805Z] [INFO] [monitor] ❌ 淘汰 LARP: top holder占5.1%
[2026-03-14T02:10:22.522Z] [INFO] [monitor] 🆕 新币: 5T5fsQoiePWq... creator: ENXcdasu
[2026-03-14T02:10:22.522Z] [INFO] [analyzer] 开始分析 5T5fsQoiePWqZ9h3q4hdJS1SGRc9JpCFsurNsESNpump
[2026-03-14T02:10:22.812Z] [INFO] [analyzer] 数据查询完成 290ms | {"mint":"5T5fsQoi","name":"rUview","symbol":"RUVIEW"}
[2026-03-14T02:10:22.812Z] [SIGNAL] [analyzer] 📊 RUVIEW (rUview) 评分: 46/100 | {"reasons":["持仓分散(top4.7%)","Dev正常(7天0个)","3个holder","Dev买入0.71SOL"]}
[2026-03-14T02:10:22.812Z] [INFO] [monitor] 📊 RUVIEW 评分46不够，跳过
[2026-03-14T02:10:37.557Z] [INFO] [monitor] 🆕 新币: AGmWFhzaD9Se... creator: HgEwoe22
[2026-03-14T02:10:37.557Z] [INFO] [analyzer] 开始分析 AGmWFhzaD9SecDUGyWxKLjvNmDgT4k2RwykG2hjapump
[2026-03-14T02:10:39.762Z] [INFO] [analyzer] 数据查询完成 2205ms | {"mint":"AGmWFhza","name":"DONT TREAD ON ME","symbol":"RANDY"}
[2026-03-14T02:10:39.762Z] [SIGNAL] [analyzer] ❌ RANDY (DONT TREAD ON ME) 安全检查未通过 | {"issues":["top holder占6.4%","Dev 7天创建12个币（批量发币）"]}
[2026-03-14T02:10:39.762Z] [INFO] [monitor] ❌ 淘汰 RANDY: top holder占6.4%, Dev 7天创建12个币（批量发币）
[2026-03-14T02:10:42.255Z] [INFO] [monitor] 🆕 新币: 9ASwxygeZho9... creator: 9gzfEnEw
[2026-03-14T02:10:42.255Z] [INFO] [analyzer] 开始分析 9ASwxygeZho9uhM1iFmwPEC2MdJo47QSJjS31N5Xpump
[2026-03-14T02:10:42.782Z] [INFO] [analyzer] 数据查询完成 527ms | {"mint":"9ASwxyge","name":"characters can change your life","symbol":"44"}
[2026-03-14T02:10:42.782Z] [SIGNAL] [analyzer] 📊 44 (characters can change your life) 评分: 46/100 | {"reasons":["持仓分散(top0.1%)","Dev正常(7天0个)","6个holder","Dev买入1.02SOL"]}
[2026-03-14T02:10:42.782Z] [INFO] [monitor] 📊 44 评分46不够，跳过
[2026-03-14T02:10:48.618Z] [INFO] [monitor] 🆕 新币: 2jKEFMP8T112... creator: i944CiQo
[2026-03-14T02:10:48.618Z] [INFO] [analyzer] 开始分析 2jKEFMP8T112ZnUkrVgRGXWwn42ffoTFttKVuWRqpump
[2026-03-14T02:10:48.896Z] [INFO] [analyzer] 数据查询完成 278ms | {"mint":"2jKEFMP8","name":"Veil Protocol","symbol":"Veil"}
[2026-03-14T02:10:48.896Z] [SIGNAL] [analyzer] 📊 Veil (Veil Protocol) 评分: 40/100 | {"reasons":["持仓分散(top3.9%)","Dev正常(7天0个)","Dev买入1.17SOL"]}
[2026-03-14T02:10:48.896Z] [INFO] [monitor] 📊 Veil 评分40不够，跳过
[2026-03-14T02:10:52.919Z] [INFO] [monitor] 🆕 新币: 7wYZZ8884DwX... creator: bbb8Hhd2
[2026-03-14T02:10:52.919Z] [INFO] [analyzer] 开始分析 7wYZZ8884DwXJGQjEL3TLU5X6fYXGTYG4ALrA9r3pump
[2026-03-14T02:10:54.091Z] [INFO] [analyzer] 数据查询完成 1172ms | {"mint":"7wYZZ888","name":"test","symbol":"TEST"}
[2026-03-14T02:10:54.091Z] [SIGNAL] [analyzer] ❌ TEST (test) 安全检查未通过 | {"issues":["Dev 7天创建32个币（批量发币）"]}
[2026-03-14T02:10:54.092Z] [INFO] [monitor] ❌ 淘汰 TEST: Dev 7天创建32个币（批量发币）
[2026-03-14T02:10:55.761Z] [INFO] [monitor] 🆕 新币: 2JvqHJ6AfMxx... creator: H6WtBupW
[2026-03-14T02:10:55.761Z] [INFO] [analyzer] 开始分析 2JvqHJ6AfMxx78XxLSq4jBKjNiWnJnPNaU6qPT7fpump
[2026-03-14T02:10:56.575Z] [INFO] [monitor] 🆕 新币: 2TPKQfkh7fSH... creator: 3fXRBRMR
[2026-03-14T02:10:56.575Z] [INFO] [analyzer] 开始分析 2TPKQfkh7fSHNLpfSRWJ8kov1X4c8r7zrYzeVrnLpump
[2026-03-14T02:10:56.846Z] [INFO] [analyzer] 数据查询完成 1085ms | {"mint":"2JvqHJ6A","name":"Pattern Recognition","symbol":"Pattern"}
[2026-03-14T02:10:56.846Z] [SIGNAL] [analyzer] ❌ Pattern (Pattern Recognition) 安全检查未通过 | {"issues":["top holder占5.0%"]}
[2026-03-14T02:10:56.846Z] [INFO] [monitor] ❌ 淘汰 Pattern: top holder占5.0%
[2026-03-14T02:10:57.610Z] [INFO] [monitor] 🆕 新币: CSuyg295zPLZ... creator: FSYooauy
[2026-03-14T02:10:57.611Z] [INFO] [analyzer] 开始分析 CSuyg295zPLZG1k9tgWDjEzkzLVQv6tXPAiNBNjMpump
[2026-03-14T02:10:58.551Z] [INFO] [analyzer] 数据查询完成 1976ms | {"mint":"2TPKQfkh","name":"rUview","symbol":"RUVIEW"}
[2026-03-14T02:10:58.551Z] [SIGNAL] [analyzer] ❌ RUVIEW (rUview) 安全检查未通过 | {"issues":["Dev 7天创建26个币（批量发币）"]}
[2026-03-14T02:10:58.552Z] [INFO] [monitor] ❌ 淘汰 RUVIEW: Dev 7天创建26个币（批量发币）
[2026-03-14T02:11:00.176Z] [INFO] [analyzer] 数据查询完成 2565ms | {"mint":"CSuyg295","name":"test","symbol":"test"}
[2026-03-14T02:11:00.176Z] [SIGNAL] [analyzer] 📊 test (test) 评分: 28/100 | {"reasons":["持仓分散(top0.0%)","Dev一般(7天7个)"]}
[2026-03-14T02:11:00.176Z] [INFO] [monitor] 📊 test 评分28不够，跳过
[2026-03-14T02:11:02.549Z] [INFO] [monitor] 🆕 新币: 5oujxryxD2g7... creator: 72wwSUQX
[2026-03-14T02:11:02.549Z] [INFO] [analyzer] 开始分析 5oujxryxD2g7rp4kN4QPQ8K54M5WkQy8amXX3pSxpump
[2026-03-14T02:11:02.829Z] [INFO] [analyzer] 数据查询完成 280ms | {"mint":"5oujxryx","name":"CHICS","symbol":"CHICS"}
[2026-03-14T02:11:02.829Z] [SIGNAL] [analyzer] ❌ CHICS (CHICS) 安全检查未通过 | {"issues":["top holder占6.9%"]}
[2026-03-14T02:11:02.829Z] [INFO] [monitor] ❌ 淘汰 CHICS: top holder占6.9%
[2026-03-14T02:11:04.044Z] [INFO] [monitor] 🐕 土狗系统已停止
[2026-03-14T02:15:55.240Z] [INFO] [scanner] 🔍 开始聪明钱扫描...
[2026-03-14T02:15:55.241Z] [INFO] [scanner] 开始扫描最近的热门币...
[2026-03-14T02:15:56.084Z] [INFO] [scanner] 找到 10 个热门mint
[2026-03-14T02:15:56.085Z] [INFO] [scanner] 从 5uNvXnDo 发现聪明钱...
[2026-03-14T02:15:56.096Z] [INFO] [scanner] 发现 0 个交易者
[2026-03-14T02:15:56.596Z] [INFO] [scanner] 从 A6RoRUDE 发现聪明钱...
[2026-03-14T02:15:56.607Z] [INFO] [scanner] 发现 0 个交易者
[2026-03-14T02:15:57.107Z] [INFO] [scanner] 从 3GdXsjsm 发现聪明钱...
[2026-03-14T02:15:57.119Z] [INFO] [scanner] 发现 0 个交易者
[2026-03-14T02:15:57.620Z] [INFO] [scanner] 从 GwAS5Cqv 发现聪明钱...
[2026-03-14T02:15:57.632Z] [INFO] [scanner] 发现 0 个交易者
[2026-03-14T02:15:58.132Z] [INFO] [scanner] 从 9FvgWd31 发现聪明钱...
[2026-03-14T02:15:58.142Z] [INFO] [scanner] 发现 0 个交易者
[2026-03-14T02:15:58.642Z] [INFO] [scanner] 共发现 0 个独立交易者，开始分析...
[2026-03-14T02:15:58.642Z] [INFO] [scanner] 🔍 扫描完成: 3.4秒, 分析0个钱包, 发现0个聪明钱(0个新增)
[2026-03-14T02:15:58.642Z] [INFO] [scanner] 类型分布: | {}
[2026-03-14T02:18:31.522Z] [INFO] [scanner] 🔍 开始聪明钱扫描...
[2026-03-14T02:18:31.522Z] [INFO] [scanner] 扫描pump.fun最近交易...
[2026-03-14T02:18:32.152Z] [ERROR] [scanner] 搜索失败: 400
[2026-03-14T02:18:32.152Z] [WARN] [scanner] 没找到热门币，跳过
[2026-03-14T02:21:12.334Z] [INFO] [scanner] 🔍 开始聪明钱扫描...
[2026-03-14T02:21:12.335Z] [INFO] [scanner] 📡 监听pump.fun 20秒收集活跃币...
[2026-03-14T02:21:32.364Z] [INFO] [scanner] 收集到 8 个mint，取热门 8 个
[2026-03-14T02:21:32.365Z] [INFO] [scanner] 从 HmxMncdt 提取交易者...
[2026-03-14T02:21:33.184Z] [INFO] [scanner] 发现 44 个交易者
[2026-03-14T02:21:33.486Z] [INFO] [scanner] 从 4wAQiizK 提取交易者...
[2026-03-14T02:21:34.135Z] [INFO] [scanner] 发现 48 个交易者
[2026-03-14T02:21:34.435Z] [INFO] [scanner] 从 8xBG29Vi 提取交易者...
[2026-03-14T02:21:35.171Z] [INFO] [scanner] 发现 30 个交易者
[2026-03-14T02:21:35.471Z] [INFO] [scanner] 从 7N48i2Vz 提取交易者...
[2026-03-14T02:21:36.454Z] [INFO] [scanner] 发现 4 个交易者
[2026-03-14T02:21:36.754Z] [INFO] [scanner] 从 B5yyedb8 提取交易者...
[2026-03-14T02:21:37.387Z] [INFO] [scanner] 发现 14 个交易者
[2026-03-14T02:21:37.688Z] [INFO] [scanner] 从 71Ugk1tU 提取交易者...
[2026-03-14T02:21:38.385Z] [INFO] [scanner] 发现 29 个交易者
[2026-03-14T02:21:38.686Z] [INFO] [scanner] 从 FvCYbTEf 提取交易者...
[2026-03-14T02:21:39.875Z] [INFO] [scanner] 发现 38 个交易者
[2026-03-14T02:21:40.176Z] [INFO] [scanner] 从 GLSpYk2s 提取交易者...
[2026-03-14T02:21:40.892Z] [INFO] [scanner] 发现 31 个交易者
[2026-03-14T02:21:41.192Z] [INFO] [scanner] 共发现 231 个独立交易者，开始分析...
[2026-03-14T02:21:48.257Z] [INFO] [scanner] 进度: 5/231
[2026-03-14T02:21:54.235Z] [INFO] [scanner] 进度: 10/231
[2026-03-14T02:21:59.175Z] [INFO] [scanner] 进度: 15/231
[2026-03-14T02:22:05.099Z] [INFO] [scanner] 进度: 20/231
[2026-03-14T02:22:11.024Z] [INFO] [scanner] 进度: 25/231
[2026-03-14T02:22:20.010Z] [INFO] [scanner] 进度: 30/231
[2026-03-14T02:22:25.374Z] [INFO] [scanner] 进度: 35/231
[2026-03-14T02:22:32.449Z] [INFO] [scanner] 进度: 40/231
[2026-03-14T02:22:38.508Z] [INFO] [scanner] 进度: 45/231
[2026-03-14T02:22:51.687Z] [INFO] [scanner] 进度: 50/231
[2026-03-14T02:22:51.688Z] [INFO] [scanner] 🔍 扫描完成: 99.4秒, 分析50个钱包, 发现0个聪明钱(0个新增)
[2026-03-14T02:22:51.688Z] [INFO] [scanner] 类型分布: | {}
[2026-03-14T02:28:38.491Z] [INFO] [scanner] 🔍 聪明钱扫描 v2 — 从涨幅币倒推早期买家
[2026-03-14T02:28:38.491Z] [INFO] [scanner] 🔍 搜索近期涨幅大的Solana meme币...
[2026-03-14T02:28:38.561Z] [INFO] [scanner] DexScreener boosts: 20个
[2026-03-14T02:28:38.583Z] [INFO] [scanner] DexScreener 24h涨幅>100%: 0个
[2026-03-14T02:28:38.855Z] [INFO] [scanner] 共找到 20 个候选币
[2026-03-14T02:28:38.856Z] [INFO] [scanner] 分析 33dhma9Q 的早期买家...
[2026-03-14T02:28:44.704Z] [INFO] [scanner] 分析 3VgL5HHq 的早期买家...
[2026-03-14T02:28:48.928Z] [INFO] [scanner] 分析 4zcgXafU 的早期买家...
[2026-03-14T02:28:54.717Z] [INFO] [scanner] 分析 4MYHX7YB 的早期买家...
[2026-03-14T02:28:59.563Z] [INFO] [scanner] 分析 BwCq8ehG 的早期买家...
[2026-03-14T02:29:05.399Z] [INFO] [scanner] 分析 FFUUZTmZ 的早期买家...
[2026-03-14T02:29:11.220Z] [INFO] [scanner] 分析 6fWxjAcE 的早期买家...
[2026-03-14T02:29:16.997Z] [INFO] [scanner] 分析 FP22h3sQ 的早期买家...
[2026-03-14T02:29:22.840Z] [INFO] [scanner] 分析 2e9XazVz 的早期买家...
[2026-03-14T02:29:26.896Z] [INFO] [scanner] 分析 5oq4zKet 的早期买家...
[2026-03-14T02:29:32.703Z] [INFO] [scanner] 分析 FFNeoZAa 的早期买家...
[2026-03-14T02:29:38.533Z] [INFO] [scanner] 分析 4D9jZY6n 的早期买家...
[2026-03-14T02:29:44.298Z] [INFO] [scanner] 分析 DpxKNEi3 的早期买家...
[2026-03-14T02:29:50.086Z] [INFO] [scanner] 分析 EUw2BFzB 的早期买家...
[2026-03-14T02:29:55.865Z] [INFO] [scanner] 分析 8VNbivqj 的早期买家...
[2026-03-14T02:30:01.307Z] [INFO] [scanner] 共发现 219 个早期买家
[2026-03-14T02:30:01.308Z] [INFO] [scanner] 高优先(出现2+次): 9, 普通: 30
[2026-03-14T02:30:08.734Z] [INFO] [scanner] ✅ 聪明钱: CQ9QhFoM... | {"type":"trend","winRate":"50%","profit":"1.35 SOL","avgHold":"12.1小时","appearances":2,"tokens":"4zcgXafU,4MYHX7YB"}
[2026-03-14T02:30:17.856Z] [INFO] [scanner] 进度: 10/39
[2026-03-14T02:30:31.336Z] [INFO] [scanner] 进度: 20/39
[2026-03-14T02:30:50.703Z] [INFO] [scanner] 进度: 30/39
[2026-03-14T02:31:03.990Z] [INFO] [smartMoney] 添加钱包: CQ9QhFoMgEkoSfUcWNTft1xYn1gVrVkahVakxAzHhfs6 (trend_v2)
[2026-03-14T02:31:03.990Z] [INFO] [scanner] 🔍 扫描完成: 145.5秒
[2026-03-14T02:31:03.990Z] [INFO] [scanner] 分析39钱包, 发现1个聪明钱(1新增)
[2026-03-14T02:31:03.990Z] [INFO] [scanner] 类型分布: | {"trend":1}
[2026-03-14T02:37:16.582Z] [INFO] [scanner] 🔍 聪明钱扫描 v2 — 从涨幅币倒推早期买家
[2026-03-14T02:37:16.582Z] [INFO] [scanner] 🔍 搜索市值>$500k的Solana涨幅币...
[2026-03-14T02:37:23.160Z] [INFO] [scanner] 找到 13 个候选币（市值>$500k的pump.fun币）
[2026-03-14T02:37:23.160Z] [INFO] [scanner]   neet | $24.2M | 24h-11%
[2026-03-14T02:37:23.161Z] [INFO] [scanner]   CAR | $2.2M | 24h-1%
[2026-03-14T02:37:23.161Z] [INFO] [scanner]   PFP | $0.6M | 24h+11%
[2026-03-14T02:37:23.161Z] [INFO] [scanner]   33dhma9Q | $0.0M | 24h0%
[2026-03-14T02:37:23.161Z] [INFO] [scanner]   3VgL5HHq | $0.0M | 24h0%
[2026-03-14T02:37:23.161Z] [INFO] [scanner]   4zcgXafU | $0.0M | 24h0%
[2026-03-14T02:37:23.161Z] [INFO] [scanner]   4MYHX7YB | $0.0M | 24h0%
[2026-03-14T02:37:23.161Z] [INFO] [scanner]   BwCq8ehG | $0.0M | 24h0%
[2026-03-14T02:37:23.161Z] [INFO] [scanner]   FFUUZTmZ | $0.0M | 24h0%
[2026-03-14T02:37:23.161Z] [INFO] [scanner]   6fWxjAcE | $0.0M | 24h0%
[2026-03-14T02:37:23.161Z] [INFO] [scanner] 分析 neet 的早期买家...
[2026-03-14T02:37:29.439Z] [INFO] [scanner] 分析 CAR 的早期买家...
[2026-03-14T02:37:35.471Z] [INFO] [scanner] 分析 PFP 的早期买家...
[2026-03-14T02:37:41.548Z] [INFO] [scanner] 分析 33dhma9Q 的早期买家...
[2026-03-14T02:37:47.628Z] [INFO] [scanner] 分析 3VgL5HHq 的早期买家...
[2026-03-14T02:37:51.882Z] [INFO] [scanner] 分析 4zcgXafU 的早期买家...
[2026-03-14T02:37:53.262Z] [INFO] [scanner] 分析 4MYHX7YB 的早期买家...
[2026-03-14T02:37:56.619Z] [INFO] [scanner] 分析 BwCq8ehG 的早期买家...
[2026-03-14T02:38:03.551Z] [INFO] [scanner] 分析 FFUUZTmZ 的早期买家...
[2026-03-14T02:38:09.409Z] [INFO] [scanner] 分析 6fWxjAcE 的早期买家...
[2026-03-14T02:38:14.482Z] [INFO] [scanner] 分析 FP22h3sQ 的早期买家...
[2026-03-14T02:38:20.720Z] [INFO] [scanner] 分析 2e9XazVz 的早期买家...
[2026-03-14T02:38:24.863Z] [INFO] [scanner] 分析 5oq4zKet 的早期买家...
[2026-03-14T02:38:31.300Z] [INFO] [scanner] 共发现 197 个早期买家
[2026-03-14T02:38:31.300Z] [INFO] [scanner] 高优先(出现2+次): 8, 普通: 30
[2026-03-14T02:38:40.592Z] [INFO] [scanner] ✅ 聪明钱: CQ9QhFoM... | {"type":"trend","winRate":"50%","profit":"1.35 SOL","avgHold":"12.1小时","appearances":2,"tokens":"4zcgXafU,4MYHX7YB"}
[2026-03-14T02:38:46.225Z] [INFO] [scanner] 进度: 10/38
[2026-03-14T02:39:01.110Z] [INFO] [scanner] 进度: 20/38
[2026-03-14T02:39:08.253Z] [INFO] [scanner] ✅ 聪明钱: A1b9ZvDj... | {"type":"accumulator","winRate":"50%","profit":"2.48 SOL","avgHold":"12.1天","appearances":1,"tokens":"CAR"}
[2026-03-14T02:39:13.848Z] [INFO] [scanner] 进度: 30/38
[2026-03-14T02:39:27.357Z] [INFO] [smartMoney] 添加钱包: A1b9ZvDjY2shsWp5iSZKGexLcEZRTYMG9hHQd1S65y8o (accumulator_v2)
[2026-03-14T02:39:27.357Z] [INFO] [scanner] 🔍 扫描完成: 130.8秒
[2026-03-14T02:39:27.357Z] [INFO] [scanner] 分析38钱包, 发现2个聪明钱(1新增)
[2026-03-14T02:39:27.357Z] [INFO] [scanner] 类型分布: | {"trend":1,"accumulator":1}
[2026-03-14T02:41:25.926Z] [INFO] [scanner] 🔍 聪明钱扫描 v3 — 三链大涨币倒推
[2026-03-14T02:41:25.926Z] [INFO] [scanner] 🔍 搜索30天内涨到$1M+市值的meme币（三链）...
[2026-03-14T02:41:48.991Z] [INFO] [scanner] 找到 14 个大涨币: SOL=3 BSC=0 BASE=11
[2026-03-14T02:41:48.991Z] [INFO] [scanner]   VIRTUAL      | base | $724.9M | 0x0b3e32
[2026-03-14T02:41:48.991Z] [INFO] [scanner]   VIRTUAL      | base | $724.7M | 0x0b3e32
[2026-03-14T02:41:48.991Z] [INFO] [scanner]   AERO         | base | $609.9M | 0x940181
[2026-03-14T02:41:48.991Z] [INFO] [scanner]   TIBBIR       | base | $152.6M | 0xA4A2E2
[2026-03-14T02:41:48.991Z] [INFO] [scanner]   ZEN          | base | $116.3M | 0xf43eB8
[2026-03-14T02:41:48.992Z] [INFO] [scanner]   cbXRP        | base | $58.3M | 0xcb5852
[2026-03-14T02:41:48.992Z] [INFO] [scanner]   cbXRP        | base | $58.0M | 0xcb5852
[2026-03-14T02:41:48.992Z] [INFO] [scanner]   MAMO         | base | $14.6M | 0x7300B3
[2026-03-14T02:41:48.992Z] [INFO] [scanner]   UP           | base | $7.4M | 0x5b2193
[2026-03-14T02:41:48.992Z] [INFO] [scanner]   cbDOGE       | base | $5.4M | 0xcbD06E
[2026-03-14T02:41:48.992Z] [INFO] [scanner]   cbADA        | base | $5.2M | 0xcbADA7
[2026-03-14T02:41:48.992Z] [INFO] [scanner]   WAR          | solana | $3.9M | GHXwEFxK
[2026-03-14T02:41:48.992Z] [INFO] [scanner]   我的刀盾         | solana | $2.0M | 6iA73gWC
[2026-03-14T02:41:48.992Z] [INFO] [scanner]   SMITH        | solana | $1.2M | 9e1wtawp
[2026-03-14T02:41:48.992Z] [INFO] [scanner] 
分析 3 个Solana大涨币的早期买家...
[2026-03-14T02:41:48.992Z] [INFO] [scanner] 📊 WAR ($3.9M) — 找早期买家...
[2026-03-14T02:42:03.310Z] [INFO] [scanner] 📊 我的刀盾 ($2.0M) — 找早期买家...
[2026-03-14T02:42:19.851Z] [INFO] [scanner] 📊 SMITH ($1.2M) — 找早期买家...
[2026-03-14T02:42:32.497Z] [INFO] [scanner] 共发现 35 个早期买家
[2026-03-14T02:42:32.497Z] [INFO] [scanner] 高优先(2+币): 0, 普通: 30
[2026-03-14T02:42:45.306Z] [INFO] [scanner] 进度: 10/30, 已发现0个
[2026-03-14T02:42:52.503Z] [INFO] [scanner] ✅ 9uUu7w4t... | accumulator | 胜率100% | 0.18SOL | 2.0天 | 出现1次 [WAR]
[2026-03-14T02:43:00.204Z] [INFO] [scanner] 进度: 20/30, 已发现1个
[2026-03-14T02:43:13.905Z] [INFO] [scanner] 进度: 30/30, 已发现1个
[2026-03-14T02:43:14.907Z] [INFO] [smartMoney] 添加钱包: 9uUu7w4tUyrJLsdTanQGE12HyuKtcUuygowWGk8LyKPk (accumulator_v3)
[2026-03-14T02:43:14.907Z] [INFO] [scanner] 
🔍 扫描完成: 109.0秒
[2026-03-14T02:43:14.907Z] [INFO] [scanner] 大涨币: 14(SOL:3)
[2026-03-14T02:43:14.907Z] [INFO] [scanner] 分析30钱包, 发现1个聪明钱(1新增)
[2026-03-14T02:43:14.907Z] [INFO] [scanner] 类型: {"accumulator":1}
