[2026-03-14T09:02:57.506Z] [INFO] === Wallet Miner v1 启动 ===
[2026-03-14T09:02:57.507Z] [INFO] 种子币: 4 个
[2026-03-14T09:02:57.580Z] [INFO] SOL: $87.15
[2026-03-14T09:02:57.734Z] [INFO] ETH: $2074.28, BNB: $652.13
[2026-03-14T09:02:57.734Z] [INFO] 
🔍 挖掘 [SOL] PENGUIN (8Jx8AAHj86wbQgUT...)
[2026-03-14T09:02:57.734Z] [INFO]   查top持有者...
[2026-03-14T09:02:57.833Z] [WARN]   持有者查询失败: 401 Unauthorized: {"jsonrpc":"2.0","error":{"code":-32401,"m
[2026-03-14T09:02:57.833Z] [INFO]   查早期交易者...
[2026-03-14T09:02:57.834Z] [INFO]   PENGUIN: 0/0 个有效钱包 (利润>$500或成本>$500)
[2026-03-14T09:02:57.834Z] [INFO]   PENGUIN 完成: 0 个钱包
[2026-03-14T09:02:59.835Z] [INFO] 
🔍 挖掘 [SOL] Punch (NV2RYH954cTJ3ckF...)
[2026-03-14T09:02:59.836Z] [INFO]   查top持有者...
[2026-03-14T09:02:59.849Z] [WARN]   持有者查询失败: 401 Unauthorized: {"jsonrpc":"2.0","error":{"code":-32401,"m
[2026-03-14T09:02:59.849Z] [INFO]   查早期交易者...
[2026-03-14T09:02:59.849Z] [INFO]   Punch: 0/0 个有效钱包 (利润>$500或成本>$500)
[2026-03-14T09:02:59.849Z] [INFO]   Punch 完成: 0 个钱包
[2026-03-14T09:03:01.850Z] [INFO] 
🔍 挖掘 [BSC] 龙虾 (0xeCCBb861c0dda7...)
[2026-03-14T09:03:02.028Z] [INFO]   查Transfer事件 (latest block: 86517085)...
[2026-03-14T09:03:02.198Z] [WARN]   batch 0: You can make eth_getLogs requests with up to a 2000 block ra
[2026-03-14T09:03:02.198Z] [INFO]   总计 0 transfer events
[2026-03-14T09:03:02.198Z] [INFO]   龙虾: 0 个活跃钱包
[2026-03-14T09:03:02.198Z] [INFO]   龙虾 完成: 0 个钱包
[2026-03-14T09:03:04.199Z] [INFO] 
🔍 挖掘 [BASE] MOLT (0xB695559b26BB2c...)
[2026-03-14T09:03:04.385Z] [INFO]   查Transfer事件 (latest block: 43344818)...
[2026-03-14T09:03:22.451Z] [INFO]   已查 10/40 批, 15742 events
[2026-03-14T09:03:44.213Z] [INFO]   已查 20/40 批, 44223 events
[2026-03-14T09:04:09.316Z] [INFO]   已查 30/40 批, 108520 events
[2026-03-14T09:04:31.238Z] [INFO]   已查 40/40 批, 233921 events
[2026-03-14T09:04:31.238Z] [INFO]   总计 233921 transfer events
[2026-03-14T09:04:31.527Z] [INFO]   MOLT: 50 个活跃钱包
[2026-03-14T09:04:31.527Z] [INFO]   💰 0x0a2854fbbd... buy:416 sell:534 卖了100%
[2026-03-14T09:04:31.527Z] [INFO]   💰 0xb4acbc082b... buy:168 sell:505 卖了100%
[2026-03-14T09:04:31.527Z] [INFO]   💰 0xa9637938d8... buy:490 sell:490 卖了100%
[2026-03-14T09:04:31.528Z] [INFO]   💰 0xc2df7d707e... buy:201 sell:456 卖了100%
[2026-03-14T09:04:31.528Z] [INFO]   💰 0x8407699e35... buy:445 sell:445 卖了100%
[2026-03-14T09:04:31.528Z] [INFO]   💰 0x96116c5c5c... buy:444 sell:444 卖了100%
[2026-03-14T09:04:31.528Z] [INFO]   💰 0xe33544cf6b... buy:435 sell:435 卖了100%
[2026-03-14T09:04:31.528Z] [INFO]   💰 0x00bfddfdb3... buy:387 sell:399 卖了100%
[2026-03-14T09:04:31.528Z] [INFO]   💰 0xd9d1d1f92a... buy:305 sell:332 卖了100%
[2026-03-14T09:04:31.528Z] [INFO]   💰 0xb80d90fcf2... buy:302 sell:317 卖了100%
[2026-03-14T09:04:31.528Z] [INFO]   MOLT 完成: 50 个钱包
[2026-03-14T09:04:33.528Z] [INFO] 
🎯 跨币验证结果:
[2026-03-14T09:04:33.528Z] [INFO]   总钱包: 50
[2026-03-14T09:04:33.528Z] [INFO]   跨币(≥2): 0
[2026-03-14T09:04:33.529Z] [INFO] 
✅ 完成! 结果保存到 /root/.openclaw/workspace/crypto/meme/data/mined_wallets.json
[2026-03-14T09:04:33.529Z] [INFO] 总钱包: 50 | 跨币验证: 0
