[2026-03-14T03:35:12.859Z] [INFO] === Smart Money Monitor v1 启动 ===
[2026-03-14T03:35:12.860Z] [INFO] 监控 12 个Solana钱包
[2026-03-14T03:35:12.861Z] [INFO] 首次运行，建立baseline...
[2026-03-14T03:35:17.062Z] [WARN] Baseline 32aQX6zw2a5c: Invalid public key input
[2026-03-14T03:35:17.263Z] [INFO] Baseline完成
[2026-03-14T03:35:17.462Z] [INFO] atom2VuiFEhg: 1 new txs
[2026-03-14T03:35:17.838Z] [SIGNAL] 🟢 BUY Signal 🏆
钱包: atom2VuiFEhg... (GOLD_cross_4_coins)
Token: 5ohCSjq8m9sN...
方向: BUY
金额: 0.00 SOL
时间: 2026-03-14T03:35:14.000Z
⚡ GOLD级钱包，4币跨币盈利
[2026-03-14T03:35:17.838Z] [SIGNAL] 🔴 SELL Signal 🏆
钱包: atom2VuiFEhg... (GOLD_cross_4_coins)
Token: 5ohCSjq8m9sN...
方向: SELL
金额: 0.00 SOL
时间: 2026-03-14T03:35:14.000Z
⚡ GOLD级钱包，4币跨币盈利
[2026-03-14T03:35:18.807Z] [INFO] 54Pz1e35z9uo: 2 new txs
[2026-03-14T03:35:19.197Z] [SIGNAL] 🟢 BUY Signal 💎
钱包: 54Pz1e35z9uo... (cross_coin_winner)
Token: CASHx9KJUSty...
方向: BUY
金额: 0.00 SOL
时间: 2026-03-14T03:35:13.000Z
[2026-03-14T03:35:19.198Z] [SIGNAL] 🔴 SELL Signal 💎
钱包: 54Pz1e35z9uo... (cross_coin_winner)
Token: CASHx9KJUSty...
方向: SELL
金额: 0.00 SOL
时间: 2026-03-14T03:35:13.000Z
[2026-03-14T03:35:22.036Z] [INFO] 7iVCXQn4u6ti: 1 new txs
[2026-03-14T03:35:25.036Z] [ERROR] Check 32aQX6zw2a5c: Invalid public key input
