[2026-03-14T03:54:19.882Z] [INFO] === Smart Money Scanner v4 启动 ===
[2026-03-14T03:54:19.883Z] [INFO] 标准: ≥2币 + 均利≥$2000 + 胜率≥60% + 非bot
[2026-03-14T03:54:19.883Z] [INFO] 发现新币...
[2026-03-14T03:54:36.806Z] [INFO] 待扫描: 9, 已扫描: 0
[2026-03-14T03:54:36.806Z] [INFO] 扫描 SOS ($3.7M, 4d) pool:BM7Qw7JbGtyLoZw3
[2026-03-14T03:54:36.836Z] [WARN] 429 限流，等待5秒...
[2026-03-14T03:54:41.866Z] [WARN] 429 限流，等待10秒...
[2026-03-14T03:54:51.929Z] [WARN] 429 限流，等待15秒...
[2026-03-14T03:55:06.939Z] [WARN] Trades page 1: Max retries exceeded
[2026-03-14T03:55:06.939Z] [INFO]   SOS: 0 trades
[2026-03-14T03:55:06.940Z] [INFO]   SOS: 0 winners (profit>$300)
[2026-03-14T03:55:09.942Z] [INFO] 扫描 Distorted ($1.2M, 4d) pool:CCmh7tvVRrCaExBn
[2026-03-14T03:55:15.844Z] [WARN] 429 限流，等待5秒...
[2026-03-14T03:55:20.876Z] [WARN] 429 限流，等待10秒...
[2026-03-14T03:55:33.784Z] [WARN] 429 限流，等待5秒...
[2026-03-14T03:55:41.596Z] [WARN] 429 限流，等待5秒...
[2026-03-14T03:55:46.616Z] [WARN] 429 限流，等待10秒...
[2026-03-14T03:56:00.075Z] [INFO]   Distorted: 1500 trades
[2026-03-14T03:56:00.077Z] [INFO]   Distorted: 67 winners (profit>$300)
[2026-03-14T03:56:03.079Z] [INFO] 钱包池: 67 个, 跨币: 0 个
[2026-03-14T03:56:03.079Z] [INFO] 等待 300秒...
[2026-03-14T03:56:19.779Z] [INFO] 收到SIGTERM
[2026-03-14T03:56:32.072Z] [INFO] === Smart Money Scanner v4 启动 ===
[2026-03-14T03:56:32.072Z] [INFO] 标准: ≥2币 + 均利≥$2000 + 胜率≥60% + 非bot
[2026-03-14T03:56:32.073Z] [INFO] 发现新币...
[2026-03-14T03:56:41.434Z] [WARN] 429 限流，等待5秒...
[2026-03-14T03:56:46.460Z] [WARN] 429 限流，等待10秒...
[2026-03-14T03:57:03.810Z] [INFO] 待扫描: 7, 已扫描: 2
[2026-03-14T03:57:03.811Z] [INFO] 扫描 SOS ($3.7M, 12d) pool:6QAFXSM2bRWUiQTq
[2026-03-14T03:57:07.515Z] [WARN] 429 限流，等待5秒...
[2026-03-14T03:57:15.423Z] [WARN] 429 限流，等待5秒...
[2026-03-14T03:57:20.449Z] [WARN] 429 限流，等待10秒...
[2026-03-14T03:57:33.304Z] [WARN] 429 限流，等待5秒...
[2026-03-14T03:57:41.878Z] [WARN] 429 限流，等待5秒...
[2026-03-14T03:57:46.906Z] [WARN] 429 限流，等待10秒...
[2026-03-14T03:57:59.744Z] [INFO]   SOS: 1500 trades
[2026-03-14T03:57:59.745Z] [INFO]   SOS: 49 winners (profit>$300)
[2026-03-14T03:58:02.747Z] [INFO] 扫描 WAR ($33.6M, 3d) pool:7xYkR7Rz9PWZLBxp
[2026-03-14T03:58:05.670Z] [WARN] 429 限流，等待5秒...
[2026-03-14T03:58:10.694Z] [WARN] 429 限流，等待10秒...
[2026-03-14T03:58:23.742Z] [WARN] 429 限流，等待5秒...
[2026-03-14T03:58:31.551Z] [WARN] 429 限流，等待5秒...
[2026-03-14T03:58:39.823Z] [WARN] 429 限流，等待5秒...
[2026-03-14T03:58:44.844Z] [WARN] 429 限流，等待10秒...
[2026-03-14T03:58:57.712Z] [INFO]   WAR: 1500 trades
[2026-03-14T03:58:57.714Z] [INFO]   WAR: 58 winners (profit>$300)
[2026-03-14T03:59:00.717Z] [INFO] 钱包池: 168 个, 跨币: 6 个
[2026-03-14T03:59:00.718Z] [INFO] 评估 RaVenxw8kykBbW7K... coins:2 winRate:100% avgProfit:$4659
[2026-03-14T03:59:02.345Z] [INFO]   ❌ Bot: arb_pattern: 10/10
[2026-03-14T03:59:02.346Z] [INFO] 评估 AgmLJBMDCqWynYnQ... coins:2 winRate:100% avgProfit:$3198
[2026-03-14T03:59:03.672Z] [INFO]   ✅ 聪明钱入库! Distorted,WAR winRate:100% avgProfit:$3198
[2026-03-14T03:59:03.673Z] [INFO] 🎉 新增 1 个聪明钱！总计: 6
[2026-03-14T03:59:03.673Z] [INFO] 等待 300秒...
