[2026-03-15T00:01:38.038Z] [INFO] GeckoTerminal SOL: trending+volume 已处理
[2026-03-15T00:01:44.200Z] [INFO] GeckoTerminal BSC: trending+volume 已处理
[2026-03-15T00:01:50.273Z] [INFO] GeckoTerminal BASE: trending+volume 已处理
[2026-03-15T00:01:50.274Z] [INFO] 发现 137 个币 (甜蜜区$1M-$50M: 80个, 丢弃>$500M)
[2026-03-15T00:01:50.285Z] [INFO] 钱包池: 646 个, 待分析: 0
[2026-03-15T00:01:50.292Z] [INFO] 等待 60秒...
[2026-03-15T00:03:31.890Z] [INFO] GeckoTerminal SOL: trending+volume 已处理
[2026-03-15T00:03:38.049Z] [INFO] GeckoTerminal BSC: trending+volume 已处理
[2026-03-15T00:03:44.134Z] [INFO] GeckoTerminal BASE: trending+volume 已处理
[2026-03-15T00:03:44.135Z] [INFO] 发现 137 个币 (甜蜜区$1M-$50M: 80个, 丢弃>$500M)
[2026-03-15T00:03:44.145Z] [INFO] 钱包池: 646 个, 待分析: 0
[2026-03-15T00:03:44.150Z] [INFO] 等待 60秒...
[2026-03-15T00:05:23.184Z] [INFO] GeckoTerminal SOL: trending+volume 已处理
[2026-03-15T00:05:29.250Z] [INFO] GeckoTerminal BSC: trending+volume 已处理
[2026-03-15T00:05:35.298Z] [INFO] GeckoTerminal BASE: trending+volume 已处理
[2026-03-15T00:05:35.299Z] [INFO] 发现 137 个币 (甜蜜区$1M-$50M: 80个, 丢弃>$500M)
[2026-03-15T00:05:35.308Z] [INFO] 钱包池: 646 个, 待分析: 0
[2026-03-15T00:05:35.313Z] [INFO] 等待 60秒...
[2026-03-15T00:07:17.322Z] [INFO] GeckoTerminal SOL: trending+volume 已处理
[2026-03-15T00:07:23.471Z] [INFO] GeckoTerminal BSC: trending+volume 已处理
[2026-03-15T00:07:29.535Z] [INFO] GeckoTerminal BASE: trending+volume 已处理
[2026-03-15T00:07:29.537Z] [INFO] 发现 137 个币 (甜蜜区$1M-$50M: 80个, 丢弃>$500M)
[2026-03-15T00:07:29.547Z] [INFO] 钱包池: 646 个, 待分析: 0
[2026-03-15T00:07:29.552Z] [INFO] 等待 60秒...
[2026-03-15T00:09:12.273Z] [INFO] GeckoTerminal SOL: trending+volume 已处理
[2026-03-15T00:09:18.446Z] [INFO] GeckoTerminal BSC: trending+volume 已处理
[2026-03-15T00:09:24.530Z] [INFO] GeckoTerminal BASE: trending+volume 已处理
[2026-03-15T00:09:24.531Z] [INFO] 发现 137 个币 (甜蜜区$1M-$50M: 80个, 丢弃>$500M)
[2026-03-15T00:09:24.541Z] [INFO] 钱包池: 646 个, 待分析: 0
[2026-03-15T00:09:24.545Z] [INFO] 等待 60秒...
[2026-03-15T00:11:03.081Z] [INFO] GeckoTerminal SOL: trending+volume 已处理
[2026-03-15T00:11:09.368Z] [INFO] GeckoTerminal BSC: trending+volume 已处理
[2026-03-15T00:11:15.429Z] [INFO] GeckoTerminal BASE: trending+volume 已处理
[2026-03-15T00:11:15.430Z] [INFO] 发现 137 个币 (甜蜜区$1M-$50M: 80个, 丢弃>$500M)
[2026-03-15T00:11:15.440Z] [INFO] 钱包池: 646 个, 待分析: 0
[2026-03-15T00:11:15.446Z] [INFO] 等待 60秒...
[2026-03-15T00:12:57.179Z] [INFO] GeckoTerminal SOL: trending+volume 已处理
[2026-03-15T00:13:03.417Z] [INFO] GeckoTerminal BSC: trending+volume 已处理
[2026-03-15T00:13:09.486Z] [INFO] GeckoTerminal BASE: trending+volume 已处理
[2026-03-15T00:13:09.487Z] [INFO] 发现 138 个币 (甜蜜区$1M-$50M: 81个, 丢弃>$500M)
[2026-03-15T00:13:11.329Z] [INFO] ✓ [SOLANA] SOS ($1.3M) 慢涨0x (0天, 最大单日?x) [new]
[2026-03-15T00:13:11.330Z] [INFO] 查持有者: SOS ($1.3M) mint:DcHFDSxW3c8fpToL
[2026-03-15T00:13:18.932Z] [WARN] 持有者查询失败 DcHFDSxW3c8fpToL: 429 Too Many Requests: {"jsonrpc":"2.0","error":{"code":-324
[2026-03-15T00:13:18.932Z] [INFO]   SOS: 0 个持有者，验证盈利...
[2026-03-15T00:13:18.932Z] [INFO]   SOS: 0/0 个盈利≥$2000
[2026-03-15T00:13:19.943Z] [INFO] 钱包池: 646 个, 待分析: 0
[2026-03-15T00:13:19.948Z] [INFO] 等待 60秒...
[2026-03-15T00:15:01.459Z] [INFO] GeckoTerminal SOL: trending+volume 已处理
[2026-03-15T00:15:07.532Z] [INFO] GeckoTerminal BSC: trending+volume 已处理
[2026-03-15T00:15:13.588Z] [INFO] GeckoTerminal BASE: trending+volume 已处理
[2026-03-15T00:15:13.589Z] [INFO] 发现 138 个币 (甜蜜区$1M-$50M: 81个, 丢弃>$500M)
[2026-03-15T00:15:13.599Z] [INFO] 钱包池: 646 个, 待分析: 0
[2026-03-15T00:15:13.604Z] [INFO] 等待 60秒...
[2026-03-15T00:16:57.811Z] [INFO] GeckoTerminal SOL: trending+volume 已处理
[2026-03-15T00:17:03.963Z] [INFO] GeckoTerminal BSC: trending+volume 已处理
[2026-03-15T00:17:10.011Z] [INFO] GeckoTerminal BASE: trending+volume 已处理
[2026-03-15T00:17:10.012Z] [INFO] 发现 138 个币 (甜蜜区$1M-$50M: 81个, 丢弃>$500M)
[2026-03-15T00:17:10.022Z] [INFO] 钱包池: 646 个, 待分析: 0
[2026-03-15T00:17:10.028Z] [INFO] 等待 60秒...
[2026-03-15T00:18:54.008Z] [INFO] GeckoTerminal SOL: trending+volume 已处理
[2026-03-15T00:19:00.073Z] [INFO] GeckoTerminal BSC: trending+volume 已处理
[2026-03-15T00:19:06.185Z] [INFO] GeckoTerminal BASE: trending+volume 已处理
[2026-03-15T00:19:06.187Z] [INFO] 发现 139 个币 (甜蜜区$1M-$50M: 81个, 丢弃>$500M)
[2026-03-15T00:19:07.885Z] [INFO] 跳过 [BASE] AmberVibe ($0.5M): no_kline_901h_old_small
[2026-03-15T00:19:07.893Z] [INFO] 钱包池: 646 个, 待分析: 0
[2026-03-15T00:19:07.899Z] [INFO] 等待 60秒...
[2026-03-15T00:20:49.929Z] [INFO] GeckoTerminal SOL: trending+volume 已处理
[2026-03-15T00:20:56.216Z] [INFO] GeckoTerminal BSC: trending+volume 已处理
[2026-03-15T00:21:02.322Z] [INFO] GeckoTerminal BASE: trending+volume 已处理
[2026-03-15T00:21:02.323Z] [INFO] 发现 139 个币 (甜蜜区$1M-$50M: 81个, 丢弃>$500M)
[2026-03-15T00:21:02.334Z] [INFO] 钱包池: 646 个, 待分析: 0
[2026-03-15T00:21:02.339Z] [INFO] 等待 60秒...
[2026-03-15T00:22:45.199Z] [INFO] GeckoTerminal SOL: trending+volume 已处理
[2026-03-15T00:22:51.259Z] [INFO] GeckoTerminal BSC: trending+volume 已处理
[2026-03-15T00:22:57.320Z] [INFO] GeckoTerminal BASE: trending+volume 已处理
[2026-03-15T00:22:57.321Z] [INFO] 发现 139 个币 (甜蜜区$1M-$50M: 81个, 丢弃>$500M)
[2026-03-15T00:22:57.331Z] [INFO] 钱包池: 646 个, 待分析: 0
[2026-03-15T00:22:57.336Z] [INFO] 等待 60秒...
[2026-03-15T00:24:37.842Z] [INFO] GeckoTerminal SOL: trending+volume 已处理
[2026-03-15T00:24:44.012Z] [INFO] GeckoTerminal BSC: trending+volume 已处理
[2026-03-15T00:24:50.071Z] [INFO] GeckoTerminal BASE: trending+volume 已处理
[2026-03-15T00:24:50.071Z] [INFO] 发现 139 个币 (甜蜜区$1M-$50M: 81个, 丢弃>$500M)
[2026-03-15T00:24:50.081Z] [INFO] 钱包池: 646 个, 待分析: 0
[2026-03-15T00:24:50.086Z] [INFO] 等待 60秒...
[2026-03-15T00:26:30.692Z] [INFO] GeckoTerminal SOL: trending+volume 已处理
[2026-03-15T00:26:36.831Z] [INFO] GeckoTerminal BSC: trending+volume 已处理
[2026-03-15T00:26:42.883Z] [INFO] GeckoTerminal BASE: trending+volume 已处理
[2026-03-15T00:26:42.884Z] [INFO] 发现 139 个币 (甜蜜区$1M-$50M: 81个, 丢弃>$500M)
[2026-03-15T00:26:42.904Z] [INFO] 钱包池: 646 个, 待分析: 0
[2026-03-15T00:26:42.917Z] [INFO] 等待 60秒...
[2026-03-15T00:28:24.266Z] [INFO] GeckoTerminal SOL: trending+volume 已处理
[2026-03-15T00:28:30.400Z] [INFO] GeckoTerminal BSC: trending+volume 已处理
[2026-03-15T00:28:36.461Z] [INFO] GeckoTerminal BASE: trending+volume 已处理
[2026-03-15T00:28:36.462Z] [INFO] 发现 139 个币 (甜蜜区$1M-$50M: 81个, 丢弃>$500M)
[2026-03-15T00:28:36.472Z] [INFO] 钱包池: 646 个, 待分析: 0
[2026-03-15T00:28:36.477Z] [INFO] 等待 60秒...
[2026-03-15T00:30:17.672Z] [INFO] GeckoTerminal SOL: trending+volume 已处理
[2026-03-15T00:30:23.742Z] [INFO] GeckoTerminal BSC: trending+volume 已处理
[2026-03-15T00:30:29.808Z] [INFO] GeckoTerminal BASE: trending+volume 已处理
[2026-03-15T00:30:29.809Z] [INFO] 发现 139 个币 (甜蜜区$1M-$50M: 81个, 丢弃>$500M)
[2026-03-15T00:30:29.819Z] [INFO] 钱包池: 646 个, 待分析: 0
[2026-03-15T00:30:29.825Z] [INFO] 等待 60秒...
[2026-03-15T00:32:11.534Z] [INFO] GeckoTerminal SOL: trending+volume 已处理
[2026-03-15T00:32:17.712Z] [INFO] GeckoTerminal BSC: trending+volume 已处理
[2026-03-15T00:32:23.818Z] [INFO] GeckoTerminal BASE: trending+volume 已处理
[2026-03-15T00:32:23.819Z] [INFO] 发现 139 个币 (甜蜜区$1M-$50M: 81个, 丢弃>$500M)
[2026-03-15T00:32:23.830Z] [INFO] 钱包池: 646 个, 待分析: 0
[2026-03-15T00:32:23.835Z] [INFO] 等待 60秒...
[2026-03-15T00:34:05.834Z] [INFO] GeckoTerminal SOL: trending+volume 已处理
[2026-03-15T00:34:12.457Z] [INFO] GeckoTerminal BSC: trending+volume 已处理
[2026-03-15T00:34:18.524Z] [INFO] GeckoTerminal BASE: trending+volume 已处理
[2026-03-15T00:34:18.525Z] [INFO] 发现 139 个币 (甜蜜区$1M-$50M: 81个, 丢弃>$500M)
[2026-03-15T00:34:18.536Z] [INFO] 钱包池: 646 个, 待分析: 0
[2026-03-15T00:34:18.541Z] [INFO] 等待 60秒...
[2026-03-15T00:36:00.507Z] [INFO] GeckoTerminal SOL: trending+volume 已处理
[2026-03-15T00:36:06.831Z] [INFO] GeckoTerminal BSC: trending+volume 已处理
[2026-03-15T00:36:12.900Z] [INFO] GeckoTerminal BASE: trending+volume 已处理
[2026-03-15T00:36:12.901Z] [INFO] 发现 139 个币 (甜蜜区$1M-$50M: 81个, 丢弃>$500M)
[2026-03-15T00:36:12.911Z] [INFO] 钱包池: 646 个, 待分析: 0
[2026-03-15T00:36:12.916Z] [INFO] 等待 60秒...
[2026-03-15T00:37:53.967Z] [INFO] GeckoTerminal SOL: trending+volume 已处理
[2026-03-15T00:38:00.045Z] [INFO] GeckoTerminal BSC: trending+volume 已处理
[2026-03-15T00:38:06.181Z] [INFO] GeckoTerminal BASE: trending+volume 已处理
[2026-03-15T00:38:06.182Z] [INFO] 发现 139 个币 (甜蜜区$1M-$50M: 81个, 丢弃>$500M)
[2026-03-15T00:38:06.194Z] [INFO] 钱包池: 646 个, 待分析: 0
[2026-03-15T00:38:06.200Z] [INFO] 等待 60秒...
[2026-03-15T00:39:47.427Z] [INFO] GeckoTerminal SOL: trending+volume 已处理
[2026-03-15T00:39:53.501Z] [INFO] GeckoTerminal BSC: trending+volume 已处理
[2026-03-15T00:39:59.564Z] [INFO] GeckoTerminal BASE: trending+volume 已处理
[2026-03-15T00:39:59.565Z] [INFO] 发现 139 个币 (甜蜜区$1M-$50M: 81个, 丢弃>$500M)
[2026-03-15T00:39:59.575Z] [INFO] 钱包池: 646 个, 待分析: 0
[2026-03-15T00:39:59.580Z] [INFO] 等待 60秒...
[2026-03-15T00:41:41.178Z] [INFO] GeckoTerminal SOL: trending+volume 已处理
[2026-03-15T00:41:47.267Z] [INFO] GeckoTerminal BSC: trending+volume 已处理
[2026-03-15T00:41:53.344Z] [INFO] GeckoTerminal BASE: trending+volume 已处理
[2026-03-15T00:41:53.345Z] [INFO] 发现 139 个币 (甜蜜区$1M-$50M: 81个, 丢弃>$500M)
[2026-03-15T00:41:53.354Z] [INFO] 钱包池: 646 个, 待分析: 0
[2026-03-15T00:41:53.359Z] [INFO] 等待 60秒...
[2026-03-15T00:43:35.747Z] [INFO] GeckoTerminal SOL: trending+volume 已处理
[2026-03-15T00:43:41.900Z] [INFO] GeckoTerminal BSC: trending+volume 已处理
[2026-03-15T00:43:47.961Z] [INFO] GeckoTerminal BASE: trending+volume 已处理
[2026-03-15T00:43:47.962Z] [INFO] 发现 139 个币 (甜蜜区$1M-$50M: 81个, 丢弃>$500M)
[2026-03-15T00:43:47.972Z] [INFO] 钱包池: 646 个, 待分析: 0
[2026-03-15T00:43:47.977Z] [INFO] 等待 60秒...
[2026-03-15T00:45:30.136Z] [INFO] GeckoTerminal SOL: trending+volume 已处理
[2026-03-15T00:45:36.288Z] [INFO] GeckoTerminal BSC: trending+volume 已处理
[2026-03-15T00:45:42.364Z] [INFO] GeckoTerminal BASE: trending+volume 已处理
[2026-03-15T00:45:42.364Z] [INFO] 发现 139 个币 (甜蜜区$1M-$50M: 81个, 丢弃>$500M)
[2026-03-15T00:45:42.374Z] [INFO] 钱包池: 646 个, 待分析: 0
[2026-03-15T00:45:42.379Z] [INFO] 等待 60秒...
[2026-03-15T00:47:24.678Z] [INFO] GeckoTerminal SOL: trending+volume 已处理
[2026-03-15T00:47:30.748Z] [INFO] GeckoTerminal BSC: trending+volume 已处理
[2026-03-15T00:47:36.818Z] [INFO] GeckoTerminal BASE: trending+volume 已处理
[2026-03-15T00:47:36.819Z] [INFO] 发现 139 个币 (甜蜜区$1M-$50M: 81个, 丢弃>$500M)
[2026-03-15T00:47:36.828Z] [INFO] 钱包池: 646 个, 待分析: 0
[2026-03-15T00:47:36.833Z] [INFO] 等待 60秒...
[2026-03-15T00:49:20.690Z] [INFO] GeckoTerminal SOL: trending+volume 已处理
[2026-03-15T00:49:26.840Z] [INFO] GeckoTerminal BSC: trending+volume 已处理
[2026-03-15T00:49:32.916Z] [INFO] GeckoTerminal BASE: trending+volume 已处理
[2026-03-15T00:49:32.917Z] [INFO] 发现 139 个币 (甜蜜区$1M-$50M: 81个, 丢弃>$500M)
[2026-03-15T00:49:32.928Z] [INFO] 钱包池: 646 个, 待分析: 0
[2026-03-15T00:49:32.934Z] [INFO] 等待 60秒...
[2026-03-15T00:51:13.771Z] [INFO] GeckoTerminal SOL: trending+volume 已处理
[2026-03-15T00:51:19.909Z] [INFO] GeckoTerminal BSC: trending+volume 已处理
[2026-03-15T00:51:25.967Z] [INFO] GeckoTerminal BASE: trending+volume 已处理
[2026-03-15T00:51:25.968Z] [INFO] 发现 139 个币 (甜蜜区$1M-$50M: 81个, 丢弃>$500M)
[2026-03-15T00:51:25.977Z] [INFO] 钱包池: 646 个, 待分析: 0
[2026-03-15T00:51:25.982Z] [INFO] 等待 60秒...
[2026-03-15T00:53:07.444Z] [INFO] GeckoTerminal SOL: trending+volume 已处理
[2026-03-15T00:53:13.514Z] [INFO] GeckoTerminal BSC: trending+volume 已处理
[2026-03-15T00:53:19.576Z] [INFO] GeckoTerminal BASE: trending+volume 已处理
[2026-03-15T00:53:19.577Z] [INFO] 发现 139 个币 (甜蜜区$1M-$50M: 81个, 丢弃>$500M)
[2026-03-15T00:53:19.587Z] [INFO] 钱包池: 646 个, 待分析: 0
[2026-03-15T00:53:19.592Z] [INFO] 等待 60秒...
[2026-03-15T00:55:00.830Z] [INFO] GeckoTerminal SOL: trending+volume 已处理
[2026-03-15T00:55:07.131Z] [INFO] GeckoTerminal BSC: trending+volume 已处理
[2026-03-15T00:55:13.209Z] [INFO] GeckoTerminal BASE: trending+volume 已处理
[2026-03-15T00:55:13.211Z] [INFO] 发现 139 个币 (甜蜜区$1M-$50M: 81个, 丢弃>$500M)
[2026-03-15T00:55:13.229Z] [INFO] 钱包池: 646 个, 待分析: 0
[2026-03-15T00:55:13.237Z] [INFO] 等待 60秒...
[2026-03-15T00:56:52.368Z] [INFO] GeckoTerminal SOL: trending+volume 已处理
[2026-03-15T00:56:58.530Z] [INFO] GeckoTerminal BSC: trending+volume 已处理
[2026-03-15T00:57:04.875Z] [INFO] GeckoTerminal BASE: trending+volume 已处理
[2026-03-15T00:57:04.876Z] [INFO] 发现 139 个币 (甜蜜区$1M-$50M: 81个, 丢弃>$500M)
[2026-03-15T00:57:04.891Z] [INFO] 钱包池: 646 个, 待分析: 0
[2026-03-15T00:57:04.899Z] [INFO] 等待 60秒...
[2026-03-15T00:58:46.424Z] [INFO] GeckoTerminal SOL: trending+volume 已处理
[2026-03-15T00:58:52.503Z] [INFO] GeckoTerminal BSC: trending+volume 已处理
[2026-03-15T00:58:58.584Z] [INFO] GeckoTerminal BASE: trending+volume 已处理
[2026-03-15T00:58:58.584Z] [INFO] 发现 139 个币 (甜蜜区$1M-$50M: 81个, 丢弃>$500M)
[2026-03-15T00:58:58.594Z] [INFO] 钱包池: 646 个, 待分析: 0
[2026-03-15T00:58:58.599Z] [INFO] 等待 60秒...
