[2026-03-14T09:08:14.948Z] [INFO] === Seed Finder 启动 ===
[2026-03-14T09:08:14.953Z] [INFO] 已有种子: 5
[2026-03-14T09:08:14.953Z] [INFO] 扫描 DexScreener boosts...
[2026-03-14T09:08:15.105Z] [INFO]   boosts: 29 tokens
[2026-03-14T09:08:16.133Z] [INFO]   profiles后: 56 tokens
[2026-03-14T09:08:17.133Z] [INFO] 搜索 43 个关键词...
[2026-03-14T09:08:40.274Z] [INFO]   搜索新增: 43, 总计: 99
[2026-03-14T09:08:40.275Z] [INFO] 候选币: 99
[2026-03-14T09:08:40.275Z] [INFO] 新候选: 96
[2026-03-14T09:08:40.693Z] [INFO] ❌ [SOLANA] Pump — only_2x
[2026-03-14T09:08:43.299Z] [INFO] ❌ [BSC] pumpBTC Governance token — only_2x
[2026-03-14T09:08:45.873Z] [INFO] ✅ [SOLANA] MOONCOIN 296x (MC:$115,608) — 加入种子库
[2026-03-14T09:08:48.434Z] [INFO] ❌ [BASE] BasedPepe — only_3x
[2026-03-14T09:08:50.878Z] [INFO] ❌ [BASE] Pepe — only_2x
[2026-03-14T09:08:52.895Z] [WARN] 429 rate limit, waiting 5s...
[2026-03-14T09:08:57.921Z] [WARN] 429 rate limit, waiting 10s...
[2026-03-14T09:09:08.720Z] [INFO] ❌ [SOLANA] Pepe — only_1x
[2026-03-14T09:09:10.741Z] [WARN] 429 rate limit, waiting 5s...
[2026-03-14T09:09:16.305Z] [INFO] ✅ [BSC] PEPE 26x (MC:$2,552,919) — 加入种子库
[2026-03-14T09:09:18.321Z] [WARN] 429 rate limit, waiting 5s...
[2026-03-14T09:09:23.348Z] [WARN] 429 rate limit, waiting 10s...
[2026-03-14T09:09:33.994Z] [INFO] ❌ [BSC] Pepe — only_2x
[2026-03-14T09:09:36.035Z] [WARN] 429 rate limit, waiting 5s...
[2026-03-14T09:09:41.725Z] [INFO] ❌ [SOLANA] Dogecoin — only_1x
[2026-03-14T09:09:43.741Z] [WARN] 429 rate limit, waiting 5s...
[2026-03-14T09:09:49.336Z] [INFO] ❌ [SOLANA] Dogecoin — only_1x
[2026-03-14T09:09:51.336Z] [INFO] 进度: 10/30, 新增: 2
[2026-03-14T09:09:51.347Z] [WARN] 429 rate limit, waiting 5s...
[2026-03-14T09:09:56.388Z] [WARN] 429 rate limit, waiting 10s...
[2026-03-14T09:10:06.414Z] [WARN] 429 rate limit, waiting 15s...
[2026-03-14T09:10:23.447Z] [WARN] 429 rate limit, waiting 5s...
[2026-03-14T09:10:29.092Z] [INFO] ❌ [BSC] Dogecoin — only_2x
[2026-03-14T09:10:31.106Z] [WARN] 429 rate limit, waiting 5s...
[2026-03-14T09:10:36.726Z] [INFO] ❌ [BSC] Catcoin — only_3x
[2026-03-14T09:10:38.744Z] [WARN] 429 rate limit, waiting 5s...
[2026-03-14T09:10:43.777Z] [WARN] 429 rate limit, waiting 10s...
[2026-03-14T09:10:53.800Z] [WARN] 429 rate limit, waiting 15s...
[2026-03-14T09:11:11.446Z] [INFO] ❌ [SOLANA] Cat Terminal — current_only_1.5x_from_low
[2026-03-14T09:11:13.970Z] [INFO] ❌ [BSC] FROG — only_4x
[2026-03-14T09:11:15.987Z] [WARN] 429 rate limit, waiting 5s...
[2026-03-14T09:11:21.015Z] [WARN] 429 rate limit, waiting 10s...
[2026-03-14T09:11:31.555Z] [INFO] ✅ [BSC] First Agent Token 45x (MC:$544,586) — 加入种子库
[2026-03-14T09:11:33.573Z] [WARN] 429 rate limit, waiting 5s...
[2026-03-14T09:11:39.131Z] [INFO] ❌ [SOLANA] MEMEcoin — only_1x
[2026-03-14T09:11:41.152Z] [WARN] 429 rate limit, waiting 5s...
[2026-03-14T09:11:46.180Z] [WARN] 429 rate limit, waiting 10s...
[2026-03-14T09:11:56.825Z] [INFO] ❌ [SOLANA] Wojak  — only_9x
[2026-03-14T09:11:58.838Z] [WARN] 429 rate limit, waiting 5s...
[2026-03-14T09:12:04.328Z] [INFO] ✅ [BSC] Wojak 563x (MC:$596,219) — 加入种子库
[2026-03-14T09:12:06.330Z] [INFO] 进度: 20/30, 新增: 4
[2026-03-14T09:12:06.345Z] [WARN] 429 rate limit, waiting 5s...
[2026-03-14T09:12:11.371Z] [WARN] 429 rate limit, waiting 10s...
[2026-03-14T09:12:21.799Z] [INFO] ❌ [SOLANA] Wojak — only_4x
[2026-03-14T09:12:23.817Z] [WARN] 429 rate limit, waiting 5s...
[2026-03-14T09:12:29.442Z] [INFO] ❌ [BSC] ApeCoin — only_3x
[2026-03-14T09:12:31.459Z] [WARN] 429 rate limit, waiting 5s...
[2026-03-14T09:12:37.025Z] [INFO] ❌ [BSC] DRAGON — only_5x
[2026-03-14T09:12:39.035Z] [WARN] 429 rate limit, waiting 5s...
[2026-03-14T09:12:44.064Z] [WARN] 429 rate limit, waiting 10s...
[2026-03-14T09:12:54.712Z] [INFO] ✅ [SOLANA] Whale Miner 63x (MC:$658,027) — 加入种子库
[2026-03-14T09:12:56.725Z] [WARN] 429 rate limit, waiting 5s...
[2026-03-14T09:13:01.751Z] [WARN] 429 rate limit, waiting 10s...
[2026-03-14T09:13:11.795Z] [WARN] 429 rate limit, waiting 15s...
[2026-03-14T09:13:29.473Z] [INFO] ❌ [SOLANA] Turbo (Wormhole) — only_3x
[2026-03-14T09:13:31.485Z] [WARN] 429 rate limit, waiting 5s...
[2026-03-14T09:13:36.978Z] [INFO] ❌ [SOLANA] Ninja Squad Token (Wormhole) — only_2x
[2026-03-14T09:13:38.998Z] [WARN] 429 rate limit, waiting 5s...
[2026-03-14T09:13:44.025Z] [WARN] 429 rate limit, waiting 10s...
[2026-03-14T09:13:54.727Z] [INFO] ❌ [BSC] PirateCash — only_1x
[2026-03-14T09:13:56.750Z] [WARN] 429 rate limit, waiting 5s...
[2026-03-14T09:14:02.434Z] [INFO] ❌ [SOLANA] FIGHT — only_3x
[2026-03-14T09:14:04.451Z] [WARN] 429 rate limit, waiting 5s...
[2026-03-14T09:14:09.482Z] [WARN] 429 rate limit, waiting 10s...
[2026-03-14T09:14:20.110Z] [INFO] ✅ [SOLANA] WAR 1271x (MC:$3,843,269) — 加入种子库
[2026-03-14T09:14:22.111Z] [INFO] 进度: 30/30, 新增: 6
[2026-03-14T09:14:22.112Z] [INFO] 
=== 完成 ===
[2026-03-14T09:14:22.112Z] [INFO] 检查: 30 | 新增: 6 | 总种子: 11
[2026-03-14T09:14:22.112Z] [INFO] 
📋 种子库:
[2026-03-14T09:14:22.112Z] [INFO]   [SOLANA] Nietzschean Penguin (PENGUIN) 7444x MC:$5,000,000 age:58d
[2026-03-14T09:14:22.112Z] [INFO]   [SOLANA] パンチ (Punch) 3060x MC:$7,600,000 age:36d
[2026-03-14T09:14:22.112Z] [INFO]   [BSC] 龙虾 (龙虾) 574x MC:$15,500,000 age:16d
[2026-03-14T09:14:22.112Z] [INFO]   [BASE] Moltbook (MOLT) 3655x MC:$3,900,000 age:44d
[2026-03-14T09:14:22.112Z] [INFO]   [SOLANA] Strategic Oil Supply (SOS) 473x MC:$4,300,000 age:4d
[2026-03-14T09:14:22.112Z] [INFO]   [SOLANA] MOONCOIN (MOON) 296x MC:$115,608 age:157d
[2026-03-14T09:14:22.112Z] [INFO]   [BSC] PEPE (PEPE) 26x MC:$2,552,919 age:59d
[2026-03-14T09:14:22.112Z] [INFO]   [BSC] First Agent Token (AGENT) 45x MC:$544,586 age:10d
[2026-03-14T09:14:22.112Z] [INFO]   [BSC] Wojak (Wojak) 563x MC:$596,219 age:51d
[2026-03-14T09:14:22.112Z] [INFO]   [SOLANA] Whale Miner (WHALE) 63x MC:$658,027 age:31d
[2026-03-14T09:14:22.112Z] [INFO]   [SOLANA] WAR (WAR) 1271x MC:$3,843,269 age:52d
