[2026-03-14T10:50:53.199Z] [INFO] 🚀 Smart Money Scanner v6 启动
[2026-03-14T10:50:53.200Z] [INFO] Helius Keys: 0, EVM RPCs: bsc,base
[2026-03-14T10:50:53.200Z] [INFO] 🌱 Phase 1: 从币安排行榜获取种子币...
[2026-03-14T10:50:53.367Z] [INFO]   Solana Trending: 185 个
[2026-03-14T10:50:53.866Z] [INFO]   Solana TopSearch: 193 个
[2026-03-14T10:50:54.200Z] [INFO]   Solana Alpha: 28 个
[2026-03-14T10:50:54.634Z] [INFO]   BSC Trending: 198 个
[2026-03-14T10:50:55.144Z] [INFO]   BSC TopSearch: 200 个
[2026-03-14T10:50:55.526Z] [INFO]   BSC Alpha: 200 个
[2026-03-14T10:50:56.014Z] [INFO]   Base Trending: 191 个
[2026-03-14T10:50:56.520Z] [INFO]   Base TopSearch: 170 个
[2026-03-14T10:50:56.849Z] [INFO]   Base Alpha: 23 个
[2026-03-14T10:50:57.150Z] [INFO] 🌱 种子币筛选完成: 20 个通过
[2026-03-14T10:50:57.161Z] [INFO]   [Solana] DRONE | MC:$5,132,698.26 | Liq:$188,327.069 | +293960% | Holders:1567 | Source:Trending+TopSearch
[2026-03-14T10:50:57.162Z] [INFO]   [Solana] WHALE | MC:$2,928,177.079 | Liq:$163,716.547 | +120454% | Holders:1972 | Source:Trending+TopSearch
[2026-03-14T10:50:57.162Z] [INFO]   [Solana] Memehouse | MC:$746,249.908 | Liq:$161,651.519 | +29095% | Holders:2046 | Source:Trending+TopSearch
[2026-03-14T10:50:57.162Z] [INFO]   [Solana] Sheep | MC:$510,360.154 | Liq:$99,794.548 | +18304% | Holders:2965 | Source:Trending+TopSearch
[2026-03-14T10:50:57.162Z] [INFO]   [Solana] SMITH | MC:$379,495.575 | Liq:$123,770.178 | +15426% | Holders:3730 | Source:Trending+TopSearch
[2026-03-14T10:50:57.162Z] [INFO]   [BSC] frogs | MC:$441,682.992 | Liq:$97,185.61 | +11650% | Holders:1730 | Source:Trending+TopSearch
[2026-03-14T10:50:57.162Z] [INFO]   [Solana] NEO | MC:$260,926.002 | Liq:$60,528.575 | +10596% | Holders:1821 | Source:Trending+TopSearch
[2026-03-14T10:50:57.162Z] [INFO]   [Solana] BURN | MC:$353,786.055 | Liq:$74,397.325 | +6617% | Holders:939 | Source:Trending
[2026-03-14T10:50:57.162Z] [INFO]   [Solana] XSAI | MC:$425,572.891 | Liq:$75,477.623 | +6554% | Holders:815 | Source:Trending+TopSearch
[2026-03-14T10:50:57.162Z] [INFO]   [BSC] MOONDOGE | MC:$258,060.293 | Liq:$97,403.479 | +2130% | Holders:1832 | Source:Trending+TopSearch
[2026-03-14T10:50:57.162Z] [INFO]   [Solana] KAt | MC:$625,104.124 | Liq:$93,116.098 | +1337% | Holders:2051 | Source:Trending+TopSearch
[2026-03-14T10:50:57.162Z] [INFO]   [Solana] SPAce | MC:$572,548.815 | Liq:$93,792.223 | +1223% | Holders:1822 | Source:Trending
[2026-03-14T10:50:57.162Z] [INFO]   [Solana] SEa | MC:$320,735.405 | Liq:$68,016.34 | +935% | Holders:1752 | Source:Trending
[2026-03-14T10:50:57.162Z] [INFO]   [Solana] gomu | MC:$112,509.299 | Liq:$57,905.699 | +766% | Holders:2803 | Source:Trending
[2026-03-14T10:50:57.162Z] [INFO]   [Solana] shitcoin | MC:$328,429.521 | Liq:$55,628.583 | +211% | Holders:1210 | Source:Trending
[2026-03-14T10:50:57.162Z] [INFO]   [Solana] UGOR | MC:$116,061.422 | Liq:$132,240.573 | +196% | Holders:4055 | Source:Trending
[2026-03-14T10:50:57.162Z] [INFO]   [BSC] 暴富 | MC:$607,459.348 | Liq:$71,644.538 | +187% | Holders:1333 | Source:Trending
[2026-03-14T10:50:57.162Z] [INFO]   [Solana] SAGE | MC:$182,417.235 | Liq:$65,346.542 | +156% | Holders:6770 | Source:Trending
[2026-03-14T10:50:57.165Z] [INFO]   [BSC] 分红财神 | MC:$376,585.266 | Liq:$58,379.479 | +122% | Holders:2431 | Source:Trending
[2026-03-14T10:50:57.165Z] [INFO]   [Solana] SOS | MC:$605,775.09 | Liq:$237,978.779 | +112% | Holders:15475 | Source:Trending
[2026-03-14T10:50:57.165Z] [INFO] 
种子币总计: 20
[2026-03-14T10:50:57.165Z] [INFO] 仅种子模式，完成
[2026-03-14T10:51:39.216Z] [INFO] 🚀 Smart Money Scanner v6 启动
[2026-03-14T10:51:39.216Z] [INFO] Helius Keys: 2, EVM RPCs: bsc,base
[2026-03-14T10:51:39.217Z] [INFO] 🌱 Phase 1: 从币安排行榜获取种子币...
[2026-03-14T10:51:39.378Z] [INFO]   Solana Trending: 188 个
[2026-03-14T10:51:39.836Z] [INFO]   Solana TopSearch: 193 个
[2026-03-14T10:51:40.169Z] [INFO]   Solana Alpha: 28 个
[2026-03-14T10:51:40.638Z] [INFO]   BSC Trending: 197 个
[2026-03-14T10:51:41.107Z] [INFO]   BSC TopSearch: 200 个
[2026-03-14T10:51:41.511Z] [INFO]   BSC Alpha: 200 个
[2026-03-14T10:51:41.976Z] [INFO]   Base Trending: 190 个
[2026-03-14T10:51:42.397Z] [INFO]   Base TopSearch: 170 个
[2026-03-14T10:51:42.727Z] [INFO]   Base Alpha: 23 个
[2026-03-14T10:51:43.028Z] [INFO] 🌱 种子币筛选完成: 20 个通过
[2026-03-14T10:51:43.043Z] [INFO]   [Solana] DRONE | MC:$5,349,543.26 | Liq:$192,271.023 | +306383% | Holders:1569 | Source:Trending+TopSearch
[2026-03-14T10:51:43.043Z] [INFO]   [Solana] WHALE | MC:$2,870,383.48 | Liq:$162,341.877 | +116447% | Holders:1987 | Source:Trending+TopSearch
[2026-03-14T10:51:43.043Z] [INFO]   [Solana] Memehouse | MC:$772,551.733 | Liq:$164,008.443 | +30124% | Holders:2043 | Source:Trending+TopSearch
[2026-03-14T10:51:43.044Z] [INFO]   [Solana] Sheep | MC:$519,440.239 | Liq:$101,295.871 | +18632% | Holders:2967 | Source:Trending+TopSearch
[2026-03-14T10:51:43.044Z] [INFO]   [Solana] SMITH | MC:$389,526.639 | Liq:$125,166.538 | +15954% | Holders:3724 | Source:Trending+TopSearch
[2026-03-14T10:51:43.044Z] [INFO]   [BSC] frogs | MC:$426,802.847 | Liq:$95,974.023 | +11202% | Holders:1728 | Source:Trending+TopSearch
[2026-03-14T10:51:43.044Z] [INFO]   [Solana] NEO | MC:$268,480.678 | Liq:$61,213.142 | +10891% | Holders:1824 | Source:Trending+TopSearch
[2026-03-14T10:51:43.044Z] [INFO]   [Solana] BURN | MC:$354,985.983 | Liq:$74,540.799 | +6640% | Holders:939 | Source:Trending
[2026-03-14T10:51:43.044Z] [INFO]   [Solana] XSAI | MC:$425,572.891 | Liq:$75,477.623 | +6347% | Holders:814 | Source:Trending+TopSearch
[2026-03-14T10:51:43.044Z] [INFO]   [BSC] MOONDOGE | MC:$245,379.997 | Liq:$95,153.262 | +2019% | Holders:1832 | Source:Trending+TopSearch
[2026-03-14T10:51:43.044Z] [INFO]   [Solana] KAt | MC:$630,016.739 | Liq:$93,586.588 | +1355% | Holders:2052 | Source:Trending+TopSearch
[2026-03-14T10:51:43.044Z] [INFO]   [Solana] SPAce | MC:$574,942.322 | Liq:$94,090.781 | +1230% | Holders:1822 | Source:Trending
[2026-03-14T10:51:43.044Z] [INFO]   [Solana] SEa | MC:$323,095.713 | Liq:$68,274.801 | +949% | Holders:1754 | Source:Trending
[2026-03-14T10:51:43.044Z] [INFO]   [Solana] gomu | MC:$113,323.43 | Liq:$58,178.336 | +768% | Holders:2803 | Source:Trending
[2026-03-14T10:51:43.044Z] [INFO]   [Solana] shitcoin | MC:$328,429.521 | Liq:$55,628.583 | +211% | Holders:1210 | Source:Trending
[2026-03-14T10:51:43.044Z] [INFO]   [BSC] 暴富 | MC:$640,953.06 | Liq:$73,611.471 | +203% | Holders:1334 | Source:Trending
[2026-03-14T10:51:43.044Z] [INFO]   [Solana] UGOR | MC:$116,078.732 | Liq:$132,392.415 | +199% | Holders:4063 | Source:Trending
[2026-03-14T10:51:43.044Z] [INFO]   [Solana] SAGE | MC:$182,417.235 | Liq:$65,346.542 | +156% | Holders:6770 | Source:Trending
[2026-03-14T10:51:43.047Z] [INFO]   [BSC] 分红财神 | MC:$376,585.266 | Liq:$58,379.479 | +122% | Holders:2431 | Source:Trending
[2026-03-14T10:51:43.047Z] [INFO]   [Solana] SOS | MC:$604,896.694 | Liq:$237,906.55 | +112% | Holders:15477 | Source:Trending
[2026-03-14T10:51:43.047Z] [INFO] 
种子币总计: 20
[2026-03-14T10:51:43.048Z] [INFO] 
⛏️ Phase 2: 挖掘种子币早期买家 (20 个种子)...
[2026-03-14T10:51:43.048Z] [INFO]   🔍 [SOL] DRONE 挖早期买家...
[2026-03-14T10:52:15.193Z] [INFO]     扫了 1012 笔交易，发现 417 个买家
[2026-03-14T10:52:15.694Z] [INFO]   🔍 [SOL] WHALE 挖早期买家...
[2026-03-14T10:52:47.597Z] [INFO]     扫了 623 笔交易，发现 330 个买家
[2026-03-14T10:52:48.098Z] [INFO]   🔍 [SOL] Memehouse 挖早期买家...
[2026-03-14T10:55:01.317Z] [INFO] 🚀 Smart Money Scanner v6 启动
[2026-03-14T10:55:01.317Z] [INFO] Helius Keys: 2, EVM RPCs: bsc,base
[2026-03-14T10:55:01.318Z] [INFO] 🌱 Phase 1: 从币安排行榜获取种子币...
[2026-03-14T10:55:01.515Z] [INFO]   Solana Trending: 190 个
[2026-03-14T10:55:02.025Z] [INFO]   Solana TopSearch: 193 个
[2026-03-14T10:55:02.357Z] [INFO]   Solana Alpha: 28 个
[2026-03-14T10:55:02.813Z] [INFO]   BSC Trending: 197 个
[2026-03-14T10:55:03.283Z] [INFO]   BSC TopSearch: 200 个
[2026-03-14T10:55:03.664Z] [INFO]   BSC Alpha: 200 个
[2026-03-14T10:55:04.091Z] [INFO]   Base Trending: 192 个
[2026-03-14T10:55:04.518Z] [INFO]   Base TopSearch: 170 个
[2026-03-14T10:55:04.847Z] [INFO]   Base Alpha: 23 个
[2026-03-14T10:55:05.148Z] [INFO] 🌱 种子币筛选完成: 20 个通过
[2026-03-14T10:55:05.160Z] [INFO]   [Solana] DRONE | MC:$5,150,360.085 | Liq:$188,684.392 | +294972% | Holders:1569 | Source:Trending+TopSearch
[2026-03-14T10:55:05.161Z] [INFO]   [Solana] WHALE | MC:$3,133,813.909 | Liq:$170,090.811 | +127535% | Holders:2006 | Source:Trending+TopSearch
[2026-03-14T10:55:05.161Z] [INFO]   [Solana] Memehouse | MC:$784,173.445 | Liq:$164,019.844 | +30579% | Holders:2040 | Source:Trending+TopSearch
[2026-03-14T10:55:05.161Z] [INFO]   [Solana] Sheep | MC:$545,706.664 | Liq:$102,651.72 | +19579% | Holders:2973 | Source:Trending+TopSearch
[2026-03-14T10:55:05.161Z] [INFO]   [Solana] SMITH | MC:$393,766.31 | Liq:$126,407.781 | +16010% | Holders:3726 | Source:Trending+TopSearch
[2026-03-14T10:55:05.161Z] [INFO]   [BSC] frogs | MC:$465,586.296 | Liq:$99,352.011 | +12229% | Holders:1728 | Source:Trending+TopSearch
[2026-03-14T10:55:05.161Z] [INFO]   [Solana] NEO | MC:$269,831.609 | Liq:$61,367.52 | +10961% | Holders:1834 | Source:Trending+TopSearch
[2026-03-14T10:55:05.161Z] [INFO]   [Solana] BURN | MC:$360,185.402 | Liq:$75,148.888 | +6739% | Holders:946 | Source:Trending
[2026-03-14T10:55:05.161Z] [INFO]   [Solana] XSAI | MC:$412,023.156 | Liq:$74,454.87 | +6142% | Holders:819 | Source:Trending+TopSearch
[2026-03-14T10:55:05.161Z] [INFO]   [BSC] MOONDOGE | MC:$255,971.228 | Liq:$95,020.297 | +2112% | Holders:1834 | Source:Trending+TopSearch
[2026-03-14T10:55:05.161Z] [INFO]   [Solana] KAt | MC:$627,059.719 | Liq:$93,374.165 | +1348% | Holders:2052 | Source:Trending+TopSearch
[2026-03-14T10:55:05.161Z] [INFO]   [Solana] SPAce | MC:$573,468.189 | Liq:$93,979.506 | +1232% | Holders:1823 | Source:Trending
[2026-03-14T10:55:05.161Z] [INFO]   [Solana] SEa | MC:$324,628.543 | Liq:$68,452.164 | +956% | Holders:1756 | Source:Trending
[2026-03-14T10:55:05.161Z] [INFO]   [Solana] gomu | MC:$112,790.643 | Liq:$58,054.378 | +764% | Holders:2803 | Source:Trending
[2026-03-14T10:55:05.161Z] [INFO]   [BSC] 暴富 | MC:$713,875.665 | Liq:$77,727.277 | +238% | Holders:1329 | Source:Trending
[2026-03-14T10:55:05.162Z] [INFO]   [Solana] UGOR | MC:$118,171.705 | Liq:$133,597.982 | +201% | Holders:4095 | Source:Trending
[2026-03-14T10:55:05.162Z] [INFO]   [Solana] shitcoin | MC:$314,635.57 | Liq:$54,515.825 | +198% | Holders:1227 | Source:Trending
[2026-03-14T10:55:05.162Z] [INFO]   [Solana] SAGE | MC:$183,253.085 | Liq:$65,499.243 | +154% | Holders:6770 | Source:Trending
[2026-03-14T10:55:05.162Z] [INFO]   [BSC] 分红财神 | MC:$376,585.266 | Liq:$58,379.479 | +121% | Holders:2431 | Source:Trending
[2026-03-14T10:55:05.162Z] [INFO]   [Solana] SOS | MC:$608,447.095 | Liq:$238,208.206 | +113% | Holders:15480 | Source:Trending
[2026-03-14T10:55:05.162Z] [INFO] 
种子币总计: 20
[2026-03-14T10:55:05.163Z] [INFO] 
⛏️ Phase 2: 挖掘种子币早期买家 (20 个种子)...
[2026-03-14T10:55:05.163Z] [INFO]   🔍 [SOL] DRONE 挖早期买家...
[2026-03-14T10:55:11.448Z] [INFO]     扫了 265 笔交易，发现 140 个买家
[2026-03-14T10:55:11.949Z] [INFO]   🔍 [SOL] WHALE 挖早期买家...
[2026-03-14T10:55:20.481Z] [INFO]     扫了 168 笔交易，发现 101 个买家
[2026-03-14T10:55:20.982Z] [INFO]   🔍 [SOL] Memehouse 挖早期买家...
[2026-03-14T10:56:14.043Z] [INFO]     扫了 56 笔交易，发现 43 个买家
[2026-03-14T10:56:14.543Z] [INFO]   🔍 [SOL] Sheep 挖早期买家...
[2026-03-14T10:57:08.128Z] [INFO]     扫了 44 笔交易，发现 27 个买家
[2026-03-14T10:57:08.629Z] [INFO]   🔍 [SOL] SMITH 挖早期买家...
[2026-03-14T10:58:01.638Z] [INFO]     扫了 30 笔交易，发现 25 个买家
[2026-03-14T10:58:02.140Z] [INFO] 
🔬 Phase 3: 跨币交叉验证...
[2026-03-14T10:58:02.141Z] [INFO] 🔬 交叉验证完成: 6 个候选聪明钱
[2026-03-14T10:58:02.141Z] [INFO]   3nMNd89AxwHUa1AFvQGq... | Solana | 2币 [DRONE,SMITH] | Score:2.34 | Bot:10% | WR:100%
[2026-03-14T10:58:02.141Z] [INFO]   52oc72vjNbpUhF7jNE1p... | Solana | 2币 [WHALE,SMITH] | Score:2.34 | Bot:10% | WR:100%
[2026-03-14T10:58:02.141Z] [INFO]   7eHTBRPFWZm7TnfYaw83... | Solana | 2币 [WHALE,Memehouse] | Score:1.44 | Bot:10% | WR:50%
[2026-03-14T10:58:02.141Z] [INFO]   9jPvqa7DmscP3yFR8Dyk... | Solana | 2币 [Sheep,SMITH] | Score:1.44 | Bot:10% | WR:50%
[2026-03-14T10:58:02.141Z] [INFO]   BEcU74sJ6uuoBRLMHj26... | Solana | 2币 [Sheep,SMITH] | Score:1.44 | Bot:10% | WR:50%
[2026-03-14T10:58:02.141Z] [INFO]   2Bw6YNdLGciRkQmGZste... | Solana | 3币 [DRONE,Sheep,SMITH] | Score:0.81 | Bot:10% | WR:0%
[2026-03-14T10:58:02.141Z] [INFO] 
✅ 完成！种子: 20, 聪明钱: 6
[2026-03-14T11:00:34.789Z] [INFO] 🚀 Smart Money Scanner v6.1 启动 (mode=full)
[2026-03-14T11:00:34.790Z] [INFO] Helius: 2keys, RPC: bsc,base
[2026-03-14T11:00:34.790Z] [INFO] 🌱 Phase 1: 从币安排行榜拉种子币...
[2026-03-14T11:00:35.038Z] [INFO]   Solana Trending: 192
[2026-03-14T11:00:35.457Z] [INFO]   Solana TopSearch: 193
[2026-03-14T11:00:35.692Z] [INFO]   Solana Alpha: 28
[2026-03-14T11:00:36.070Z] [INFO]   BSC Trending: 196
[2026-03-14T11:00:36.566Z] [INFO]   BSC TopSearch: 200
[2026-03-14T11:00:36.858Z] [INFO]   BSC Alpha: 200
[2026-03-14T11:00:37.212Z] [INFO]   Base Trending: 192
[2026-03-14T11:00:37.619Z] [INFO]   Base TopSearch: 170
[2026-03-14T11:00:37.848Z] [INFO]   Base Alpha: 23
[2026-03-14T11:00:38.049Z] [INFO] 🌱 种子币: 26 个通过
[2026-03-14T11:00:38.049Z] [INFO]   [Solana] DRONE MC:$5277k Liq:$191k +302201% H:1574 Trending+TopSearch
[2026-03-14T11:00:38.049Z] [INFO]   [Solana] WHALE MC:$3133k Liq:$171k +127049% H:2021 Trending+TopSearch
[2026-03-14T11:00:38.049Z] [INFO]   [Solana] Memehouse MC:$740k Liq:$164k +28856% H:2041 Trending+TopSearch
[2026-03-14T11:00:38.049Z] [INFO]   [Solana] Sheep MC:$569k Liq:$103k +20330% H:2990 Trending+TopSearch
[2026-03-14T11:00:38.049Z] [INFO]   [Solana] SMITH MC:$432k Liq:$131k +17765% H:3737 Trending+TopSearch
[2026-03-14T11:00:38.049Z] [INFO]   [Solana] NEO MC:$322k Liq:$66k +13176% H:1840 Trending+TopSearch
[2026-03-14T11:00:38.049Z] [INFO]   [BSC] frogs MC:$453k Liq:$98k +11886% H:1734 Trending+TopSearch
[2026-03-14T11:00:38.049Z] [INFO]   [Solana] BURN MC:$368k Liq:$76k +6896% H:957 Trending
[2026-03-14T11:00:38.049Z] [INFO]   [Solana] XSAI MC:$416k Liq:$75k +6208% H:828 Trending+TopSearch
[2026-03-14T11:00:38.050Z] [INFO]   [BSC] MOONDOGE MC:$265k Liq:$97k +2187% H:1841 Trending+TopSearch
[2026-03-14T11:00:38.050Z] [INFO]   [Solana] KAt MC:$636k Liq:$94k +1364% H:2055 Trending+TopSearch
[2026-03-14T11:00:38.050Z] [INFO]   [Solana] SPAce MC:$575k Liq:$94k +1230% H:1824 Trending
[2026-03-14T11:00:38.050Z] [INFO]   [Solana] SEa MC:$328k Liq:$69k +961% H:1755 Trending
[2026-03-14T11:00:38.050Z] [INFO]   [Solana] gomu MC:$114k Liq:$58k +775% H:2804 Trending
[2026-03-14T11:00:38.050Z] [INFO]   [BSC] 暴富 MC:$676k Liq:$76k +221% H:1335 Trending
[2026-03-14T11:00:38.050Z] [INFO] 
⛏ Phase 2: 挖掘早期买家 (前15个种子)...
[2026-03-14T11:00:38.235Z] [INFO] 价格: SOL=$86.68, BNB=$651.04
[2026-03-14T11:00:38.235Z] [INFO]   ⛏ [SOL] DRONE (7NYWLY8vL9s4...)
[2026-03-14T11:00:53.140Z] [INFO]     542笔tx → 232个钱包, 10个盈利>$100
[2026-03-14T11:00:53.441Z] [INFO]   ⛏ [SOL] WHALE (D9g3NFv4qCeD...)
[2026-03-14T11:01:21.752Z] [INFO]     247笔tx → 137个钱包, 12个盈利>$100
[2026-03-14T11:01:22.053Z] [INFO]   ⛏ [SOL] Memehouse (E93JuGQcHiXZ...)
[2026-03-14T11:03:09.101Z] [INFO]     66笔tx → 32个钱包, 5个盈利>$100
[2026-03-14T11:03:09.402Z] [INFO]   ⛏ [SOL] Sheep (5dfHpiBxagAK...)
[2026-03-14T11:04:35.173Z] [INFO]     200笔tx → 93个钱包, 6个盈利>$100
[2026-03-14T11:04:35.474Z] [INFO]   ⛏ [SOL] SMITH (9e1wtawpbkrJ...)
[2026-03-14T11:04:46.495Z] [INFO]     385笔tx → 11个钱包, 0个盈利>$100
[2026-03-14T11:04:46.795Z] [INFO]   ⛏ [SOL] NEO (HL8i2d74iFZQ...)
[2026-03-14T11:06:22.348Z] [INFO]     193笔tx → 101个钱包, 8个盈利>$100
[2026-03-14T11:06:22.649Z] [INFO]   ⛏ [BSC] frogs (0xc3b1a6229d...)
[2026-03-14T11:06:30.884Z] [INFO]     0个事件 → 0个地址
[2026-03-14T11:06:31.184Z] [INFO]   ⛏ [SOL] BURN (GcqpRf1JafEN...)
[2026-03-14T11:06:50.015Z] [INFO]     69笔tx → 13个钱包, 0个盈利>$100
[2026-03-14T11:06:50.315Z] [INFO]   ⛏ [SOL] XSAI (AY1ZUqnLhrBw...)
[2026-03-14T11:07:09.696Z] [INFO]     371笔tx → 195个钱包, 14个盈利>$100
[2026-03-14T11:07:09.996Z] [INFO]   ⛏ [BSC] MOONDOGE (0x444433123b...)
[2026-03-14T11:07:17.890Z] [INFO]     0个事件 → 0个地址
[2026-03-14T11:07:18.191Z] [INFO]   ⛏ [SOL] KAt (F4v2oXKGUsVv...)
[2026-03-14T11:07:31.150Z] [INFO]     1000笔tx → 489个钱包, 0个盈利>$100
[2026-03-14T11:07:31.450Z] [INFO]   ⛏ [SOL] SPAce (Fwj9JWxdNw9D...)
[2026-03-14T11:07:43.074Z] [INFO]     1000笔tx → 506个钱包, 0个盈利>$100
[2026-03-14T11:07:43.375Z] [INFO]   ⛏ [SOL] SEa (6Heo4qHRvHc3...)
[2026-03-14T11:07:55.024Z] [INFO]     1000笔tx → 487个钱包, 0个盈利>$100
[2026-03-14T11:07:55.324Z] [INFO]   ⛏ [SOL] gomu (Bx74hpFiaiBb...)
[2026-03-14T11:08:10.316Z] [INFO]     705笔tx → 249个钱包, 1个盈利>$100
[2026-03-14T11:08:10.617Z] [INFO]   ⛏ [BSC] 暴富 (0xa3ecf8e0d2...)
[2026-03-14T11:08:19.552Z] [INFO]     0个事件 → 0个地址
[2026-03-14T11:08:19.859Z] [INFO] 
🔬 Phase 3: 交叉验证 + 评分...
[2026-03-14T11:08:19.862Z] [INFO] 🔬 结果: 255 个聪明钱候选
[2026-03-14T11:08:19.863Z] [INFO]    链分布: SOL=255 BSC=0 Base=0
[2026-03-14T11:08:19.875Z] [INFO]   3nDVs4NV3yZCvwMi... [Solana] 2币(Sheep,NEO) Profit:$140.46 WR:100% Bot:10% Score:6.8
[2026-03-14T11:08:19.875Z] [INFO]   4WXZcrjEMXYFZvCn... [Solana] 2币(Memehouse,NEO) Profit:$111.64 WR:100% Bot:10% Score:6.58
[2026-03-14T11:08:19.875Z] [INFO]   EZth5m5a8MSEWnfg... [Solana] 2币(SPAce,SEa) Profit:$105.11 WR:100% Bot:10% Score:6.53
[2026-03-14T11:08:19.875Z] [INFO]   GgsBQj6cyQQYfRR8... [Solana] 2币(WHALE,NEO) Profit:$100.6 WR:100% Bot:10% Score:6.49
[2026-03-14T11:08:19.875Z] [INFO]   8psNvWTrdNTiVRNz... [Solana] 2币(XSAI,gomu) Profit:$91.05 WR:100% Bot:10% Score:6.39
[2026-03-14T11:08:19.875Z] [INFO]   5PBwYy8YrfX1ZXEc... [Solana] 3币(KAt,SPAce,SEa) Profit:$53.8 WR:67% Bot:10% Score:6.39
[2026-03-14T11:08:19.876Z] [INFO]   6gN6ZZSAe6eConJ1... [Solana] 2币(Memehouse,NEO) Profit:$43.13 WR:100% Bot:10% Score:5.69
[2026-03-14T11:08:19.876Z] [INFO]   GuJsA6cnYw4wjcKG... [Solana] 2币(SPAce,SEa) Profit:$33.56 WR:100% Bot:10% Score:5.46
[2026-03-14T11:08:19.876Z] [INFO]   34ucTijq9W5aNsqK... [Solana] 3币(KAt,SPAce,SEa) Profit:$8.5 WR:67% Bot:10% Score:4.52
[2026-03-14T11:08:19.876Z] [INFO]   7nft8CPx9usR9nnB... [Solana] 2币(Sheep,SMITH) Profit:$350.18 WR:50% Bot:10% Score:4.47
[2026-03-14T11:08:19.876Z] [INFO]   6VKq9u97UeWRMvMB... [Solana] 3币(KAt,SPAce,SEa) Profit:$53.88 WR:33% Bot:10% Score:3.93
[2026-03-14T11:08:19.876Z] [INFO]   CCkKHgNgpLfFytNF... [Solana] 3币(KAt,SPAce,SEa) Profit:$34.16 WR:33% Bot:10% Score:3.65
[2026-03-14T11:08:19.876Z] [INFO]   7CxpppnTf1Z7t6qS... [Solana] 2币(KAt,SPAce) Profit:$28.16 WR:50% Bot:10% Score:3.09
[2026-03-14T11:08:19.876Z] [INFO]   JQnfyWqh9c1YPWAc... [Solana] 2币(KAt,SPAce) Profit:$2.09 WR:100% Bot:10% Score:2.85
[2026-03-14T11:08:19.876Z] [INFO]   8EyRoviKAZrbscKM... [Solana] 2币(KAt,SEa) Profit:$15.09 WR:50% Bot:10% Score:2.75
[2026-03-14T11:08:19.876Z] [INFO]   sqwqZQsbAhoEHf3A... [Solana] 2币(DRONE,gomu) Profit:$13.76 WR:50% Bot:10% Score:2.69
[2026-03-14T11:08:19.876Z] [INFO]   J965KdJj626o9hL5... [Solana] 2币(KAt,SEa) Profit:$1.43 WR:100% Bot:10% Score:2.49
[2026-03-14T11:08:19.876Z] [INFO]   7CBQdrAfwTZxfPYG... [Solana] 3币(KAt,SPAce,SEa) Profit:$-17.35 WR:67% Bot:10% Score:2.34
[2026-03-14T11:08:19.876Z] [INFO]   U7nyZwgfV1oWUDUE... [Solana] 2币(DRONE,Memehouse) Profit:$0.78 WR:100% Bot:10% Score:2.16
[2026-03-14T11:08:19.876Z] [INFO]   7A4nFhFkxzPbZXYq... [Solana] 2币(KAt,SEa) Profit:$0.72 WR:100% Bot:10% Score:2.16
[2026-03-14T11:08:19.876Z] [INFO]   HT5KjuPK16W5SrGb... [Solana] 2币(KAt,SPAce) Profit:$0.66 WR:100% Bot:10% Score:2.16
[2026-03-14T11:08:19.876Z] [INFO]   ZKro1NK5w9C58pKQ... [Solana] 2币(KAt,SPAce) Profit:$0.72 WR:100% Bot:10% Score:2.16
[2026-03-14T11:08:19.876Z] [INFO]   9jtYesCtkQ2Aqb6V... [Solana] 2币(KAt,SEa) Profit:$0.97 WR:100% Bot:10% Score:2.16
[2026-03-14T11:08:19.876Z] [INFO]   9BLUXTBGZUwPC8Qk... [Solana] 2币(KAt,SPAce) Profit:$0.46 WR:100% Bot:10% Score:2.16
[2026-03-14T11:08:19.876Z] [INFO]   8BvpBjoFoXX64eJV... [Solana] 2币(KAt,SEa) Profit:$0.58 WR:100% Bot:10% Score:2.16
[2026-03-14T11:08:19.876Z] [INFO]   GnS6z6BR24PYmiMX... [Solana] 2币(KAt,SPAce) Profit:$0.69 WR:100% Bot:10% Score:2.16
[2026-03-14T11:08:19.876Z] [INFO]   6cpjmsaoi1rnheXB... [Solana] 2币(KAt,SEa) Profit:$0.96 WR:100% Bot:10% Score:2.16
[2026-03-14T11:08:19.876Z] [INFO]   9djrqS7n2qH9Tgub... [Solana] 2币(KAt,SEa) Profit:$0.91 WR:100% Bot:10% Score:2.16
[2026-03-14T11:08:19.876Z] [INFO]   GXeAaS7MeJqG9YGy... [Solana] 2币(SPAce,SEa) Profit:$0.62 WR:100% Bot:10% Score:2.16
[2026-03-14T11:08:19.876Z] [INFO]   EamdUNgJfznfpr7R... [Solana] 3币(Sheep,NEO,XSAI) Profit:$-2.09 WR:33% Bot:10% Score:1.44
[2026-03-14T11:08:19.877Z] [INFO] 
✅ 完成！种子:26 聪明钱:255
[2026-03-14T11:19:13.601Z] [INFO] 🚀 Smart Money Scanner v6.1 启动 (mode=seeds)
[2026-03-14T11:19:13.602Z] [INFO] Helius: 2keys, RPC: bsc,base
[2026-03-14T11:19:13.602Z] [INFO] 🌱 Phase 1: 从币安排行榜拉种子币...
[2026-03-14T11:19:13.818Z] [INFO]   Solana Trending(pump): 191
[2026-03-14T11:19:14.236Z] [INFO]   Solana TopSearch(pump): 193
[2026-03-14T11:19:14.633Z] [INFO]   BSC Trending(pump): 199
[2026-03-14T11:19:15.060Z] [INFO]   BSC TopSearch(pump): 200
[2026-03-14T11:19:15.448Z] [INFO]   Base Trending(pump): 192
[2026-03-14T11:19:15.904Z] [INFO]   Base TopSearch(pump): 169
[2026-03-14T11:19:16.238Z] [INFO]   Solana Trending(mature): 198
[2026-03-14T11:19:16.467Z] [INFO]   Solana Alpha(mature): 28
[2026-03-14T11:19:16.788Z] [INFO]   BSC Trending(mature): 200
[2026-03-14T11:19:17.072Z] [INFO]   BSC Alpha(mature): 200
[2026-03-14T11:19:17.404Z] [INFO]   Base Trending(mature): 197
[2026-03-14T11:19:17.637Z] [INFO]   Base Alpha(mature): 23
[2026-03-14T11:19:17.837Z] [INFO] 🌱 种子币: 125 个通过
[2026-03-14T11:19:17.838Z] [INFO]   爆发型: 22, 成熟型: 103
[2026-03-14T11:19:17.838Z] [INFO]   [Solana][pump] DRONE MC:$5111k Liq:$188k Vol:$1.2M +292719% H:1583 Trending+TopSearch
[2026-03-14T11:19:17.838Z] [INFO]   [Solana][pump] WHALE MC:$3651k Liq:$189k Vol:$9.2M +148551% H:1928 Trending+TopSearch
[2026-03-14T11:19:17.838Z] [INFO]   [Solana][pump] Memehouse MC:$685k Liq:$165k Vol:$4.4M +26680% H:2018 Trending+TopSearch
[2026-03-14T11:19:17.838Z] [INFO]   [Solana][both] Sheep MC:$654k Liq:$105k Vol:$8.3M +23479% H:3020 Trending+TopSearch
[2026-03-14T11:19:17.838Z] [INFO]   [Solana][pump] SMITH MC:$472k Liq:$134k Vol:$7.7M +19214% H:3781 Trending+TopSearch
[2026-03-14T11:19:17.838Z] [INFO]   [Solana][pump] NEO MC:$297k Liq:$63k Vol:$3.1M +12070% H:1829 Trending+TopSearch
[2026-03-14T11:19:17.838Z] [INFO]   [BSC][pump] frogs MC:$406k Liq:$94k Vol:$4.3M +10115% H:1722 Trending+TopSearch
[2026-03-14T11:19:17.838Z] [INFO]   [Solana][pump] BURN MC:$396k Liq:$79k Vol:$0.0M +7417% H:989 Trending
[2026-03-14T11:19:17.838Z] [INFO]   [Solana][pump] XSAI MC:$451k Liq:$78k Vol:$0.6M +6739% H:857 Trending+TopSearch
[2026-03-14T11:19:17.838Z] [INFO]   [BSC][pump] MOONDOGE MC:$230k Liq:$90k Vol:$7.5M +1887% H:1824 Trending+TopSearch
[2026-03-14T11:19:17.838Z] [INFO]   [Solana][pump] KAt MC:$626k Liq:$93k Vol:$14.3M +1336% H:2052 Trending+TopSearch
[2026-03-14T11:19:17.838Z] [INFO]   [Solana][pump] SPAce MC:$578k Liq:$94k Vol:$13.4M +1234% H:1823 Trending
[2026-03-14T11:19:17.838Z] [INFO]   [Solana][pump] SEa MC:$332k Liq:$69k Vol:$15.0M +975% H:1751 Trending
[2026-03-14T11:19:17.838Z] [INFO]   [Solana][pump] gomu MC:$115k Liq:$59k Vol:$0.1M +782% H:2803 Trending
[2026-03-14T11:19:17.839Z] [INFO]   [BSC][pump] 暴富 MC:$781k Liq:$81k Vol:$0.1M +267% H:1340 Trending
[2026-03-14T11:19:17.839Z] [INFO]   [Solana][pump] UGOR MC:$123k Liq:$136k Vol:$7.2M +212% H:4381 Trending
[2026-03-14T11:19:17.839Z] [INFO]   [Solana][pump] shitcoin MC:$321k Liq:$55k Vol:$0.2M +206% H:1232 Trending
[2026-03-14T11:19:17.839Z] [INFO]   [Solana][pump] SAGE MC:$183k Liq:$65k Vol:$0.0M +151% H:6771 Trending
[2026-03-14T11:19:17.839Z] [INFO]   [Solana][pump] Clude MC:$677k Liq:$89k Vol:$0.1M +124% H:2159 Trending+TopSearch
[2026-03-14T11:19:17.839Z] [INFO]   [BSC][pump] 分红财神 MC:$376k Liq:$58k Vol:$0.0M +120% H:2431 Trending
[2026-03-14T11:20:18.822Z] [INFO] 🚀 Smart Money Scanner v6.1 启动 (mode=seeds)
[2026-03-14T11:20:18.822Z] [INFO] Helius: 2keys, RPC: bsc,base
[2026-03-14T11:20:18.822Z] [INFO] 🌱 Phase 1: 从币安排行榜拉种子币...
[2026-03-14T11:20:18.994Z] [INFO]   Solana Trending(pump): 190
[2026-03-14T11:20:19.393Z] [INFO]   Solana TopSearch(pump): 193
[2026-03-14T11:20:19.769Z] [INFO]   BSC Trending(pump): 199
[2026-03-14T11:20:20.103Z] [INFO]   BSC TopSearch(pump): 200
[2026-03-14T11:20:20.456Z] [INFO]   Base Trending(pump): 191
[2026-03-14T11:20:20.781Z] [INFO]   Base TopSearch(pump): 169
[2026-03-14T11:20:21.137Z] [INFO]   Solana Trending(mature): 198
[2026-03-14T11:20:21.383Z] [INFO]   Solana Alpha(mature): 28
[2026-03-14T11:20:21.737Z] [INFO]   BSC Trending(mature): 200
[2026-03-14T11:20:22.061Z] [INFO]   BSC Alpha(mature): 200
[2026-03-14T11:20:22.385Z] [INFO]   Base Trending(mature): 197
[2026-03-14T11:20:22.614Z] [INFO]   Base Alpha(mature): 23
[2026-03-14T11:20:22.814Z] [INFO]   🔒 安全审计 (125 个候选)...
[2026-03-14T11:20:29.754Z] [INFO]   🔒 审计完成: 50个审计, 0个踢掉
[2026-03-14T11:20:29.755Z] [INFO] 🌱 种子币: 125 个通过
[2026-03-14T11:20:29.755Z] [INFO]   爆发型: 22, 成熟型: 103
[2026-03-14T11:20:29.755Z] [INFO]   [Solana][pump] DRONE MC:$5157k Liq:$189k Vol:$1.2M +295347% H:1589 Trending+TopSearch
[2026-03-14T11:20:29.755Z] [INFO]   [Solana][pump] WHALE MC:$3029k Liq:$172k Vol:$9.3M +123108% H:1949 Trending+TopSearch
[2026-03-14T11:20:29.755Z] [INFO]   [Solana][pump] Memehouse MC:$670k Liq:$164k Vol:$4.4M +26102% H:2017 Trending+TopSearch
[2026-03-14T11:20:29.755Z] [INFO]   [Solana][both] Sheep MC:$621k Liq:$103k Vol:$8.3M +22297% H:3018 Trending+TopSearch
[2026-03-14T11:20:29.755Z] [INFO]   [Solana][pump] SMITH MC:$476k Liq:$136k Vol:$7.7M +19391% H:3778 Trending+TopSearch
[2026-03-14T11:20:29.755Z] [INFO]   [Solana][pump] NEO MC:$283k Liq:$61k Vol:$3.1M +11385% H:1826 Trending+TopSearch
[2026-03-14T11:20:29.755Z] [INFO]   [BSC][pump] frogs MC:$415k Liq:$95k Vol:$4.3M +10887% H:1725 Trending+TopSearch
[2026-03-14T11:20:29.755Z] [INFO]   [Solana][pump] BURN MC:$397k Liq:$79k Vol:$0.0M +7446% H:992 Trending
[2026-03-14T11:20:29.755Z] [INFO]   [Solana][pump] XSAI MC:$473k Liq:$80k Vol:$0.6M +7068% H:856 Trending+TopSearch
[2026-03-14T11:20:29.755Z] [INFO]   [BSC][pump] MOONDOGE MC:$231k Liq:$90k Vol:$7.5M +1894% H:1822 Trending+TopSearch
[2026-03-14T11:20:29.756Z] [INFO]   [Solana][pump] KAt MC:$620k Liq:$93k Vol:$14.3M +1324% H:2052 Trending+TopSearch
[2026-03-14T11:20:29.756Z] [INFO]   [Solana][pump] SPAce MC:$579k Liq:$94k Vol:$13.4M +1239% H:1822 Trending
[2026-03-14T11:20:29.756Z] [INFO]   [Solana][pump] SEa MC:$333k Liq:$69k Vol:$15.1M +980% H:1752 Trending
[2026-03-14T11:20:29.756Z] [INFO]   [Solana][pump] gomu MC:$115k Liq:$59k Vol:$0.1M +778% H:2803 Trending
[2026-03-14T11:20:29.756Z] [INFO]   [BSC][pump] 暴富 MC:$800k Liq:$82k Vol:$0.1M +276% H:1342 Trending
[2026-03-14T11:20:29.756Z] [INFO]   [Solana][pump] UGOR MC:$121k Liq:$135k Vol:$7.2M +208% H:4393 Trending
[2026-03-14T11:20:29.756Z] [INFO]   [Solana][pump] shitcoin MC:$325k Liq:$55k Vol:$0.2M +204% H:1234 Trending
[2026-03-14T11:20:29.756Z] [INFO]   [Solana][pump] SAGE MC:$183k Liq:$65k Vol:$0.0M +151% H:6771 Trending
[2026-03-14T11:20:29.756Z] [INFO]   [BSC][pump] 分红财神 MC:$376k Liq:$58k Vol:$0.0M +120% H:2431 Trending
[2026-03-14T11:20:29.756Z] [INFO]   [Solana][pump] Clude MC:$672k Liq:$88k Vol:$0.1M +118% H:2159 Trending+TopSearch
[2026-03-14T11:22:57.655Z] [INFO] 🚀 Smart Money Scanner v6.1 启动 (mode=full)
[2026-03-14T11:22:57.655Z] [INFO] Helius: 2keys, RPC: bsc,base
[2026-03-14T11:22:57.655Z] [INFO] 🌱 Phase 1: 从币安排行榜拉种子币...
[2026-03-14T11:22:57.811Z] [INFO]   Solana Trending(pump): 193
[2026-03-14T11:22:58.200Z] [INFO]   Solana TopSearch(pump): 193
[2026-03-14T11:22:58.530Z] [INFO]   BSC Trending(pump): 199
[2026-03-14T11:22:58.870Z] [INFO]   BSC TopSearch(pump): 200
[2026-03-14T11:22:59.217Z] [INFO]   Base Trending(pump): 190
[2026-03-14T11:22:59.537Z] [INFO]   Base TopSearch(pump): 169
[2026-03-14T11:22:59.860Z] [INFO]   Solana Trending(mature): 198
[2026-03-14T11:23:00.095Z] [INFO]   Solana Alpha(mature): 28
[2026-03-14T11:23:00.408Z] [INFO]   BSC Trending(mature): 200
[2026-03-14T11:23:00.718Z] [INFO]   BSC Alpha(mature): 200
[2026-03-14T11:23:01.047Z] [INFO]   Base Trending(mature): 197
[2026-03-14T11:23:01.277Z] [INFO]   Base Alpha(mature): 23
[2026-03-14T11:23:01.478Z] [INFO]   🔒 安全审计 (124 个候选)...
[2026-03-14T11:23:08.377Z] [INFO]   🔒 审计完成: 50个审计, 0个踢掉
[2026-03-14T11:23:08.378Z] [INFO] 🌱 种子币: 124 个通过
[2026-03-14T11:23:08.378Z] [INFO]   爆发型: 21, 成熟型: 103
[2026-03-14T11:23:08.378Z] [INFO]   [Solana][pump] DRONE MC:$5052k Liq:$187k Vol:$1.2M +289364% H:1589 Trending+TopSearch
[2026-03-14T11:23:08.378Z] [INFO]   [Solana][pump] WHALE MC:$2494k Liq:$156k Vol:$9.4M +100251% H:1972 Trending+TopSearch
[2026-03-14T11:23:08.379Z] [INFO]   [Solana][pump] Memehouse MC:$718k Liq:$168k Vol:$4.4M +28002% H:2044 Trending+TopSearch
[2026-03-14T11:23:08.379Z] [INFO]   [Solana][both] Sheep MC:$661k Liq:$107k Vol:$8.3M +23737% H:3029 Trending+TopSearch
[2026-03-14T11:23:08.379Z] [INFO]   [Solana][pump] SMITH MC:$452k Liq:$133k Vol:$7.7M +18401% H:3781 Trending+TopSearch
[2026-03-14T11:23:08.379Z] [INFO]   [BSC][pump] frogs MC:$404k Liq:$94k Vol:$4.3M +10599% H:1731 Trending+TopSearch
[2026-03-14T11:23:08.379Z] [INFO]   [Solana][pump] NEO MC:$260k Liq:$59k Vol:$3.1M +10574% H:1826 Trending+TopSearch
[2026-03-14T11:23:08.379Z] [INFO]   [Solana][pump] BURN MC:$402k Liq:$80k Vol:$0.0M +7525% H:993 Trending
[2026-03-14T11:23:08.379Z] [INFO]   [Solana][pump] XSAI MC:$429k Liq:$76k Vol:$0.6M +6397% H:861 Trending+TopSearch
[2026-03-14T11:23:08.380Z] [INFO]   [BSC][pump] MOONDOGE MC:$231k Liq:$90k Vol:$7.5M +1896% H:1823 Trending+TopSearch
[2026-03-14T11:23:08.380Z] [INFO]   [Solana][pump] KAt MC:$621k Liq:$93k Vol:$14.4M +1342% H:2053 Trending+TopSearch
[2026-03-14T11:23:08.381Z] [INFO]   [Solana][pump] SPAce MC:$578k Liq:$94k Vol:$13.5M +1238% H:1823 Trending
[2026-03-14T11:23:08.381Z] [INFO]   [Solana][pump] SEa MC:$327k Liq:$69k Vol:$15.1M +964% H:1751 Trending
[2026-03-14T11:23:08.381Z] [INFO]   [Solana][pump] gomu MC:$118k Liq:$59k Vol:$0.1M +800% H:2804 Trending
[2026-03-14T11:23:08.381Z] [INFO]   [BSC][pump] 暴富 MC:$794k Liq:$82k Vol:$0.1M +273% H:1343 Trending
[2026-03-14T11:23:08.381Z] [INFO]   [Solana][pump] UGOR MC:$126k Liq:$138k Vol:$7.3M +223% H:4425 Trending
[2026-03-14T11:23:08.381Z] [INFO]   [Solana][pump] shitcoin MC:$326k Liq:$55k Vol:$0.2M +204% H:1235 Trending
[2026-03-14T11:23:08.381Z] [INFO]   [Solana][pump] SAGE MC:$183k Liq:$65k Vol:$0.0M +151% H:6771 Trending
[2026-03-14T11:23:08.381Z] [INFO]   [BSC][pump] 分红财神 MC:$375k Liq:$58k Vol:$0.0M +119% H:2431 Trending
[2026-03-14T11:23:08.381Z] [INFO]   [BSC][pump] BCPI MC:$9345k Liq:$257k Vol:$0.2M +115% H:14164 Trending
[2026-03-14T11:23:08.385Z] [INFO] 
⛏ Phase 2: 挖掘早期买家 (前15个种子)...
[2026-03-14T11:23:08.549Z] [INFO] 价格: SOL=$86.77, BNB=$652.14
[2026-03-14T11:23:08.550Z] [INFO]   ⛏ [SOL] DRONE (7NYWLY8vL9s4...)
[2026-03-14T11:23:24.027Z] [INFO]     530笔tx → 236个钱包, 16个盈利>$100
[2026-03-14T11:23:24.328Z] [INFO]   ⛏ [SOL] WHALE (D9g3NFv4qCeD...)
[2026-03-14T11:24:15.114Z] [INFO]     231笔tx → 115个钱包, 20个盈利>$100
[2026-03-14T11:24:15.415Z] [INFO]   ⛏ [SOL] Memehouse (E93JuGQcHiXZ...)
[2026-03-14T11:25:18.800Z] [INFO]     262笔tx → 59个钱包, 2个盈利>$100
[2026-03-14T11:25:19.100Z] [INFO]   ⛏ [SOL] Sheep (5dfHpiBxagAK...)
[2026-03-14T11:27:05.228Z] [INFO]     138笔tx → 64个钱包, 2个盈利>$100
[2026-03-14T11:27:05.528Z] [INFO]   ⛏ [SOL] SMITH (9e1wtawpbkrJ...)
[2026-03-14T11:28:50.599Z] [INFO]     128笔tx → 52个钱包, 2个盈利>$100
[2026-03-14T11:28:50.900Z] [INFO]   ⛏ [BSC] frogs (0xc3b1a6229d...)
[2026-03-14T11:29:14.260Z] [INFO]     0个事件 → 0个地址
[2026-03-14T11:29:14.561Z] [INFO]   ⛏ [SOL] NEO (HL8i2d74iFZQ...)
[2026-03-14T11:30:02.915Z] [INFO]     248笔tx → 126个钱包, 9个盈利>$100
[2026-03-14T11:30:03.215Z] [INFO]   ⛏ [SOL] BURN (GcqpRf1JafEN...)
[2026-03-14T11:30:25.704Z] [INFO]     72笔tx → 14个钱包, 0个盈利>$100
[2026-03-14T11:30:26.004Z] [INFO]   ⛏ [SOL] XSAI (AY1ZUqnLhrBw...)
[2026-03-14T11:30:45.890Z] [INFO]     377笔tx → 200个钱包, 11个盈利>$100
[2026-03-14T11:30:46.191Z] [INFO]   ⛏ [BSC] MOONDOGE (0x444433123b...)
[2026-03-14T11:31:09.946Z] [INFO]     0个事件 → 0个地址
[2026-03-14T11:31:10.247Z] [INFO]   ⛏ [SOL] KAt (F4v2oXKGUsVv...)
[2026-03-14T11:31:23.381Z] [INFO]     1000笔tx → 485个钱包, 0个盈利>$100
[2026-03-14T11:31:23.681Z] [INFO]   ⛏ [SOL] SPAce (Fwj9JWxdNw9D...)
[2026-03-14T11:31:34.709Z] [INFO]     999笔tx → 488个钱包, 0个盈利>$100
[2026-03-14T11:31:35.009Z] [INFO]   ⛏ [SOL] SEa (6Heo4qHRvHc3...)
[2026-03-14T11:31:47.850Z] [INFO]     1000笔tx → 490个钱包, 0个盈利>$100
[2026-03-14T11:31:48.151Z] [INFO]   ⛏ [SOL] gomu (Bx74hpFiaiBb...)
[2026-03-14T11:32:02.807Z] [INFO]     717笔tx → 255个钱包, 1个盈利>$100
[2026-03-14T11:32:03.108Z] [INFO]   ⛏ [BSC] 暴富 (0xa3ecf8e0d2...)
[2026-03-14T11:32:26.935Z] [INFO]     0个事件 → 0个地址
[2026-03-14T11:32:27.242Z] [INFO] 
🔬 Phase 3: 交叉验证 + 评分...
[2026-03-14T11:32:27.245Z] [INFO] 🔬 结果: 259 个聪明钱候选
[2026-03-14T11:32:27.245Z] [INFO]    链分布: SOL=259 BSC=0 Base=0
[2026-03-14T11:32:27.256Z] [INFO]   8psNvWTrdNTiVRNz... [Solana] 2币(XSAI,gomu) Profit:$91.15 WR:100% Bot:10% Score:6.39
[2026-03-14T11:32:27.256Z] [INFO]   BEnMDbSdUwocfZ36... [Solana] 2币(SMITH,NEO) Profit:$81.49 WR:100% Bot:10% Score:6.29
[2026-03-14T11:32:27.257Z] [INFO]   2UaoiLQQfYrCT8Lh... [Solana] 2币(Sheep,SMITH) Profit:$74.17 WR:100% Bot:10% Score:6.2
[2026-03-14T11:32:27.257Z] [INFO]   BMPVAFuEpy8wZjJ6... [Solana] 3币(KAt,SPAce,SEa) Profit:$37 WR:67% Bot:10% Score:6.01
[2026-03-14T11:32:27.257Z] [INFO]   EZth5m5a8MSEWnfg... [Solana] 3币(KAt,SPAce,SEa) Profit:$25.61 WR:67% Bot:10% Score:5.64
[2026-03-14T11:32:27.257Z] [INFO]   Gmvc3GBTaCx87AWR... [Solana] 3币(KAt,SPAce,SEa) Profit:$12.02 WR:67% Bot:10% Score:4.87
[2026-03-14T11:32:27.257Z] [INFO]   5pTC1Fcs38vXc8ux... [Solana] 3币(KAt,SPAce,SEa) Profit:$5.69 WR:67% Bot:10% Score:4.11
[2026-03-14T11:32:27.257Z] [INFO]   34ucTijq9W5aNsqK... [Solana] 3币(KAt,SPAce,SEa) Profit:$53.27 WR:33% Bot:10% Score:3.93
[2026-03-14T11:32:27.257Z] [INFO]   9Pw5NpsufEuc3t2b... [Solana] 2币(Memehouse,NEO) Profit:$24.75 WR:50% Bot:10% Score:3.02
[2026-03-14T11:32:27.257Z] [INFO]   MDWKnfMZut8C2FaW... [Solana] 2币(SPAce,SEa) Profit:$23.47 WR:50% Bot:10% Score:2.99
[2026-03-14T11:32:27.257Z] [INFO]   FWCuXEqTQ89ZX1wg... [Solana] 2币(KAt,SPAce) Profit:$17.56 WR:50% Bot:10% Score:2.83
[2026-03-14T11:32:27.257Z] [INFO]   GiaDQPvBJJQTso6L... [Solana] 2币(NEO,XSAI) Profit:$13.26 WR:50% Bot:10% Score:2.67
[2026-03-14T11:32:27.257Z] [INFO]   GRPyRdFm8QQtvZvZ... [Solana] 2币(Sheep,SMITH) Profit:$7.32 WR:50% Bot:10% Score:2.35
[2026-03-14T11:32:27.257Z] [INFO]   6cxxbYzDuGhrNC9C... [Solana] 3币(WHALE,NEO,XSAI) Profit:$0 WR:67% Bot:10% Score:2.34
[2026-03-14T11:32:27.257Z] [INFO]   2QdUHt7arEaddULw... [Solana] 3币(KAt,SPAce,SEa) Profit:$0.35 WR:67% Bot:10% Score:2.34
[2026-03-14T11:32:27.257Z] [INFO]   8UgLw7bttpCta558... [Solana] 2币(SMITH,NEO) Profit:$6.96 WR:50% Bot:10% Score:2.32
[2026-03-14T11:32:27.257Z] [INFO]   12a3hPZcvw8iAbiq... [Solana] 2币(KAt,SPAce) Profit:$1.15 WR:100% Bot:10% Score:2.29
[2026-03-14T11:32:27.257Z] [INFO]   2mypBGoPftiV256d... [Solana] 2币(KAt,SEa) Profit:$1.14 WR:100% Bot:10% Score:2.29
[2026-03-14T11:32:27.257Z] [INFO]   6e8Hy93vzATzNuCf... [Solana] 2币(KAt,SPAce) Profit:$1.04 WR:100% Bot:10% Score:2.2
[2026-03-14T11:32:27.257Z] [INFO]   HUpvDkk1QqABynbG... [Solana] 2币(Sheep,SMITH) Profit:$0.74 WR:100% Bot:10% Score:2.16
[2026-03-14T11:32:27.257Z] [INFO]   361ffNx9HsZyhWG5... [Solana] 2币(KAt,SEa) Profit:$0.45 WR:100% Bot:10% Score:2.16
[2026-03-14T11:32:27.257Z] [INFO]   8Y7csLiwz9FmtLz2... [Solana] 2币(KAt,SPAce) Profit:$0.59 WR:100% Bot:10% Score:2.16
[2026-03-14T11:32:27.257Z] [INFO]   FUTmYMmkNJZSLMua... [Solana] 2币(KAt,SPAce) Profit:$0.47 WR:100% Bot:10% Score:2.16
[2026-03-14T11:32:27.257Z] [INFO]   91mos84ncZNq2a4i... [Solana] 2币(SPAce,SEa) Profit:$0.56 WR:100% Bot:10% Score:2.16
[2026-03-14T11:32:27.257Z] [INFO]   GxDC9e7SP9mzhDo4... [Solana] 3币(DRONE,Sheep,NEO) Profit:$-0.32 WR:33% Bot:10% Score:1.44
[2026-03-14T11:32:27.257Z] [INFO]   BGARafC7taXf3r6D... [Solana] 3币(KAt,SPAce,SEa) Profit:$-0.43 WR:33% Bot:10% Score:1.44
[2026-03-14T11:32:27.257Z] [INFO]   CZqQyGxvAvcfs62F... [Solana] 3币(KAt,SPAce,SEa) Profit:$-0.11 WR:33% Bot:10% Score:1.44
[2026-03-14T11:32:27.257Z] [INFO]   EqgrWtZr6HUYt4bF... [Solana] 3币(KAt,SPAce,SEa) Profit:$-68.4 WR:33% Bot:10% Score:1.44
[2026-03-14T11:32:27.257Z] [INFO]   vjz6cV8mtfsLEs4C... [Solana] 2币(KAt,SPAce) Profit:$1.16 WR:50% Bot:10% Score:1.34
[2026-03-14T11:32:27.257Z] [INFO]   J2nhTskfGvGibTdh... [Solana] 2币(KAt,SEa) Profit:$1.04 WR:50% Bot:10% Score:1.28
[2026-03-14T11:32:27.257Z] [INFO] 
👛 Phase 3b: 查聪明钱当前持仓 (前20个)...
[2026-03-14T11:32:27.720Z] [INFO]   8psNvWTrdNTiVRNz... 持仓694币 $5407 | Sheep($521), WhiteHouse($343), abcdefg($296), NORWOOD($195), SOL($159)
[2026-03-14T11:32:27.911Z] [INFO]   BEnMDbSdUwocfZ36... 持仓0币 $0 | 
[2026-03-14T11:32:28.110Z] [INFO]   2UaoiLQQfYrCT8Lh... 持仓2币 $73 | SOL($56), Sheep($17)
[2026-03-14T11:32:28.451Z] [INFO]   BMPVAFuEpy8wZjJ6... 持仓15币 $1536 | KAt($509), tea($257), SEa($235), 龙虾($136), up($133)
[2026-03-14T11:32:28.751Z] [INFO]   EZth5m5a8MSEWnfg... 持仓14币 $2657 | SLx($2125), SOL($137), CHIP($84), Grvt($45), MEZo($45)
[2026-03-14T11:32:29.025Z] [INFO]   Gmvc3GBTaCx87AWR... 持仓13币 $4889 | KDK($1621), EDGe($1490), KAt($724), SLx($419), SPAce($234)
[2026-03-14T11:32:29.298Z] [INFO]   5pTC1Fcs38vXc8ux... 持仓12币 $5726 | FOGO($3909), tea($552), up($306), Grvt($288), KAt($205)
[2026-03-14T11:32:29.562Z] [INFO]   34ucTijq9W5aNsqK... 持仓14币 $3709 | SLx($937), EDGe($894), CHIP($694), Grvt($432), esp($188)
[2026-03-14T11:32:29.749Z] [INFO]   9Pw5NpsufEuc3t2b... 持仓3币 $86 | SOL($31), NEO($28), Memehouse($27)
[2026-03-14T11:32:30.000Z] [INFO]   MDWKnfMZut8C2FaW... 持仓14币 $3856 | SLx($1299), EDGe($765), CHIP($475), SEa($370), tea($360)
[2026-03-14T11:32:30.280Z] [INFO]   FWCuXEqTQ89ZX1wg... 持仓13币 $2592 | CHIP($1036), up($395), tea($351), SPAce($233), 龙虾($176)
[2026-03-14T11:32:30.515Z] [INFO]   GiaDQPvBJJQTso6L... 持仓7币 $102 | XSAI($28), 00($27), SOL($14), 00($11), Sheep($10)
[2026-03-14T11:32:30.752Z] [INFO]   GRPyRdFm8QQtvZvZ... 持仓3币 $557 | NEO($553), SOL($3), SAM($1)
[2026-03-14T11:32:30.976Z] [INFO]   6cxxbYzDuGhrNC9C... 持仓3币 $9 | SOL($6), NEO($2), EUSB($1)
[2026-03-14T11:32:31.197Z] [INFO]   2QdUHt7arEaddULw... 持仓6币 $18 | SLx($7), SOL($3), EDGe($3), SEa($2), Btw($1)
[2026-03-14T11:32:31.419Z] [INFO]   8UgLw7bttpCta558... 持仓3币 $58 | C0IN($42), NEO($10), SOL($6)
[2026-03-14T11:32:31.643Z] [INFO]   12a3hPZcvw8iAbiq... 持仓6币 $20 | SLx($6), EDGe($6), SOL($3), KAt($3), Grvt($1)
[2026-03-14T11:32:31.865Z] [INFO]   2mypBGoPftiV256d... 持仓5币 $18 | SOL($8), EDGe($6), CHIP($3), Btw($1), SPAce($1)
[2026-03-14T11:32:32.085Z] [INFO]   6e8Hy93vzATzNuCf... 持仓5币 $17 | SOL($7), SLx($5), CHIP($3), KAt($1), SPAce($1)
[2026-03-14T11:32:32.306Z] [INFO]   HUpvDkk1QqABynbG... 持仓4币 $175 | Sheep($74), USDC($51), SMITH($48), SOL($2)
[2026-03-14T11:32:32.459Z] [INFO] 
✅ 完成！种子:124 聪明钱:259
[2026-03-14T11:54:06.066Z] [INFO] 🚀 Smart Money Scanner v6.1 启动 (mode=seeds)
[2026-03-14T11:54:06.067Z] [INFO] Helius: 2keys, RPC: bsc,base
[2026-03-14T11:54:06.067Z] [INFO] 🌱 Phase 1: 从币安排行榜拉种子币...
[2026-03-14T11:54:06.270Z] [INFO]   Solana Trending(pump): 193
[2026-03-14T11:54:06.648Z] [INFO]   Solana TopSearch(pump): 193
[2026-03-14T11:54:07.022Z] [INFO]   BSC Trending(pump): 199
[2026-03-14T11:54:07.448Z] [INFO]   BSC TopSearch(pump): 200
[2026-03-14T11:54:07.849Z] [INFO]   Base Trending(pump): 190
[2026-03-14T11:54:08.227Z] [INFO]   Base TopSearch(pump): 168
[2026-03-14T11:54:08.564Z] [INFO]   Solana Trending(mature): 198
[2026-03-14T11:54:08.798Z] [INFO]   Solana Alpha(mature): 28
[2026-03-14T11:54:09.103Z] [INFO]   BSC Trending(mature): 200
[2026-03-14T11:54:09.414Z] [INFO]   BSC Alpha(mature): 200
[2026-03-14T11:54:09.751Z] [INFO]   Base Trending(mature): 197
[2026-03-14T11:54:09.981Z] [INFO]   Base Alpha(mature): 23
[2026-03-14T11:54:10.182Z] [INFO]   🔒 安全审计 (127 个候选)...
[2026-03-14T11:54:17.139Z] [INFO]   🔒 审计完成: 50个审计, 0个踢掉
[2026-03-14T11:54:17.139Z] [INFO]   🏊 池子健康检查 (爆发型种子)...
[2026-03-14T11:54:17.165Z] [INFO]     ❌ DRONE[Solana] KICKED: Liq/MC=4.0% Txns=6236 Pools=10
[2026-03-14T11:54:20.244Z] [INFO]     ❌ BURN[Solana] KICKED: Liq/MC=0.0% Txns=2770 Pools=1
[2026-03-14T11:54:27.635Z] [INFO]     ❌ BCPI[BSC] KICKED: Liq/MC=2.8% Txns=301 Pools=5
[2026-03-14T11:54:27.935Z] [INFO]   🏊 池子检查完成: 3个踢掉
[2026-03-14T11:54:27.936Z] [INFO] 🌱 种子币: 124 个通过
[2026-03-14T11:54:27.936Z] [INFO]   爆发型: 21, 成熟型: 103
[2026-03-14T11:54:27.936Z] [INFO]   [Solana][pump] WHALE MC:$2277k Liq:$152k Vol:$10.4M +90990% H:2026 Trending+TopSearch
[2026-03-14T11:54:27.936Z] [INFO]   [Solana][pump] Memehouse MC:$639k Liq:$159k Vol:$4.5M +24903% H:2034 Trending+TopSearch
[2026-03-14T11:54:27.936Z] [INFO]   [Solana][pump] Sheep MC:$526k Liq:$98k Vol:$8.4M +18891% H:3040 Trending+TopSearch
[2026-03-14T11:54:27.936Z] [INFO]   [Solana][pump] SMITH MC:$419k Liq:$127k Vol:$7.7M +17040% H:3757 Trending+TopSearch
[2026-03-14T11:54:27.936Z] [INFO]   [Solana][pump] nees MC:$294k Liq:$51k Vol:$4.5M +11842% H:753 Trending+TopSearch
[2026-03-14T11:54:27.936Z] [INFO]   [BSC][pump] frogs MC:$443k Liq:$97k Vol:$4.3M +11635% H:1721 Trending+TopSearch
[2026-03-14T11:54:27.936Z] [INFO]   [Solana][pump] NEO MC:$246k Liq:$58k Vol:$3.1M +9984% H:1872 Trending+TopSearch
[2026-03-14T11:54:27.936Z] [INFO]   [Solana][pump] XSAI MC:$387k Liq:$73k Vol:$0.6M +5758% H:859 Trending+TopSearch
[2026-03-14T11:54:27.936Z] [INFO]   [BSC][pump] MOONDOGE MC:$222k Liq:$89k Vol:$7.5M +1820% H:1822 Trending+TopSearch
[2026-03-14T11:54:27.936Z] [INFO]   [Solana][pump] KAt MC:$622k Liq:$93k Vol:$15.3M +1336% H:2054 Trending+TopSearch
[2026-03-14T11:54:27.936Z] [INFO]   [Solana][pump] SPAce MC:$569k Liq:$94k Vol:$14.3M +1216% H:1817 Trending
[2026-03-14T11:54:27.936Z] [INFO]   [Solana][pump] SEa MC:$331k Liq:$69k Vol:$16.0M +964% H:1747 Trending
[2026-03-14T11:54:27.936Z] [INFO]   [Solana][pump] gomu MC:$128k Liq:$62k Vol:$0.2M +879% H:2810 Trending
[2026-03-14T11:54:27.936Z] [INFO]   [BSC][pump] 暴富 MC:$824k Liq:$84k Vol:$0.1M +281% H:1349 Trending
[2026-03-14T11:54:27.937Z] [INFO]   [Solana][pump] UGOR MC:$132k Liq:$142k Vol:$8.5M +233% H:4700 Trending
[2026-03-14T11:54:27.937Z] [INFO]   [Solana][pump] shitcoin MC:$339k Liq:$57k Vol:$0.2M +216% H:1241 Trending
[2026-03-14T11:54:27.937Z] [INFO]   [Solana][pump] SAGE MC:$182k Liq:$65k Vol:$0.0M +146% H:6771 Trending
[2026-03-14T11:54:27.937Z] [INFO]   [BSC][pump] 分红财神 MC:$382k Liq:$59k Vol:$0.0M +120% H:2432 Trending
[2026-03-14T11:54:27.937Z] [INFO]   [Solana][pump] SOS MC:$627k Liq:$240k Vol:$0.3M +119% H:15522 Trending
[2026-03-14T11:54:27.937Z] [INFO]   [Solana][pump] WNTV MC:$1791k Liq:$115k Vol:$0.1M +107% H:1105 Trending
[2026-03-14T12:00:51.719Z] [INFO] 🚀 Smart Money Scanner v6.1 启动 (mode=seeds)
[2026-03-14T12:00:51.720Z] [INFO] Helius: 2keys, RPC: bsc,base
[2026-03-14T12:00:51.720Z] [INFO] 🌱 Phase 1: 从币安排行榜拉种子币...
[2026-03-14T12:00:51.901Z] [INFO]   Solana Trending(pump): 190
[2026-03-14T12:00:52.315Z] [INFO]   Solana TopSearch(pump): 193
[2026-03-14T12:00:52.716Z] [INFO]   BSC Trending(pump): 198
[2026-03-14T12:00:53.145Z] [INFO]   BSC TopSearch(pump): 200
[2026-03-14T12:00:53.507Z] [INFO]   Base Trending(pump): 191
[2026-03-14T12:00:53.845Z] [INFO]   Base TopSearch(pump): 168
[2026-03-14T12:00:54.167Z] [INFO]   Solana Trending(mature): 197
[2026-03-14T12:00:54.413Z] [INFO]   Solana Alpha(mature): 28
[2026-03-14T12:00:54.738Z] [INFO]   BSC Trending(mature): 200
[2026-03-14T12:00:55.019Z] [INFO]   BSC Alpha(mature): 200
[2026-03-14T12:00:55.342Z] [INFO]   Base Trending(mature): 197
[2026-03-14T12:00:55.570Z] [INFO]   Base Alpha(mature): 23
[2026-03-14T12:00:55.770Z] [INFO]   🔒 安全审计 (127 个候选)...
[2026-03-14T12:01:02.758Z] [INFO]   🔒 审计完成: 50个审计, 0个踢掉
[2026-03-14T12:01:02.758Z] [INFO]   🏊 池子健康检查 (爆发型种子)...
[2026-03-14T12:01:03.053Z] [INFO]     ❌ IRAN[Solana] KICKED(断头铡): Liq/MC=0.0% Txns=66
[2026-03-14T12:01:03.070Z] [INFO]     ❌ DRONE[Solana] KICKED(断头铡): Liq/MC=3.9% Txns=6257
[2026-03-14T12:01:05.358Z] [INFO]     ❌ BURN[Solana] KICKED(断头铡): Liq/MC=0.0% Txns=2824
[2026-03-14T12:01:05.782Z] [INFO]     ❌ KAt[Solana] KICKED(刷量): Vol/MC=25x 非Pump.fun(meteora)
[2026-03-14T12:01:05.861Z] [INFO]     ❌ SPAce[Solana] KICKED(刷量): Vol/MC=25x 非Pump.fun(meteora)
[2026-03-14T12:01:06.163Z] [INFO]     ❌ SEa[Solana] KICKED(刷量): Vol/MC=49x 非Pump.fun(meteora)
[2026-03-14T12:01:06.491Z] [INFO]     ❌ UGOR[Solana] KICKED(刷量): Vol/MC=63x 非Pump.fun(raydium)
[2026-03-14T12:01:09.453Z] [INFO]     ❌ MOONDOGE[BSC] KICKED(刷量): Vol/MC=32x 非Pump.fun(pancakeswap)
[2026-03-14T12:01:10.871Z] [INFO]     ❌ BCPI[BSC] KICKED(断头铡): Liq/MC=2.8% Txns=296
[2026-03-14T12:01:10.871Z] [INFO]   🏊 池子检查完成: 9个踢掉
[2026-03-14T12:01:10.871Z] [INFO] 🌱 种子币: 118 个通过
[2026-03-14T12:01:10.872Z] [INFO]   爆发型: 15, 成熟型: 103
[2026-03-14T12:01:10.872Z] [INFO]   [Solana][pump] WHALE MC:$2346k Liq:$155k Vol:$10.6M +95468% H:2185 Trending+TopSearch
[2026-03-14T12:01:10.872Z] [INFO]   [Solana][pump] Memehouse MC:$608k Liq:$158k Vol:$4.5M +23672% H:2052 Trending+TopSearch
[2026-03-14T12:01:10.872Z] [INFO]   [Solana][pump] Sheep MC:$526k Liq:$99k Vol:$8.4M +18863% H:3033 Trending+TopSearch
[2026-03-14T12:01:10.872Z] [INFO]   [Solana][pump] SMITH MC:$387k Liq:$117k Vol:$7.7M +15734% H:3750 Trending+TopSearch
[2026-03-14T12:01:10.872Z] [INFO]   [Solana][pump] nees MC:$296k Liq:$52k Vol:$4.5M +11893% H:754 Trending+TopSearch
[2026-03-14T12:01:10.872Z] [INFO]   [BSC][pump] frogs MC:$436k Liq:$97k Vol:$4.3M +11255% H:1721 Trending+TopSearch
[2026-03-14T12:01:10.872Z] [INFO]   [Solana][pump] NEO MC:$268k Liq:$61k Vol:$3.1M +10892% H:1879 Trending+TopSearch
[2026-03-14T12:01:10.872Z] [INFO]   [Solana][pump] XSAI MC:$389k Liq:$73k Vol:$0.6M +5797% H:854 Trending+TopSearch
[2026-03-14T12:01:10.872Z] [INFO]   [Solana][pump] gomu MC:$127k Liq:$62k Vol:$0.2M +878% H:2810 Trending
[2026-03-14T12:01:10.872Z] [INFO]   [BSC][pump] 暴富 MC:$829k Liq:$84k Vol:$0.1M +283% H:1348 Trending
[2026-03-14T12:01:10.872Z] [INFO]   [Solana][pump] shitcoin MC:$353k Liq:$58k Vol:$0.2M +223% H:1243 Trending
[2026-03-14T12:01:10.872Z] [INFO]   [Solana][pump] SAGE MC:$182k Liq:$65k Vol:$0.0M +143% H:6771 Trending
[2026-03-14T12:01:10.872Z] [INFO]   [BSC][pump] 分红财神 MC:$409k Liq:$61k Vol:$0.0M +136% H:2433 Trending
[2026-03-14T12:01:10.872Z] [INFO]   [Solana][pump] speed MC:$186k Liq:$95k Vol:$0.1M +111% H:5300 Trending
[2026-03-14T12:01:10.872Z] [INFO]   [Solana][pump] SOS MC:$591k Liq:$237k Vol:$0.3M +106% H:15525 Trending
[2026-03-14T12:01:10.872Z] [INFO]   [BSC][mature] BORT MC:$2329k Liq:$248k Vol:$0.7M +64% H:16669 Trending+TopSearch
[2026-03-14T12:01:10.872Z] [INFO]   [BSC][mature] BANANAS31 MC:$106493k Liq:$4488k Vol:$29.9M +34% H:135163 Trending+TopSearch
[2026-03-14T12:01:10.872Z] [INFO]   [Solana][mature] Punch MC:$7723k Liq:$1215k Vol:$3.3M +30% H:23955 TopSearch+Trending
[2026-03-14T12:01:10.872Z] [INFO]   [Base][mature] TOWNS MC:$8461k Liq:$287k Vol:$0.5M +28% H:51030 Trending+TopSearch
[2026-03-14T12:01:10.872Z] [INFO]   [BSC][mature] BLESS MC:$1802k Liq:$375k Vol:$1.6M +18% H:5421 Trending+Alpha
[2026-03-14T12:07:19.651Z] [INFO] 🚀 Smart Money Scanner v6.1 启动 (mode=seeds)
[2026-03-14T12:07:19.651Z] [INFO] Helius: 2keys, RPC: bsc,base
[2026-03-14T12:07:19.652Z] [INFO] 🌱 Phase 1: 从币安排行榜拉种子币...
[2026-03-14T12:07:19.859Z] [INFO]   Solana Trending(pump): 191
[2026-03-14T12:07:20.253Z] [INFO]   Solana TopSearch(pump): 193
[2026-03-14T12:07:20.709Z] [INFO]   BSC Trending(pump): 196
[2026-03-14T12:07:21.194Z] [INFO]   BSC TopSearch(pump): 200
[2026-03-14T12:07:21.545Z] [INFO]   Base Trending(pump): 190
[2026-03-14T12:07:21.941Z] [INFO]   Base TopSearch(pump): 168
[2026-03-14T12:07:22.315Z] [INFO]   Solana Trending(mature): 198
[2026-03-14T12:07:22.549Z] [INFO]   Solana Alpha(mature): 28
[2026-03-14T12:07:22.866Z] [INFO]   BSC Trending(mature): 200
[2026-03-14T12:07:23.165Z] [INFO]   BSC Alpha(mature): 200
[2026-03-14T12:07:23.482Z] [INFO]   Base Trending(mature): 197
[2026-03-14T12:07:23.707Z] [INFO]   Base Alpha(mature): 23
[2026-03-14T12:07:23.908Z] [INFO]   🔒 安全审计 (127 个候选)...
[2026-03-14T12:07:30.760Z] [INFO]   🔒 审计完成: 50个审计, 0个踢掉
[2026-03-14T12:07:30.761Z] [INFO]   🏊 池子健康检查 (爆发型种子)...
[2026-03-14T12:07:30.792Z] [INFO]     ❌ DRONE[Solana] KICKED(断头铡): Liq/MC=3.9% Txns=6273
[2026-03-14T12:07:33.651Z] [INFO]     ❌ BURN[Solana] KICKED(断头铡): Liq/MC=0.0% Txns=2873
[2026-03-14T12:07:34.285Z] [INFO]     ❌ KAt[Solana] KICKED(刷量): Vol/MC=25x 非Pump.fun(meteora)
[2026-03-14T12:07:34.363Z] [INFO]     ❌ SPAce[Solana] KICKED(刷量): Vol/MC=26x 非Pump.fun(meteora)
[2026-03-14T12:07:34.381Z] [INFO]     ❌ SEa[Solana] KICKED(刷量): Vol/MC=48x 非Pump.fun(meteora)
[2026-03-14T12:07:34.772Z] [INFO]     ❌ UGOR[Solana] KICKED(刷量): Vol/MC=63x 非Pump.fun(raydium)
[2026-03-14T12:07:35.986Z] [INFO]     ❌ speed[Solana] KICKED(B/S异常): B/S=4.15 Buys:1905 Sells:459
[2026-03-14T12:07:38.210Z] [INFO]     ❌ MOONDOGE[BSC] KICKED(刷量): Vol/MC=33x 非Pump.fun(pancakeswap)
[2026-03-14T12:07:38.612Z] [INFO]     ❌ 暴富[BSC] KICKED(B/S异常): B/S=3.53 Buys:815 Sells:231
[2026-03-14T12:07:39.114Z] [INFO]   🏊 池子检查完成: 9个踢掉
[2026-03-14T12:07:39.114Z] [INFO] 🌱 种子币: 118 个通过
[2026-03-14T12:07:39.115Z] [INFO]   爆发型: 15, 成熟型: 103
[2026-03-14T12:07:39.115Z] [INFO]   [Solana][pump] WHALE MC:$2670k Liq:$166k Vol:$10.9M +108027% H:2258 Trending+TopSearch
[2026-03-14T12:07:39.115Z] [INFO]   [Solana][pump] Memehouse MC:$605k Liq:$159k Vol:$4.5M +23581% H:2039 Trending+TopSearch
[2026-03-14T12:07:39.115Z] [INFO]   [Solana][pump] Sheep MC:$486k Liq:$95k Vol:$8.4M +17409% H:3023 Trending+TopSearch
[2026-03-14T12:07:39.115Z] [INFO]   [Solana][pump] SMITH MC:$404k Liq:$124k Vol:$7.7M +16428% H:3751 Trending+TopSearch
[2026-03-14T12:07:39.115Z] [INFO]   [Solana][pump] nees MC:$302k Liq:$52k Vol:$4.5M +12134% H:766 Trending+TopSearch
[2026-03-14T12:07:39.115Z] [INFO]   [BSC][pump] frogs MC:$438k Liq:$96k Vol:$4.4M +11482% H:1716 Trending+TopSearch
[2026-03-14T12:07:39.115Z] [INFO]   [Solana][pump] NEO MC:$274k Liq:$62k Vol:$3.1M +11126% H:1863 Trending+TopSearch
[2026-03-14T12:07:39.115Z] [INFO]   [Solana][pump] XSAI MC:$373k Liq:$72k Vol:$0.6M +5549% H:856 Trending+TopSearch
[2026-03-14T12:07:39.115Z] [INFO]   [BSC][pump] 天梯 MC:$538k Liq:$73k Vol:$0.2M +3900% H:391 Trending
[2026-03-14T12:07:39.115Z] [INFO]   [Solana][pump] gomu MC:$128k Liq:$62k Vol:$0.2M +885% H:2810 Trending
[2026-03-14T12:07:39.115Z] [INFO]   [Solana][pump] shitcoin MC:$352k Liq:$58k Vol:$0.2M +228% H:1241 Trending
[2026-03-14T12:07:39.115Z] [INFO]   [Solana][pump] SAGE MC:$183k Liq:$66k Vol:$0.0M +141% H:6772 Trending
[2026-03-14T12:07:39.115Z] [INFO]   [BSC][pump] 分红财神 MC:$412k Liq:$61k Vol:$0.0M +128% H:2433 Trending
[2026-03-14T12:07:39.115Z] [INFO]   [Solana][pump] WNTV MC:$1852k Liq:$117k Vol:$0.1M +112% H:1105 Trending
[2026-03-14T12:07:39.115Z] [INFO]   [Solana][pump] SOS MC:$587k Liq:$237k Vol:$0.3M +104% H:15523 Trending
[2026-03-14T12:07:39.115Z] [INFO]   [BSC][mature] BORT MC:$2275k Liq:$245k Vol:$0.7M +56% H:16668 Trending+TopSearch
[2026-03-14T12:07:39.115Z] [INFO]   [BSC][mature] BANANAS31 MC:$106914k Liq:$4499k Vol:$29.9M +33% H:135162 Trending+TopSearch
[2026-03-14T12:07:39.115Z] [INFO]   [Solana][mature] Punch MC:$7752k Liq:$1218k Vol:$3.3M +28% H:23963 TopSearch+Trending
[2026-03-14T12:07:39.115Z] [INFO]   [Base][mature] TOWNS MC:$8417k Liq:$287k Vol:$0.5M +28% H:51027 Trending+TopSearch
[2026-03-14T12:07:39.115Z] [INFO]   [BSC][mature] BLESS MC:$1812k Liq:$376k Vol:$1.6M +19% H:5421 Trending+Alpha
[2026-03-14T12:10:39.492Z] [INFO] 🚀 Smart Money Scanner v6.1 启动 (mode=seeds)
[2026-03-14T12:10:39.492Z] [INFO] Helius: 2keys, RPC: bsc,base
[2026-03-14T12:10:39.493Z] [INFO] 🌱 Phase 1: 从币安排行榜拉种子币...
[2026-03-14T12:10:39.654Z] [INFO]   Solana Trending: 197
[2026-03-14T12:10:39.889Z] [INFO]   Solana Alpha: 28
[2026-03-14T12:10:40.241Z] [INFO]   BSC Trending: 199
[2026-03-14T12:10:40.553Z] [INFO]   BSC Alpha: 200
[2026-03-14T12:10:40.873Z] [INFO]   Base Trending: 197
[2026-03-14T12:10:41.106Z] [INFO]   Base Alpha: 23
[2026-03-14T12:10:41.309Z] [INFO]   🔒 安全审计 (103 个候选)...
[2026-03-14T12:10:48.260Z] [INFO]   🔒 审计完成: 50个审计, 0个踢掉
[2026-03-14T12:10:48.260Z] [INFO]   🏊 池子健康检查...
[2026-03-14T12:10:48.386Z] [INFO]     ❌ PUMP[Solana] KICKED(断头铡): Liq/MC=1.6% Txns=2022
[2026-03-14T12:10:51.702Z] [INFO]     ❌ JUP[Solana] KICKED(断头铡): Liq/MC=0.4% Txns=889
[2026-03-14T12:10:54.300Z] [INFO]     ❌ XAUt0[Solana] KICKED(断头铡): Liq/MC=0.7% Txns=1327
[2026-03-14T12:10:54.401Z] [INFO]     ❌ RENDER[Solana] KICKED(断头铡): Liq/MC=0.1% Txns=3529
[2026-03-14T12:10:56.092Z] [INFO]     ❌ Bonk[Solana] KICKED(断头铡): Liq/MC=0.4% Txns=528
[2026-03-14T12:10:57.495Z] [INFO]     ❌ DOOD[Solana] KICKED(断头铡): Liq/MC=3.8% Txns=5531
[2026-03-14T12:10:58.759Z] [INFO]     ❌ PENGU[Solana] KICKED(断头铡): Liq/MC=1.7% Txns=631
[2026-03-14T12:10:59.798Z] [INFO]     ❌ SKR[Solana] KICKED(断头铡): Liq/MC=0.9% Txns=2096
[2026-03-14T12:11:00.428Z] [INFO]     ❌ SOS[Solana] KICKED(断头铡): Liq/MC=3.4% Txns=6173
[2026-03-14T12:11:02.537Z] [INFO]     ❌ $WIF[Solana] KICKED(断头铡): Liq/MC=2.9% Txns=2215
[2026-03-14T12:11:04.021Z] [INFO]     ❌ ORCA[Solana] KICKED(断头铡): Liq/MC=3.7% Txns=541
[2026-03-14T12:11:04.511Z] [INFO]     ❌ quq[BSC] KICKED(刷量): Vol/MC=185x 非Pump.fun(uniswap)
[2026-03-14T12:11:04.526Z] [INFO]     ❌ WMTX[BSC] KICKED(断头铡): Liq/MC=1.9% Txns=4506
[2026-03-14T12:11:04.842Z] [INFO]   🏊 池子检查完成: 13个踢掉
[2026-03-14T12:11:04.842Z] [INFO] 🌱 种子币: 90 个通过
[2026-03-14T12:11:04.844Z] [INFO]   全部成熟型（高流动性+高交易量+高持有者）
[2026-03-14T12:11:04.844Z] [INFO]   [BSC] BORT MC:$2275k Liq:$245k Vol:$0.7M H:16668 Trending
[2026-03-14T12:11:04.844Z] [INFO]   [BSC] BANANAS31 MC:$106976k Liq:$4499k Vol:$29.9M H:135162 Trending
[2026-03-14T12:11:04.844Z] [INFO]   [Solana] Punch MC:$7673k Liq:$1217k Vol:$3.3M H:23961 Trending
[2026-03-14T12:11:04.845Z] [INFO]   [Base] TOWNS MC:$8343k Liq:$286k Vol:$0.5M H:51025 Trending
[2026-03-14T12:11:04.845Z] [INFO]   [BSC] BLESS MC:$1794k Liq:$374k Vol:$1.6M H:5421 Trending+Alpha
[2026-03-14T12:11:04.845Z] [INFO]   [BSC] MBOX MC:$10157k Liq:$1311k Vol:$0.8M H:189406 Trending
[2026-03-14T12:11:04.845Z] [INFO]   [BSC] TAG MC:$64862k Liq:$2273k Vol:$3.7M H:25866 Trending+Alpha
[2026-03-14T12:11:04.845Z] [INFO]   [BSC] DN MC:$2355k Liq:$329k Vol:$0.5M H:39811 Trending+Alpha
[2026-03-14T12:11:04.845Z] [INFO]   [Solana] SOLPUMP MC:$6991k Liq:$824k Vol:$0.5M H:11744 Trending
[2026-03-14T12:11:04.845Z] [INFO]   [Base] FAI MC:$58336k Liq:$4412k Vol:$1.4M H:107188 Trending
[2026-03-14T12:11:04.845Z] [INFO]   [Solana] jellyjelly MC:$59160k Liq:$4586k Vol:$1.0M H:33938 Trending+Alpha
[2026-03-14T12:11:04.845Z] [INFO]   [BSC] Freedom of Money MC:$11855k Liq:$740k Vol:$1.8M H:4977 Trending+Alpha
[2026-03-14T12:11:04.845Z] [INFO]   [BSC] B MC:$186504k Liq:$4306k Vol:$1.5M H:69147 Trending+Alpha
[2026-03-14T12:11:04.845Z] [INFO]   [Solana] 2Z MC:$292248k Liq:$1323k Vol:$1.2M H:6377 Trending
[2026-03-14T12:11:04.845Z] [INFO]   [BSC] SIREN MC:$445891k Liq:$7393k Vol:$7.7M H:40823 Trending+Alpha
[2026-03-14T12:11:04.845Z] [INFO]   [BSC] 我是未来 MC:$1516k Liq:$178k Vol:$0.8M H:37136 Trending
[2026-03-14T12:11:04.845Z] [INFO]   [Solana] PONKE MC:$17817k Liq:$1555k Vol:$0.6M H:68953 Trending
[2026-03-14T12:11:04.845Z] [INFO]   [BSC] BAS MC:$23086k Liq:$1185k Vol:$2.3M H:178555 Trending+Alpha
[2026-03-14T12:11:04.845Z] [INFO]   [Solana] CityBoy MC:$97810k Liq:$185k Vol:$1.3M H:43988 Trending
[2026-03-14T12:11:04.845Z] [INFO]   [BSC] Q MC:$21059k Liq:$749k Vol:$1.9M H:23617 Trending+Alpha
[2026-03-14T12:19:32.158Z] [INFO] 🚀 Smart Money Scanner v6.1 启动 (mode=full)
[2026-03-14T12:19:32.158Z] [INFO] Helius: 2keys, RPC: bsc,base
[2026-03-14T12:19:32.159Z] [INFO] 🌱 Phase 1: 从币安排行榜拉种子币...
[2026-03-14T12:19:32.357Z] [INFO]   Solana Trending: 198
[2026-03-14T12:19:32.589Z] [INFO]   Solana Alpha: 28
[2026-03-14T12:19:32.922Z] [INFO]   BSC Trending: 199
[2026-03-14T12:19:33.240Z] [INFO]   BSC Alpha: 200
[2026-03-14T12:19:33.565Z] [INFO]   Base Trending: 197
[2026-03-14T12:19:33.795Z] [INFO]   Base Alpha: 23
[2026-03-14T12:19:33.996Z] [INFO]   🔒 安全审计 (103 个候选)...
[2026-03-14T12:19:41.162Z] [INFO]   🔒 审计完成: 50个审计, 0个踢掉
[2026-03-14T12:19:41.162Z] [INFO]   🏊 池子健康检查...
[2026-03-14T12:19:41.279Z] [INFO]     ❌ PUMP[Solana] KICKED(断头铡): Liq/MC=1.6% Txns=2022
[2026-03-14T12:19:44.301Z] [INFO]     ❌ JUP[Solana] KICKED(断头铡): Liq/MC=0.4% Txns=854
[2026-03-14T12:19:47.626Z] [INFO]     ❌ XAUt0[Solana] KICKED(断头铡): Liq/MC=0.7% Txns=1322
[2026-03-14T12:19:47.743Z] [INFO]     ❌ RENDER[Solana] KICKED(断头铡): Liq/MC=0.1% Txns=3474
[2026-03-14T12:19:49.147Z] [INFO]     ❌ Bonk[Solana] KICKED(断头铡): Liq/MC=0.4% Txns=512
[2026-03-14T12:19:51.183Z] [INFO]     ❌ PENGU[Solana] KICKED(断头铡): Liq/MC=1.7% Txns=604
[2026-03-14T12:19:52.830Z] [INFO]     ❌ DOOD[Solana] KICKED(断头铡): Liq/MC=3.8% Txns=4771
[2026-03-14T12:19:53.537Z] [INFO]     ❌ SKR[Solana] KICKED(断头铡): Liq/MC=0.9% Txns=2114
[2026-03-14T12:19:54.208Z] [INFO]     ❌ SOS[Solana] KICKED(断头铡): Liq/MC=3.4% Txns=6165
[2026-03-14T12:19:57.216Z] [INFO]     ❌ $WIF[Solana] KICKED(断头铡): Liq/MC=2.9% Txns=2195
[2026-03-14T12:19:58.707Z] [INFO]     ❌ ORCA[Solana] KICKED(断头铡): Liq/MC=3.7% Txns=541
[2026-03-14T12:19:59.208Z] [INFO]     ❌ quq[BSC] KICKED(刷量): Vol/MC=185x 非Pump.fun(uniswap)
[2026-03-14T12:19:59.220Z] [INFO]     ❌ WMTX[BSC] KICKED(断头铡): Liq/MC=1.9% Txns=4509
[2026-03-14T12:19:59.539Z] [INFO]     ❌ 关联盘(3个, B/S=1.15): HeavyPulp, TripleT, 我的刀盾
[2026-03-14T12:19:59.539Z] [INFO]   🏊 池子检查完成: 16个踢掉
[2026-03-14T12:19:59.539Z] [INFO] 🌱 种子币: 87 个通过
[2026-03-14T12:19:59.539Z] [INFO]   全部成熟型（高流动性+高交易量+高持有者）
[2026-03-14T12:19:59.539Z] [INFO]   [BSC] BORT MC:$2217k Liq:$241k Vol:$0.7M H:16667 Trending
[2026-03-14T12:19:59.539Z] [INFO]   [BSC] BANANAS31 MC:$107045k Liq:$4497k Vol:$30.0M H:135161 Trending
[2026-03-14T12:19:59.540Z] [INFO]   [Solana] Punch MC:$7949k Liq:$1228k Vol:$3.3M H:23962 Trending
[2026-03-14T12:19:59.540Z] [INFO]   [Base] TOWNS MC:$8339k Liq:$286k Vol:$0.5M H:51031 Trending
[2026-03-14T12:19:59.540Z] [INFO]   [BSC] BLESS MC:$1793k Liq:$374k Vol:$1.6M H:5420 Trending+Alpha
[2026-03-14T12:19:59.540Z] [INFO]   [BSC] MBOX MC:$10108k Liq:$1306k Vol:$0.8M H:189409 Trending
[2026-03-14T12:19:59.540Z] [INFO]   [BSC] TAG MC:$65039k Liq:$2275k Vol:$3.7M H:25868 Trending+Alpha
[2026-03-14T12:19:59.540Z] [INFO]   [BSC] DN MC:$2373k Liq:$330k Vol:$0.5M H:39813 Trending+Alpha
[2026-03-14T12:19:59.540Z] [INFO]   [Solana] SOLPUMP MC:$7023k Liq:$826k Vol:$0.5M H:11745 Trending
[2026-03-14T12:19:59.540Z] [INFO]   [Base] FAI MC:$58558k Liq:$4417k Vol:$1.4M H:107189 Trending
[2026-03-14T12:19:59.540Z] [INFO]   [Solana] jellyjelly MC:$59633k Liq:$4603k Vol:$1.0M H:33941 Trending+Alpha
[2026-03-14T12:19:59.540Z] [INFO]   [BSC] Freedom of Money MC:$11978k Liq:$750k Vol:$1.8M H:4976 Trending+Alpha
[2026-03-14T12:19:59.540Z] [INFO]   [BSC] B MC:$186411k Liq:$4312k Vol:$1.5M H:69146 Trending+Alpha
[2026-03-14T12:19:59.540Z] [INFO]   [BSC] SIREN MC:$448057k Liq:$7393k Vol:$7.7M H:40823 Trending+Alpha
[2026-03-14T12:19:59.540Z] [INFO]   [Solana] 2Z MC:$291733k Liq:$1322k Vol:$1.2M H:6377 Trending
[2026-03-14T12:19:59.540Z] [INFO]   [Solana] CityBoy MC:$97865k Liq:$185k Vol:$1.3M H:44002 Trending
[2026-03-14T12:19:59.540Z] [INFO]   [Base] MOLT MC:$4338k Liq:$2178k Vol:$0.6M H:24903 Trending
[2026-03-14T12:19:59.540Z] [INFO]   [BSC] BAS MC:$23394k Liq:$1191k Vol:$2.3M H:178555 Trending+Alpha
[2026-03-14T12:19:59.540Z] [INFO]   [Solana] PONKE MC:$17807k Liq:$1555k Vol:$0.6M H:68953 Trending
[2026-03-14T12:19:59.540Z] [INFO]   [Solana] $michi MC:$720k Liq:$488k Vol:$0.6M H:44704 Trending
[2026-03-14T12:19:59.541Z] [INFO] 
⛏ Phase 2: 挖掘早期买家 (前15个种子)...
[2026-03-14T12:19:59.711Z] [INFO] 价格: SOL=$86.98, BNB=$653.11
[2026-03-14T12:19:59.711Z] [INFO]   ⛏ [BSC] BORT (0x2a846aaaf8...)
[2026-03-14T12:20:23.332Z] [INFO]     0个事件 → 0个地址
[2026-03-14T12:20:23.633Z] [INFO]   ⛏ [BSC] BANANAS31 (0x3d4f0513e8...)
[2026-03-14T12:20:45.440Z] [INFO]     0个事件 → 0个地址
[2026-03-14T12:20:45.740Z] [INFO]   ⛏ [SOL] Punch (NV2RYH954cTJ...)
[2026-03-14T12:22:13.119Z] [INFO]     228笔tx → 91个钱包, 3个盈利>$100
[2026-03-14T12:22:13.420Z] [INFO]   ⛏ [Base] TOWNS (0x00000000a2...)
[2026-03-14T12:22:57.201Z] [INFO]     5045个事件 → 1301个地址
[2026-03-14T12:22:57.503Z] [INFO]   ⛏ [BSC] BLESS (0x7c8217517e...)
[2026-03-14T12:23:20.380Z] [INFO]     0个事件 → 0个地址
[2026-03-14T12:23:20.680Z] [INFO]   ⛏ [BSC] MBOX (0x3203c9e46c...)
[2026-03-14T12:23:44.420Z] [INFO]     0个事件 → 0个地址
[2026-03-14T12:23:44.721Z] [INFO]   ⛏ [BSC] TAG (0x208bf3e7da...)
[2026-03-14T12:24:07.774Z] [INFO]     0个事件 → 0个地址
[2026-03-14T12:24:08.075Z] [INFO]   ⛏ [BSC] DN (0x9b6a1d4fa5...)
[2026-03-14T12:24:32.417Z] [INFO]     0个事件 → 0个地址
[2026-03-14T12:24:32.718Z] [INFO]   ⛏ [SOL] SOLPUMP (3VW31dwix6k2...)
[2026-03-14T12:25:42.069Z] [INFO]     158笔tx → 98个钱包, 3个盈利>$100
[2026-03-14T12:25:42.369Z] [INFO]   ⛏ [Base] FAI (0xb33ff54b9f...)
[2026-03-14T12:26:05.597Z] [INFO]     20006个事件 → 1370个地址
[2026-03-14T12:26:05.898Z] [INFO]   ⛏ [SOL] jellyjelly (FeR8VBqNRSUD...)
[2026-03-14T12:26:39.700Z] [INFO]     332笔tx → 54个钱包, 1个盈利>$100
[2026-03-14T12:26:40.000Z] [INFO]   ⛏ [BSC] Freedom of Money (0x3e17ee3b18...)
[2026-03-14T12:27:04.366Z] [INFO]     0个事件 → 0个地址
[2026-03-14T12:27:04.666Z] [INFO]   ⛏ [BSC] B (0x6bdcce4a55...)
[2026-03-14T12:27:29.599Z] [INFO]     0个事件 → 0个地址
[2026-03-14T12:27:29.899Z] [INFO]   ⛏ [BSC] SIREN (0x997a581298...)
[2026-03-14T12:27:54.961Z] [INFO]     0个事件 → 0个地址
[2026-03-14T12:27:55.262Z] [INFO]   ⛏ [SOL] 2Z (J6pQQ3FAcJQe...)
[2026-03-14T12:28:07.102Z] [INFO]     550笔tx → 18个钱包, 0个盈利>$100
[2026-03-14T12:28:07.408Z] [INFO] 
🔬 Phase 3: 交叉验证 + 评分...
[2026-03-14T12:28:07.410Z] [INFO] 🔬 结果: 56 个聪明钱候选
[2026-03-14T12:28:07.410Z] [INFO]    链分布: SOL=7 BSC=0 Base=49
[2026-03-14T12:28:07.422Z] [INFO]   DihemJBHf2axQzxP... [Solana] 2币(jellyjelly,2Z) Profit:$-0 WR:50% Bot:10% Score:1.26
[2026-03-14T12:28:07.422Z] [INFO]   sy88tvipKfaCTuVV... [Solana] 3币(Punch,jellyjelly,2Z) Profit:$-0 WR:0% Bot:10% Score:0.54
[2026-03-14T12:28:07.422Z] [INFO]   7HsyYYLEP5nRMcSf... [Solana] 2币(Punch,jellyjelly) Profit:$-0 WR:0% Bot:10% Score:0.36
[2026-03-14T12:28:07.422Z] [INFO]   ESuvjvsQtjuxC4XG... [Solana] 2币(Punch,jellyjelly) Profit:$-0 WR:0% Bot:10% Score:0.36
[2026-03-14T12:28:07.422Z] [INFO]   FkdDHrM8j8psKbxu... [Solana] 2币(Punch,jellyjelly) Profit:$-0.07 WR:0% Bot:10% Score:0.36
[2026-03-14T12:28:07.422Z] [INFO]   BaoKknAPmeDiYZSZ... [Solana] 2币(Punch,jellyjelly) Profit:$-0.23 WR:0% Bot:10% Score:0.36
[2026-03-14T12:28:07.423Z] [INFO]   0x0a6d96e7f4d7b9... [Base] 2币(TOWNS,FAI) Profit:$0 WR:0% Bot:10% Score:0.36
[2026-03-14T12:28:07.423Z] [INFO]   0xb300000b72deae... [Base] 2币(TOWNS,FAI) Profit:$0 WR:0% Bot:10% Score:0.36
[2026-03-14T12:28:07.423Z] [INFO]   0x0526bb9e8fa469... [Base] 2币(TOWNS,FAI) Profit:$0 WR:0% Bot:10% Score:0.36
[2026-03-14T12:28:07.423Z] [INFO]   0xeda49bce2f38d2... [Base] 2币(TOWNS,FAI) Profit:$0 WR:0% Bot:10% Score:0.36
[2026-03-14T12:28:07.423Z] [INFO]   0x2bfd1fc5e25a8f... [Base] 2币(TOWNS,FAI) Profit:$0 WR:0% Bot:10% Score:0.36
[2026-03-14T12:28:07.423Z] [INFO]   0xbe96d4964d89c1... [Base] 2币(TOWNS,FAI) Profit:$0 WR:0% Bot:10% Score:0.36
[2026-03-14T12:28:07.423Z] [INFO]   0x19ceead7105607... [Base] 2币(TOWNS,FAI) Profit:$0 WR:0% Bot:10% Score:0.36
[2026-03-14T12:28:07.423Z] [INFO]   0xda5ebfc1de117f... [Base] 2币(TOWNS,FAI) Profit:$0 WR:0% Bot:10% Score:0.36
[2026-03-14T12:28:07.423Z] [INFO]   0x69460570c93f9d... [Base] 2币(TOWNS,FAI) Profit:$0 WR:0% Bot:10% Score:0.36
[2026-03-14T12:28:07.423Z] [INFO]   0x47419bc6bfaa42... [Base] 2币(TOWNS,FAI) Profit:$0 WR:0% Bot:10% Score:0.36
[2026-03-14T12:28:07.423Z] [INFO]   0xcd6b980029e6e6... [Base] 2币(TOWNS,FAI) Profit:$0 WR:0% Bot:10% Score:0.36
[2026-03-14T12:28:07.423Z] [INFO]   0xd7f1dd5d492063... [Base] 2币(TOWNS,FAI) Profit:$0 WR:0% Bot:10% Score:0.36
[2026-03-14T12:28:07.423Z] [INFO]   0x5cdbacbb6c2f22... [Base] 2币(TOWNS,FAI) Profit:$0 WR:0% Bot:10% Score:0.36
[2026-03-14T12:28:07.423Z] [INFO]   0xd0389e84178f80... [Base] 2币(TOWNS,FAI) Profit:$0 WR:0% Bot:10% Score:0.36
[2026-03-14T12:28:07.423Z] [INFO]   0x0d05a7d3448512... [Base] 2币(TOWNS,FAI) Profit:$0 WR:0% Bot:10% Score:0.36
[2026-03-14T12:28:07.423Z] [INFO]   0x90cbe4bdd538d6... [Base] 2币(TOWNS,FAI) Profit:$0 WR:0% Bot:10% Score:0.36
[2026-03-14T12:28:07.423Z] [INFO]   0x1111111254eeb2... [Base] 2币(TOWNS,FAI) Profit:$0 WR:0% Bot:10% Score:0.36
[2026-03-14T12:28:07.423Z] [INFO]   0x89c6340b1a1f4b... [Base] 2币(TOWNS,FAI) Profit:$0 WR:0% Bot:10% Score:0.36
[2026-03-14T12:28:07.423Z] [INFO]   0xbf44de8fc9eeee... [Base] 2币(TOWNS,FAI) Profit:$0 WR:0% Bot:10% Score:0.36
[2026-03-14T12:28:07.423Z] [INFO]   0xfa00a9ed787f37... [Base] 2币(TOWNS,FAI) Profit:$0 WR:0% Bot:10% Score:0.36
[2026-03-14T12:28:07.423Z] [INFO]   0x4acb6c43212535... [Base] 2币(TOWNS,FAI) Profit:$0 WR:0% Bot:10% Score:0.36
[2026-03-14T12:28:07.423Z] [INFO]   0xae68b7117be002... [Base] 2币(TOWNS,FAI) Profit:$0 WR:0% Bot:10% Score:0.36
[2026-03-14T12:28:07.423Z] [INFO]   RustUSBDaDcRRbT8... [Solana] 2币(jellyjelly,2Z) Profit:$-0 WR:0% Bot:10% Score:0.36
[2026-03-14T12:28:07.423Z] [INFO]   0xb92fe925dc43a0... [Base] 2币(TOWNS,FAI) Profit:$0 WR:0% Bot:30% Score:0.28
[2026-03-14T12:28:07.423Z] [INFO] 
👛 Phase 3b: 查聪明钱当前持仓 (前20个)...
[2026-03-14T12:28:07.525Z] [INFO]   DihemJBHf2axQzxP... 持仓2币 $349 | USDC($341), SOL($7)
[2026-03-14T12:28:07.766Z] [INFO]   sy88tvipKfaCTuVV... 持仓4币 $2891 | WSOL($2208), SOL($665), USDC($14), USDT($4)
[2026-03-14T12:28:07.987Z] [INFO]   7HsyYYLEP5nRMcSf... 持仓4币 $2615 | WSOL($2094), SOL($518), USDC($2), USDT($1)
[2026-03-14T12:28:08.516Z] [INFO]   ESuvjvsQtjuxC4XG... 持仓4币 $1006 | WSOL($365), USDC($299), USDT($297), SOL($45)
[2026-03-14T12:28:08.853Z] [INFO]   FkdDHrM8j8psKbxu... 持仓6币 $29155 | WSOL($15808), USDT($7521), USDC($3733), SOL($1995), O$TRO($80)
[2026-03-14T12:28:09.276Z] [INFO]   BaoKknAPmeDiYZSZ... 持仓134币 $155434 | USDT($43027), SPYx($13325), USDC($12716), KABUTO($10156), MNT($5335)
[2026-03-14T12:28:09.730Z] [INFO]   0x0a6d96e7f4d7b9... 持仓479币 $1478120 | USDC($711985), CPM($440831), ETH($201838), cbBTC($20465), USDT($19886)
[2026-03-14T12:28:10.162Z] [INFO]   0xb300000b72deae... 持仓3币 $5248 | USDC($3373), WETH($1873), ETH($3)
[2026-03-14T12:28:10.454Z] [INFO]   0x0526bb9e8fa469... 持仓42币 $280883 | CPM($211654), CLANKER($9823), KTA($8209), HOME($6325), FAI($6070)
[2026-03-14T12:28:10.920Z] [INFO]   0xeda49bce2f38d2... 持仓212币 $21517 | DABAGE($16326), USDC($1257), ETH($338), DRV($292), FAI($204)
[2026-03-14T12:28:11.350Z] [INFO]   0x2bfd1fc5e25a8f... 持仓191币 $36170 | USDC($17429), WETH($6383), BOTCOIN($2557), USDT($1711), cbBTC($1061)
[2026-03-14T12:28:11.663Z] [INFO]   0xbe96d4964d89c1... 持仓1币 $70551 | CPM($70551)
[2026-03-14T12:28:12.094Z] [INFO]   0x19ceead7105607... 持仓346币 $23270809 | SDEX($23266045), ODOS($313), aBascbETH($90), DEXTF($66), AERO($50)
[2026-03-14T12:28:12.301Z] [INFO]   0xda5ebfc1de117f... 持仓0币 $0 | 
[2026-03-14T12:28:12.597Z] [INFO]   0x69460570c93f9d... 持仓0币 $0 | 
[2026-03-14T12:28:12.955Z] [INFO]   0x47419bc6bfaa42... 持仓22币 $971680 | AERO($239377), BRETT($222028), VIRTUAL($140385), AWE($73792), ZORA($63958)
[2026-03-14T12:28:13.441Z] [INFO]   0xcd6b980029e6e6... 持仓482币 $3524789 | SDEX($3521711), USDC($583), ETH($177), NOOK($146), KTA($59)
[2026-03-14T12:28:13.837Z] [INFO]   0xd7f1dd5d492063... 持仓3币 $109 | ETH($95), USDbC($12), TOSHI($1)
[2026-03-14T12:28:14.148Z] [INFO]   0x5cdbacbb6c2f22... 持仓0币 $0 | 
[2026-03-14T12:28:14.630Z] [INFO]   0xd0389e84178f80... 持仓1币 $282205 | CPM($282205)
[2026-03-14T12:28:14.787Z] [INFO] 
✅ 完成！种子:87 聪明钱:56
[2026-03-14T13:02:29.721Z] [INFO] 🚀 Smart Money Scanner v6.1 启动 (mode=full)
[2026-03-14T13:02:29.721Z] [INFO] Helius: 2keys, RPC: bsc,base
[2026-03-14T13:02:29.722Z] [INFO] 🌱 Phase 1: 从币安排行榜拉种子币...
[2026-03-14T13:02:29.916Z] [INFO]   Solana Trending: 198
[2026-03-14T13:02:30.150Z] [INFO]   Solana Alpha: 28
[2026-03-14T13:02:30.456Z] [INFO]   BSC Trending: 200
[2026-03-14T13:02:30.774Z] [INFO]   BSC Alpha: 200
[2026-03-14T13:02:31.149Z] [INFO]   Base Trending: 197
[2026-03-14T13:02:31.383Z] [INFO]   Base Alpha: 23
[2026-03-14T13:02:31.583Z] [INFO]   🔒 安全审计 (101 个候选)...
[2026-03-14T13:02:38.653Z] [INFO]   🔒 审计完成: 50个审计, 0个踢掉
[2026-03-14T13:02:38.653Z] [INFO]   🏊 池子健康检查...
[2026-03-14T13:02:38.775Z] [INFO]     ❌ PUMP[Solana] KICKED(断头铡): Liq/MC=1.5% Txns=1953
[2026-03-14T13:02:38.858Z] [INFO]     ❌ JLP[Solana] KICKED(市值虚高): Liq/MC=0.96% Liq:$10911880 MC:$1141060028
[2026-03-14T13:02:41.768Z] [INFO]     ❌ JUP[Solana] KICKED(市值虚高): Liq/MC=0.43% Liq:$2421381 MC:$559470886
[2026-03-14T13:02:42.756Z] [INFO]     ❌ XAUt0[Solana] KICKED(市值虚高): Liq/MC=0.66% Liq:$574898 MC:$86958996
[2026-03-14T13:02:43.475Z] [INFO]     ❌ RENDER[Solana] KICKED(市值虚高): Liq/MC=0.13% Liq:$1232982 MC:$923809548
[2026-03-14T13:02:45.175Z] [INFO]     ❌ CityBoy[Solana] KICKED(市值虚高): Liq/MC=0.19% Liq:$183324 MC:$95879564
[2026-03-14T13:02:45.561Z] [INFO]     ❌ 2Z[Solana] KICKED(市值虚高): Liq/MC=0.36% Liq:$1058745 MC:$292340713
[2026-03-14T13:02:45.745Z] [INFO]     ❌ Bonk[Solana] KICKED(市值虚高): Liq/MC=0.41% Liq:$2158074 MC:$528583907
[2026-03-14T13:02:46.927Z] [INFO]     ❌ PENGU[Solana] KICKED(断头铡): Liq/MC=1.7% Txns=551
[2026-03-14T13:02:48.418Z] [INFO]     ❌ SKR[Solana] KICKED(市值虚高): Liq/MC=0.91% Liq:$1208168 MC:$132422678
[2026-03-14T13:02:49.049Z] [INFO]     ❌ SOS[Solana] KICKED(断头铡): Liq/MC=3.3% Txns=6085
[2026-03-14T13:02:49.647Z] [INFO]     ❌ DOOD[Solana] KICKED(断头铡): Liq/MC=3.8% Txns=4236
[2026-03-14T13:02:52.097Z] [INFO]     ❌ $WIF[Solana] KICKED(断头铡): Liq/MC=3.1% Txns=2088
[2026-03-14T13:02:53.872Z] [INFO]     ❌ quq[BSC] KICKED(刷量): Vol/MC=185x 非Pump.fun(uniswap)
[2026-03-14T13:02:53.887Z] [INFO]     ❌ WMTX[BSC] KICKED(断头铡): Liq/MC=1.9% Txns=4425
[2026-03-14T13:02:54.515Z] [INFO]     ❌ 关联盘(4个, B/S=1.17): HeavyPulp, TripleT, 我的刀盾, PENGUIN
[2026-03-14T13:02:54.515Z] [INFO]   🏊 池子检查完成: 19个踢掉
[2026-03-14T13:02:54.515Z] [INFO] 🌱 种子币: 82 个通过
[2026-03-14T13:02:54.515Z] [INFO]   全部成熟型（高流动性+高交易量+高持有者）
[2026-03-14T13:02:54.515Z] [INFO]   [BSC] BORT MC:$2454k Liq:$253k Vol:$0.7M H:16671 Trending
[2026-03-14T13:02:54.515Z] [INFO]   [BSC] BANANAS31 MC:$110007k Liq:$4557k Vol:$30.5M H:135168 Trending
[2026-03-14T13:02:54.516Z] [INFO]   [Base] TOWNS MC:$8871k Liq:$293k Vol:$0.6M H:51044 Trending
[2026-03-14T13:02:54.516Z] [INFO]   [Solana] Punch MC:$7796k Liq:$1209k Vol:$3.2M H:23978 Trending
[2026-03-14T13:02:54.516Z] [INFO]   [BSC] MBOX MC:$10929k Liq:$1358k Vol:$0.9M H:189259 Trending
[2026-03-14T13:02:54.516Z] [INFO]   [BSC] BLESS MC:$1850k Liq:$380k Vol:$1.6M H:5424 Trending+Alpha
[2026-03-14T13:02:54.516Z] [INFO]   [BSC] TAG MC:$65014k Liq:$2274k Vol:$3.7M H:25868 Trending+Alpha
[2026-03-14T13:02:54.516Z] [INFO]   [BSC] Freedom of Money MC:$11887k Liq:$743k Vol:$1.8M H:4979 Trending+Alpha
[2026-03-14T13:02:54.516Z] [INFO]   [Solana] jellyjelly MC:$59683k Liq:$4609k Vol:$1.0M H:33943 Trending+Alpha
[2026-03-14T13:02:54.516Z] [INFO]   [BSC] 我是未来 MC:$1516k Liq:$178k Vol:$0.8M H:37158 Trending
[2026-03-14T13:02:54.516Z] [INFO]   [Base] FAI MC:$56983k Liq:$4351k Vol:$1.4M H:107188 Trending
[2026-03-14T13:02:54.516Z] [INFO]   [BSC] B MC:$187374k Liq:$4320k Vol:$1.6M H:69147 Trending+Alpha
[2026-03-14T13:02:54.516Z] [INFO]   [Solana] SOLPUMP MC:$6722k Liq:$795k Vol:$0.5M H:11755 Trending
[2026-03-14T13:02:54.516Z] [INFO]   [BSC] DN MC:$2191k Liq:$313k Vol:$0.5M H:39810 Trending+Alpha
[2026-03-14T13:02:54.516Z] [INFO]   [BSC] SIREN MC:$444163k Liq:$7336k Vol:$7.7M H:40820 Trending+Alpha
[2026-03-14T13:02:54.516Z] [INFO]   [BSC] BAS MC:$23262k Liq:$1188k Vol:$2.2M H:178542 Trending+Alpha
[2026-03-14T13:02:54.516Z] [INFO]   [Base] MOLT MC:$4366k Liq:$2172k Vol:$0.6M H:24925 Trending
[2026-03-14T13:02:54.516Z] [INFO]   [BSC] UB MC:$64017k Liq:$2138k Vol:$1.4M H:65181 Trending+Alpha
[2026-03-14T13:02:54.516Z] [INFO]   [Solana] pippin MC:$366619k Liq:$13185k Vol:$4.8M H:41984 Trending+Alpha
[2026-03-14T13:02:54.516Z] [INFO]   [BSC] IN MC:$15503k Liq:$1893k Vol:$1.8M H:16434 Trending+Alpha
[2026-03-14T13:02:54.517Z] [INFO] 
⛏ Phase 2: 挖掘早期买家 (9个45天内种子，跳过73个老币)...
[2026-03-14T13:02:54.689Z] [INFO] 价格: SOL=$87.07, BNB=$653.33
[2026-03-14T13:02:54.689Z] [INFO]   ⛏ [SOL] Punch (NV2RYH954cTJ...)
[2026-03-14T13:03:28.953Z] [INFO]     321笔tx → 125个钱包, 8个盈利>$100
[2026-03-14T13:03:29.254Z] [INFO]   ⛏ [Base] MOLT (0xb695559b26...)
[2026-03-14T13:03:58.892Z] [INFO]     8758个事件 → 687个地址
[2026-03-14T13:03:59.194Z] [INFO]   ⛏ [BSC] Fight (0xe683a48df5...)
[2026-03-14T13:04:20.273Z] [INFO]     11904个事件 → 8791个地址
[2026-03-14T13:04:20.576Z] [INFO]   ⛏ [SOL] Lobstar (AVF9F4C4j8b1...)
[2026-03-14T13:04:57.870Z] [INFO]     442笔tx → 141个钱包, 11个盈利>$100
[2026-03-14T13:04:58.171Z] [INFO]   ⛏ [BSC] 龙虾 (0xeccbb861c0...)
[2026-03-14T13:05:08.708Z] [INFO]     5047个事件 → 524个地址
[2026-03-14T13:05:09.009Z] [INFO]   ⛏ [SOL] SHAPE (4HhWcsfjaWYK...)
[2026-03-14T13:05:50.212Z] [INFO]     284笔tx → 136个钱包, 18个盈利>$100
[2026-03-14T13:05:50.513Z] [INFO]   ⛏ [SOL] SOS (DpxKNEi3XVeR...)
[2026-03-14T13:06:21.756Z] [INFO]     418笔tx → 105个钱包, 2个盈利>$100
[2026-03-14T13:06:22.056Z] [INFO]   ⛏ [SOL] WhiteHouse (7oXNE1dbpHUp...)
[2026-03-14T13:07:57.309Z] [INFO]     191笔tx → 95个钱包, 10个盈利>$100
[2026-03-14T13:07:57.609Z] [INFO]   ⛏ [SOL] Distorted (EPuZ1X6pPzac...)
[2026-03-14T13:09:39.111Z] [INFO]     117笔tx → 46个钱包, 2个盈利>$100
[2026-03-14T13:09:39.435Z] [INFO] 
🔬 Phase 3: 交叉验证 + 评分...
[2026-03-14T13:09:39.452Z] [INFO] 🔬 结果: 145 个聪明钱候选
[2026-03-14T13:09:39.452Z] [INFO]    链分布: SOL=72 BSC=67 Base=6
[2026-03-14T13:09:39.465Z] [INFO]   C7RcE7SWorDM5DRN... [Solana] 2币(SHAPE,WhiteHouse) Profit:$611.44 WR:100% Bot:10% Score:8.18
[2026-03-14T13:09:39.465Z] [INFO]   CwGsFcr4dsRSnu92... [Solana] 2币(Lobstar,SHAPE) Profit:$608.38 WR:100% Bot:10% Score:8.17
[2026-03-14T13:09:39.465Z] [INFO]   BEZAQx9fh7XTxtCQ... [Solana] 2币(SHAPE,WhiteHouse) Profit:$313.09 WR:100% Bot:10% Score:7.55
[2026-03-14T13:09:39.465Z] [INFO]   3yRqz4mZYFch2Wnb... [Solana] 2币(SHAPE,WhiteHouse) Profit:$184.25 WR:100% Bot:10% Score:7.05
[2026-03-14T13:09:39.465Z] [INFO]   3BbGWrvzYkhoQjnW... [Solana] 3币(SOS,WhiteHouse,Distorted) Profit:$11.6 WR:100% Bot:10% Score:6.69
[2026-03-14T13:09:39.465Z] [INFO]   GZvCb9EXqpPD1VyC... [Solana] 2币(SHAPE,Distorted) Profit:$87.81 WR:100% Bot:10% Score:6.36
[2026-03-14T13:09:39.465Z] [INFO]   HwKnpi27bYAS3AaV... [Solana] 2币(Punch,Lobstar) Profit:$78.32 WR:100% Bot:10% Score:6.25
[2026-03-14T13:09:39.465Z] [INFO]   GWM5CZhJ8CppvLC7... [Solana] 2币(Punch,SHAPE) Profit:$72.89 WR:100% Bot:10% Score:6.18
[2026-03-14T13:09:39.465Z] [INFO]   3dme7dzepiaeoYhD... [Solana] 3币(Punch,Lobstar,SHAPE) Profit:$8.01 WR:100% Bot:10% Score:6.17
[2026-03-14T13:09:39.465Z] [INFO]   2hev2t5XM5J3xvdL... [Solana] 2币(SHAPE,WhiteHouse) Profit:$46.66 WR:100% Bot:10% Score:5.76
[2026-03-14T13:09:39.466Z] [INFO]   2yM9vPCPehmvmZkT... [Solana] 2币(Punch,Lobstar) Profit:$34.37 WR:100% Bot:10% Score:5.48
[2026-03-14T13:09:39.466Z] [INFO]   6gwTAyKVg1zH77JW... [Solana] 2币(SOS,WhiteHouse) Profit:$26.08 WR:100% Bot:10% Score:5.22
[2026-03-14T13:09:39.466Z] [INFO]   3uf7zyGv3RYTMRPL... [Solana] 2币(Punch,SHAPE) Profit:$23.9 WR:100% Bot:10% Score:5.14
[2026-03-14T13:09:39.466Z] [INFO]   75AAgZMH2hRo6Ws5... [Solana] 2币(Punch,Lobstar) Profit:$23.39 WR:100% Bot:10% Score:5.12
[2026-03-14T13:09:39.466Z] [INFO]   CkndBtgH4wB9hZLU... [Solana] 2币(Lobstar,SHAPE) Profit:$8.46 WR:100% Bot:10% Score:4.16
[2026-03-14T13:09:39.466Z] [INFO]   BX34Et6xcWcU1iHZ... [Solana] 2币(Lobstar,SHAPE) Profit:$7.58 WR:100% Bot:10% Score:4.06
[2026-03-14T13:09:39.466Z] [INFO]   7A9ds4xSHgSs4Twk... [Solana] 2币(Punch,Lobstar) Profit:$6.93 WR:100% Bot:10% Score:3.98
[2026-03-14T13:09:39.466Z] [INFO]   EG8pq7AksJL3e8y4... [Solana] 2币(Lobstar,SHAPE) Profit:$4.61 WR:100% Bot:10% Score:3.59
[2026-03-14T13:09:39.466Z] [INFO]   2ii4hf187Snynx1K... [Solana] 2币(Lobstar,SHAPE) Profit:$4.28 WR:100% Bot:10% Score:3.52
[2026-03-14T13:09:39.466Z] [INFO]   8BMyxovHnddzpJq5... [Solana] 2币(SHAPE,SOS) Profit:$51.02 WR:50% Bot:10% Score:3.41
[2026-03-14T13:09:39.466Z] [INFO]   6hh4gLj6krsyEJoj... [Solana] 2币(Lobstar,WhiteHouse) Profit:$3.67 WR:100% Bot:10% Score:3.38
[2026-03-14T13:09:39.466Z] [INFO]   D1Lxs11ey1CYBgV8... [Solana] 3币(Punch,SHAPE,WhiteHouse) Profit:$0.72 WR:100% Bot:10% Score:3.24
[2026-03-14T13:09:39.466Z] [INFO]   VNcL9oW3E9N476ry... [Solana] 2币(Punch,Lobstar) Profit:$2.82 WR:100% Bot:10% Score:3.13
[2026-03-14T13:09:39.466Z] [INFO]   9c6StdpHGRUFmuPP... [Solana] 2币(Punch,SHAPE) Profit:$1.98 WR:100% Bot:10% Score:2.8
[2026-03-14T13:09:39.466Z] [INFO]   883f4k3nVwdGvshf... [Solana] 2币(Punch,Lobstar) Profit:$10.86 WR:50% Bot:10% Score:2.57
[2026-03-14T13:09:39.466Z] [INFO]   9acnAuFzbWNoEw2g... [Solana] 2币(Lobstar,SHAPE) Profit:$8.4 WR:50% Bot:10% Score:2.42
[2026-03-14T13:09:39.466Z] [INFO]   2Bw6YNdLGciRkQmG... [Solana] 2币(Punch,WhiteHouse) Profit:$0.03 WR:100% Bot:10% Score:2.16
[2026-03-14T13:09:39.466Z] [INFO]   BrjP7pJua5eFyweZ... [Solana] 2币(Punch,Lobstar) Profit:$0.18 WR:100% Bot:10% Score:2.16
[2026-03-14T13:09:39.466Z] [INFO]   kHkbmJLrDJ5jX2J8... [Solana] 2币(Punch,Lobstar) Profit:$0.39 WR:100% Bot:10% Score:2.16
[2026-03-14T13:09:39.466Z] [INFO]   5xrXAXEXr8hgeF3a... [Solana] 2币(Lobstar,SHAPE) Profit:$2.8 WR:50% Bot:10% Score:1.82
[2026-03-14T13:09:39.466Z] [INFO] 
👛 Phase 3b: 查聪明钱当前持仓 (前20个)...
[2026-03-14T13:09:39.573Z] [INFO]   C7RcE7SWorDM5DRN... 持仓2币 $7 | SOL($6), jlJUPUSD($1)
[2026-03-14T13:09:39.811Z] [INFO]   CwGsFcr4dsRSnu92... 持仓0币 $0 | 
[2026-03-14T13:09:40.029Z] [INFO]   BEZAQx9fh7XTxtCQ... 持仓1币 $147 | SOL($147)
[2026-03-14T13:09:40.264Z] [INFO]   3yRqz4mZYFch2Wnb... 持仓2币 $39 | SOL($38), PsyopAnime($1)
[2026-03-14T13:09:40.476Z] [INFO]   3BbGWrvzYkhoQjnW... 持仓2币 $263 | SOL($251), USDC($12)
[2026-03-14T13:09:40.783Z] [INFO]   GZvCb9EXqpPD1VyC... 持仓1币 $583 | SOL($583)
[2026-03-14T13:09:40.999Z] [INFO]   HwKnpi27bYAS3AaV... 持仓2币 $1490 | Punch($1321), SOL($169)
[2026-03-14T13:09:41.247Z] [INFO]   GWM5CZhJ8CppvLC7... 持仓49币 $4319 | SOL($2694), Machi($83), GYMSKIN($76), COIN($61), $2($57)
[2026-03-14T13:09:41.473Z] [INFO]   3dme7dzepiaeoYhD... 持仓1币 $2465 | SOL($2465)
[2026-03-14T13:09:41.751Z] [INFO]   2hev2t5XM5J3xvdL... 持仓1币 $521 | SOL($521)
[2026-03-14T13:09:41.958Z] [INFO]   2yM9vPCPehmvmZkT... 持仓5币 $269 | Life($179), Distorted($69), pedgy($10), SOL($7), brainfuck($4)
[2026-03-14T13:09:42.205Z] [INFO]   6gwTAyKVg1zH77JW... 持仓58币 $879 | Machi($19), ROSCLAW($19), VAULT($18), creature($18), Skeleton($18)
[2026-03-14T13:09:42.406Z] [INFO]   3uf7zyGv3RYTMRPL... 持仓8币 $142 | Pnut($50), Fartcoin($41), SOL($18), GOAT($10), Lobstar($8)
[2026-03-14T13:09:42.640Z] [INFO]   75AAgZMH2hRo6Ws5... 持仓1币 $318 | SOL($318)
[2026-03-14T13:09:42.870Z] [INFO]   CkndBtgH4wB9hZLU... 持仓1币 $6904 | SOL($6904)
[2026-03-14T13:09:43.089Z] [INFO]   BX34Et6xcWcU1iHZ... 持仓1币 $2569 | SOL($2569)
[2026-03-14T13:09:43.313Z] [INFO]   7A9ds4xSHgSs4Twk... 持仓1币 $6804 | SOL($6804)
[2026-03-14T13:09:43.533Z] [INFO]   EG8pq7AksJL3e8y4... 持仓1币 $62 | SOL($62)
[2026-03-14T13:09:43.732Z] [INFO]   2ii4hf187Snynx1K... 持仓2币 $343 | SOL($342), Lobstar($1)
[2026-03-14T13:09:43.967Z] [INFO]   8BMyxovHnddzpJq5... 持仓64币 $8227 | SOL($2515), HeavyPulp($593), WhiteHouse($461), TripleT($458), JEW($354)
[2026-03-14T13:09:44.118Z] [INFO] 
✅ 完成！种子:82 聪明钱:145
[2026-03-14T13:25:11.750Z] [INFO] 🚀 Smart Money Scanner v6.1 启动 (mode=seeds)
[2026-03-14T13:25:11.751Z] [INFO] Helius: 2keys, RPC: bsc,base
[2026-03-14T13:25:11.751Z] [INFO] 🌱 Phase 1: 从币安排行榜拉种子币...
[2026-03-14T13:25:11.924Z] [INFO]   Solana Trending: 198
[2026-03-14T13:25:12.161Z] [INFO]   Solana Alpha: 28
[2026-03-14T13:25:12.508Z] [INFO]   BSC Trending: 200
[2026-03-14T13:25:12.820Z] [INFO]   BSC Alpha: 200
[2026-03-14T13:25:13.168Z] [INFO]   Base Trending: 197
[2026-03-14T13:25:13.399Z] [INFO]   Base Alpha: 23
[2026-03-14T13:25:13.599Z] [INFO]   🔒 安全审计 (102 个候选)...
[2026-03-14T13:25:20.741Z] [INFO]   🔒 审计完成: 50个审计, 0个踢掉
[2026-03-14T13:25:20.741Z] [INFO]   🏊 池子健康检查...
[2026-03-14T13:25:20.778Z] [INFO]     ❌ PUMP[Solana] KICKED(断头铡): Liq/MC=1.5% Txns=1918
[2026-03-14T13:25:21.389Z] [INFO]     ❌ JLP[Solana] KICKED(市值虚高): Liq/MC=0.96% Liq:$10929679 MC:$1142098417
[2026-03-14T13:25:24.657Z] [INFO]     ❌ JUP[Solana] KICKED(市值虚高): Liq/MC=0.44% Liq:$2449288 MC:$559474135
[2026-03-14T13:25:25.638Z] [INFO]     ❌ XAUt0[Solana] KICKED(市值虚高): Liq/MC=0.66% Liq:$574830 MC:$86989030
[2026-03-14T13:25:26.367Z] [INFO]     ❌ RENDER[Solana] KICKED(市值虚高): Liq/MC=0.13% Liq:$1238940 MC:$929771496
[2026-03-14T13:25:28.268Z] [INFO]     ❌ 2Z[Solana] KICKED(市值虚高): Liq/MC=0.36% Liq:$1063850 MC:$295575907
[2026-03-14T13:25:28.598Z] [INFO]     ❌ CityBoy[Solana] KICKED(市值虚高): Liq/MC=0.19% Liq:$188059 MC:$100734657
[2026-03-14T13:25:29.093Z] [INFO]     ❌ Bonk[Solana] KICKED(市值虚高): Liq/MC=0.41% Liq:$2167325 MC:$532452940
[2026-03-14T13:25:30.987Z] [INFO]     ❌ PENGU[Solana] KICKED(断头铡): Liq/MC=1.7% Txns=544
[2026-03-14T13:25:31.290Z] [INFO]     ❌ SKR[Solana] KICKED(市值虚高): Liq/MC=0.91% Liq:$1207981 MC:$132404509
[2026-03-14T13:25:31.633Z] [INFO]     ❌ SOS[Solana] KICKED(断头铡): Liq/MC=3.4% Txns=5978
[2026-03-14T13:25:32.646Z] [INFO]     ❌ DOOD[Solana] KICKED(断头铡): Liq/MC=3.8% Txns=4139
[2026-03-14T13:25:35.452Z] [INFO]     ❌ $WIF[Solana] KICKED(断头铡): Liq/MC=3.1% Txns=1981
[2026-03-14T13:25:36.641Z] [INFO]     ❌ quq[BSC] KICKED(刷量): Vol/MC=187x 非Pump.fun(uniswap)
[2026-03-14T13:25:36.659Z] [INFO]     ❌ WMTX[BSC] KICKED(断头铡): Liq/MC=1.9% Txns=4037
[2026-03-14T13:25:36.659Z] [INFO]   🏊 池子检查完成: 15个踢掉
[2026-03-14T13:25:36.659Z] [INFO] 🌱 种子币: 87 个通过
[2026-03-14T13:25:36.660Z] [INFO]   全部成熟型（高流动性+高交易量+高持有者）
[2026-03-14T13:25:36.660Z] [INFO]   [Solana] WHALE MC:$2279k Liq:$160k Vol:$13.6M H:3126 Trending
[2026-03-14T13:25:36.660Z] [INFO]   [BSC] BANANAS31 MC:$108853k Liq:$4536k Vol:$30.8M H:135171 Trending
[2026-03-14T13:25:36.660Z] [INFO]   [BSC] BORT MC:$2328k Liq:$247k Vol:$0.7M H:16668 Trending
[2026-03-14T13:25:36.660Z] [INFO]   [Base] TOWNS MC:$8772k Liq:$293k Vol:$0.6M H:51021 Trending
[2026-03-14T13:25:36.660Z] [INFO]   [Solana] Punch MC:$7859k Liq:$1215k Vol:$3.2M H:24011 Trending
[2026-03-14T13:25:36.660Z] [INFO]   [BSC] MBOX MC:$10859k Liq:$1354k Vol:$1.0M H:189258 Trending
[2026-03-14T13:25:36.660Z] [INFO]   [BSC] BLESS MC:$1857k Liq:$381k Vol:$1.7M H:5429 Trending+Alpha
[2026-03-14T13:25:36.660Z] [INFO]   [Solana] jellyjelly MC:$60269k Liq:$4634k Vol:$1.0M H:33945 Trending+Alpha
[2026-03-14T13:25:36.660Z] [INFO]   [BSC] TAG MC:$64872k Liq:$2273k Vol:$3.6M H:25867 Trending+Alpha
[2026-03-14T13:25:36.660Z] [INFO]   [BSC] Fight MC:$2357k Liq:$355k Vol:$2.9M H:41514 Trending
[2026-03-14T13:25:36.660Z] [INFO]   [BSC] 我是未来 MC:$1458k Liq:$175k Vol:$0.8M H:37155 Trending
[2026-03-14T13:25:36.660Z] [INFO]   [BSC] B MC:$186375k Liq:$4305k Vol:$1.6M H:69148 Trending+Alpha
[2026-03-14T13:25:36.660Z] [INFO]   [Base] FAI MC:$57228k Liq:$4392k Vol:$1.4M H:107197 Trending
[2026-03-14T13:25:36.660Z] [INFO]   [BSC] DN MC:$2209k Liq:$315k Vol:$0.5M H:39812 Trending+Alpha
[2026-03-14T13:25:36.660Z] [INFO]   [Solana] SOLPUMP MC:$6729k Liq:$796k Vol:$0.5M H:11754 Trending
[2026-03-14T13:25:36.660Z] [INFO]   [BSC] SIREN MC:$437617k Liq:$7309k Vol:$7.7M H:40822 Trending+Alpha
[2026-03-14T13:25:36.660Z] [INFO]   [Base] MOLT MC:$4352k Liq:$2174k Vol:$0.6M H:24916 Trending
[2026-03-14T13:25:36.660Z] [INFO]   [BSC] BAS MC:$23297k Liq:$1190k Vol:$2.2M H:178536 Trending+Alpha
[2026-03-14T13:25:36.660Z] [INFO]   [BSC] Libra MC:$12153k Liq:$786k Vol:$8.9M H:7236 Trending
[2026-03-14T13:25:36.660Z] [INFO]   [Solana] pippin MC:$370438k Liq:$13263k Vol:$4.8M H:41989 Trending+Alpha
